0 12691504 12689612 -1892 0.2545751348642017 0.25455993165950147
1 5903700 5904006 306 0.3729957116293973 0.372997230126727
2 3727190 3726732 -458 0.447758316354141 0.44775732864142365
3 2724295 2724070 -225 0.5024041461182785 0.5024035284650036
4 2150565 2150199 -366 0.5455416950572562 0.5455375904437567
5 1778092 1777756 -336 0.581207917965192 0.5812002604975982
6 1521217 1520988 -229 0.6117215610237858 0.6117120366917735
7 1335348 1335541 193 0.6385069126409497 0.6385036537789203
8 1189953 1189788 -165 0.6623758288432423 0.662371393152614
9 1076233 1076139 -94 0.6839636691118429 0.6839592770292938
10 978000 977925 -75 0.703581082611235 0.703576939190132
11 898659 898576 -83 0.7216070183964601 0.7216028209232275
12 827995 827989 -6 0.7382155258508868 0.7382126923089577
13 767438 767345 -93 0.7536093383060468 0.7536060148754207
14 716913 716796 -117 0.7679896846905966 0.7679852993463567
15 670194 670101 -93 0.7814329084358027 0.781427858879695
16 632944 632867 -77 0.7941289454194012 0.7941234858436679
17 598744 598665 -79 0.8061389746916712 0.8061330036671392
18 566181 566156 -25 0.8174958323527134 0.8174903747726243
19 541077 541059 -18 0.8283491362831946 0.8283442875686781
20 516394 516323 -71 0.8387073311979237 0.838701983894951
21 492237 492148 -89 0.8485809679757359 0.8485747176906226
22 472710 472745 35 0.8580629184208255 0.8580582176504615
23 453261 453252 -9 0.8671547471121833 0.8671506783296795
24 437083 436992 -91 0.8759220660738958 0.8759169553171673
25 423138 423089 -49 0.8844096663942493 0.8844043312058775
26 406281 406224 -57 0.892559137124256 0.8925533868017813
27 392228 392140 -88 0.9004267228727628 0.9004199103488336
28 379797 379723 -74 0.9080449588592951 0.9080373426966107
29 287447 287506 59 0.9138107734381906 0.9138048561329315
30 249066 249036 -30 0.9188067148601125 0.9188006422247958
31 223030 223007 -23 0.9232804078384044 0.9232742736234226
32 204088 204076 -12 0.9273741488264042 0.9273681397411057
33 188504 188433 -71 0.9311552949555346 0.9311481994941063
34 174409 174383 -26 0.9346537136375545 0.9346464092551754
35 163527 163483 -44 0.9379338534916599 0.9379259595918988
36 152480 152461 -19 0.9409924048315242 0.9409844031235639
37 143370 143432 62 0.943868221368751 0.9438617204219798
38 133797 133855 58 0.9465520159229209 0.9465469183344363
39 126957 126850 -107 0.9490986089348252 0.9490915924608798
40 119169 119020 -149 0.9514889847521146 0.9514791928907522
41 112376 112568 192 0.9537431017862739 0.9537373629898102
42 106955 106875 -80 0.955888480580576 0.9558813286757673
43 100512 100494 -18 0.9579046211385012 0.9578972883262428
44 95606 95638 32 0.9598223536896493 0.9598158342001475
45 91284 91246 -38 0.961653392517746 0.9616462743683892
46 84764 84814 50 0.96335364858918 0.9633476854157694
47 80822 80810 -12 0.9649748332454662 0.9649687742305736
48 76897 76874 -23 0.9665172874845896 0.9665109049266416
49 72287 72315 28 0.9679672710936188 0.9679615798139397
50 69389 69419 30 0.9693591245755302 0.9693541595000539
51 65594 65552 -42 0.9706748552719301 0.9706691652417695
52 61874 61824 -50 0.9719159675856943 0.9719093854482594
53 58416 58384 -32 0.9730877168975354 0.9730805975428458
54 55053 55069 16 0.974192008784429 0.9741853090877344
55 53492 53465 -27 0.9752649890328028 0.9752578435943983
56 49262 49259 -3 0.9762531209589859 0.9762460036479613
57 47192 47149 -43 0.9771997313657991 0.9771918360514906
58 45074 44989 -85 0.9781038574354018 0.9780943377801037
59 42098 42231 133 0.9789482887988962 0.9789415126562081
60 40786 40748 -38 0.9797664031414178 0.9797589378143029
61 38119 38135 16 0.980531020917679 0.9805239448920476
62 36378 36298 -80 0.9812607164885183 0.981252100835616
63 34546 34622 76 0.98195366451178 0.981946635385129
64 33354 33376 22 0.9826227025586703 0.9826161745545747
65 31470 31482 12 0.9832539500053226 0.9832477191414781
66 30206 30207 1 0.9838598432488427 0.9838536865938824
67 28949 28922 -27 0.9844405227001657 0.984433876306811
68 27530 27475 -55 0.98499273884908 0.9849850384796454
69 26179 26203 24 0.9855178556875265 0.9855106836994735
70 25811 25869 58 0.9860355909225293 0.9860296287130877
71 24511 24453 -58 0.9865272498410197 0.9865201680620348
72 23209 23216 7 0.9869927923255876 0.9869858925753932
73 22204 22208 4 0.9874381758116209 0.987431396107124
74 21672 21617 -55 0.987872888066589 0.9878650438847458
75 20771 20741 -30 0.9882895274283434 0.9882811186664294
76 19745 19716 -29 0.988685586558758 0.9886766314380255
77 18861 18944 83 0.9890639137939442 0.9890566575054386
78 18022 17985 -37 0.9894254117756273 0.9894174455556087
79 17217 17174 -43 0.9897707624997776 0.9897619645421878
80 16288 16338 50 0.9900974786869741 0.9900897129527343
81 16182 16045 -137 0.9904220686514394 0.9904115836374705
82 14777 14918 141 0.9907184761353663 0.9907108461413593
83 14786 14710 -76 0.9910150641476383 0.9910059360617376
84 14238 14414 176 0.9913006599895651 0.9912950880748125
85 13543 13469 -74 0.9915723150315101 0.9915652829176116
86 12882 12858 -24 0.9918307112694438 0.9918232207963488
87 12588 12588 0 0.9920832102481048 0.9920757423407215
88 12204 12154 -50 0.9923280066840419 0.9923195576291156
89 11700 11794 94 0.9925626935326542 0.992556151138357
90 11068 10936 -132 0.9927847032797006 0.9927755327406178
91 10576 10724 148 0.9929968441438821 0.9929906615173777
92 10581 10593 12 0.9932090853015888 0.9932031623689458
93 10431 10383 -48 0.9934183176535439 0.9934114505160082
94 9829 9778 -51 0.9936154746650833 0.9936076020619945
95 9363 9363 0 0.9938032843200882 0.9937954285014575
96 8940 8861 -79 0.9939826091428741 0.9939731845711022
97 8788 8807 19 0.9941588850424985 0.9941498573738738
98 8318 8295 -23 0.9943257333507683 0.9943162592018506
99 8020 8107 87 0.9944866041649454 0.9944788896562697
100 7860 7824 -36 0.9946442655863209 0.9946358429898551
101 7560 7430 -130 0.9947959093961934 0.9947848924873677
102 7134 7197 63 0.994939008197732 0.9949292678889288
103 6848 6867 19 0.9950763702096377 0.9950670233262664
104 6895 6826 -69 0.995214674980679 0.9952039562832006
105 6439 6491 52 0.9953438329822358 0.9953341689734233
106 6301 6205 -96 0.9954702228825013 0.9954586443613191
107 6282 6233 -49 0.9955962316673717 0.995583681443149
108 5982 6068 86 0.9957162228407391 0.9957054085428673
109 5811 5796 -15 0.9958327839755499 0.9958216791872256
110 5523 5574 51 0.995943568203318 0.9959334964011066
111 5399 5353 -46 0.9960518651516648 0.9960408802450077
112 5021 5062 41 0.996152579909518 0.9961424264840937
113 4993 5030 37 0.9962527330236309 0.996243330787255
114 4831 4738 -93 0.9963496366275323 0.9963383774251036
115 4766 4560 -206 0.9964452364156081 0.9964298532943711
116 4487 4633 146 0.9965352398249862 0.9965227935799668
117 4321 4518 197 0.9966219134893327 0.9966134269083331
118 4305 4194 -111 0.996708266214399 0.996697560635462
119 4054 4027 -27 0.9967895842045079 0.996778344259484
120 3877 4063 186 0.9968673518038302 0.9968598500614212
121 3951 3941 -10 0.9969466037473231 0.9969389084826457
122 3706 3671 -35 0.9970209413080887 0.9970125505695054
123 3595 3632 37 0.9970930523525983 0.9970854102969572
124 3602 3543 -59 0.9971653038080428 0.9971564846401183
125 3314 3372 58 0.9972317783564447 0.9972241286381819
126 3225 3253 28 0.9972964676801006 0.9972893854370256
127 3125 3156 31 0.9973591511332557 0.9973526963675975
128 3093 3030 -63 0.9974211927078503 0.9974134796754661
129 3075 3064 -11 0.9974828732257549 0.9974749450402546
130 2864 2875 11 0.9975403213569024 0.997532618970988
131 2893 2918 25 0.9975983511904952 0.99759115550312
132 3030 2962 -68 0.9976591290666743 0.9976505746971487
133 2837 2811 -26 0.9977160356127865 0.9977069647560326
134 2636 2621 -15 0.9977689103591918 0.9977595433203639
135 2540 2481 -59 0.9978198594699162 0.9978093134150245
136 2429 2421 -8 0.9978685820643846 0.9978578798798264
137 2313 2376 63 0.9979149778490718 0.9979055436222342
138 2322 2408 86 0.9979615541621041 0.9979538493005666
139 2467 2380 -87 0.9980110389873628 0.9980015932849651
140 2328 2335 7 0.9980577356526251 0.9980484345469693
141 2146 2238 92 0.9981007816335757 0.998093329940702
142 2224 2268 44 0.9981453921935171 0.998138827149364
143 2149 2055 -94 0.9981884983505828 0.9981800514720273
144 1943 1945 2 0.9982274724144163 0.9982190691399495
145 1781 1849 68 0.9982631969680384 0.9982561610000976
146 2118 2066 -52 0.9983056813052488 0.998297605988235
147 1813 1790 -23 0.9983420477374312 0.9983335142790221
148 1787 1796 9 0.9983778926432834 0.998369542932795
149 1707 1735 28 0.9984121328527348 0.9984043478962115
150 1765 1765 0 0.9984475364670767 0.9984397546745574
151 1670 1698 28 0.9984810345044428 0.9984738173995609
152 1701 1686 -15 0.9985151543616642 0.9985076393985927
153 1567 1561 -6 0.9985465863524141 0.9985389538354187
154 1609 1583 -26 0.9985788608087746 0.9985707096031929
155 1501 1497 -4 0.9986089689249941 0.9986007401681696
156 1434 1377 -57 0.9986377331079778 0.9986283634734286
157 1447 1430 -17 0.9986667580541266 0.998657049985063
158 1456 1376 -80 0.9986959635286207 0.9986846532298244
159 1390 1305 -85 0.998723845128584 0.9987108321792529
160 1178 1285 107 0.9987474742830853 0.9987366099187285
161 1337 1255 -82 0.9987742927716832 0.9987617858432747
162 1203 1216 13 0.9987984233938098 0.9987861794084127
163 1263 1241 -22 0.9988237575382368 0.9988110744859918
164 1235 1187 -48 0.9988485300389237 0.9988348862966981
165 1068 1136 68 0.998869952735874 0.9988576750220244
166 1121 1148 27 0.9988924385441897 0.9988807044733224
167 1046 1077 31 0.9989134199496298 0.9989023096292876
168 1114 1094 -20 0.9989357653470105 0.9989242558137128
169 1037 1046 9 0.9989565662241054 0.9989452390942509
170 857 1058 201 0.9989737565342987 0.9989664631007608
171 917 988 71 0.9989921503667925 0.9989862828724354
172 1014 1026 12 0.9990124898936722 0.9990068649430206
173 1032 1011 -21 0.9990331904772422 0.9990271461061411
174 978 969 -9 0.9990528078907415 0.9990465847283604
175 1015 997 -18 0.9990731674763262 0.9990665850445138
176 915 868 -47 0.9990915211914101 0.9990839975564709
177 892 878 -14 0.9991094135562786 0.9991016106734044
178 821 803 -18 0.9991258817530915 0.9991177192530145
179 862 847 -15 0.9991431723568098 0.999134710494521
180 860 837 -23 0.999160422843118 0.999151501131051
181 859 817 -42 0.9991776532707213 0.9991678905576281
182 695 732 37 0.999191594070703 0.9991825748419052
183 758 796 38 0.9992067985691002 0.9991985429980318
184 733 705 -28 0.9992215015998723 0.9992126856488724
185 740 747 7 0.9992363450415794 0.9992276708406143
186 826 778 -48 0.9992529135319174 0.9992432779077832
187 665 659 -6 0.9992662525707487 0.9992564977757321
188 595 673 78 0.9992781875002295 0.9992699984906481
189 724 705 -19 0.9992927100026564 0.9992841411414889
190 672 659 -13 0.9993061894524228 0.9992973610094378
191 657 620 -37 0.9993193680216141 0.9993097985179786
192 679 668 -11 0.9993329878823156 0.9993231989304063
193 547 577 30 0.9993439599939559 0.9993347738375483
194 516 569 53 0.9993543102857408 0.9993461882607091
195 560 585 25 0.9993655431605463 0.9993579236518323
196 658 569 -89 0.9993787417884425 0.9993693380749931
197 541 629 88 0.9993895935478527 0.9993819561280126
198 555 553 -2 0.9994007261291331 0.9993930495832111
199 446 511 65 0.9994096723115674 0.9994033004975084
200 496 492 -4 0.9994196214292521 0.9994131702623504
201 445 476 31 0.9994285475529814 0.9994227190592301
202 504 505 1 0.9994386571403062 0.9994328496105415
203 513 500 -13 0.9994489472559762 0.9994428798593646
204 493 489 -4 0.9994588361975459 0.9994526894427137
205 485 487 2 0.9994685646694755 0.9994624589050676
206 496 478 -18 0.9994785137871603 0.9994720478229425
207 387 453 66 0.9994862765059991 0.9994811352283763
208 503 488 -15 0.9994963660346189 0.9994909247512278
209 430 459 29 0.999504991277773 0.9995001325196474
210 428 432 4 0.9995135764035171 0.9995087986546307
211 464 455 -9 0.9995228836426415 0.9995179261810598
212 437 434 -3 0.9995316492967308 0.9995266324370383
213 393 429 36 0.9995395323677996 0.9995352383905286
214 442 424 -18 0.9995483983154138 0.9995437440415307
215 399 416 17 0.9995564017387126 0.9995520892085515
216 356 356 0 0.9995635426376961 0.9995592307457137
217 364 366 2 0.9995708440063196 0.9995665728878522
218 371 380 9 0.9995782857858782 0.999574195876958
219 357 347 -10 0.9995854467435665 0.9995811568696412
220 336 330 -6 0.9995921864684497 0.9995877768338645
221 352 345 -7 0.9995992471326132 0.9995946977055525
222 367 362 -5 0.9996066086773516 0.9996019596057005
223 408 390 -18 0.9996147926289956 0.9996097831997826
224 332 356 24 0.9996214521190587 0.9996169247369446
225 332 330 -2 0.9996281116091219 0.999623544701168
226 301 313 12 0.9996341492793298 0.9996298236369313
227 356 329 -27 0.9996412901783133 0.999636423540657
228 303 287 -16 0.9996473679659311 0.9996421809034814
229 253 259 6 0.9996524428182986 0.9996473765723719
230 208 233 25 0.9996566150289407 0.9996520506683235
231 245 246 1 0.999661529411668 0.9996569855507446
232 289 287 -2 0.9996673263774157 0.999662742913569
233 231 242 11 0.999671959938273 0.9996675975539995
234 278 264 -14 0.9996775362582656 0.9996728935253781
235 282 265 -17 0.9996831928130783 0.9996782095572544
236 230 245 15 0.9996878063152306 0.9996831243791777
237 224 242 18 0.9996922994651527 0.9996879790196082
238 250 274 24 0.9996973141414051 0.9996934755959633
239 251 249 -2 0.9997023488763624 0.9996984706598773
240 274 248 -26 0.9997078449615351 0.9997034456632935
241 246 231 -15 0.9997127794029675 0.9997080796382498
242 186 205 19 0.9997165103220993 0.9997121920402674
243 265 248 -17 0.9997218258789268 0.9997171670436836
244 205 191 -14 0.9997259379134538 0.9997209985987341
245 253 238 -15 0.9997310127658212 0.9997257729971739
246 149 189 40 0.9997340015128676 0.9997295644312292
247 203 198 -5 0.9997380734299846 0.9997335364097631
248 215 218 3 0.9997423860515616 0.99973790959825
249 186 181 -5 0.9997461169706935 0.999741540548324
250 211 208 -3 0.9997503493574504 0.9997457131318345
251 184 192 8 0.9997540401591722 0.9997495647473825
252 164 160 -4 0.9997573297867938 0.9997527744270059
253 206 202 -4 0.9997614618800258 0.9997568266475305
254 176 174 -2 0.9997649922121075 0.9997603171741211
255 219 188 -31 0.9997693850685045 0.9997640885476785
256 162 156 -6 0.9997726345787161 0.9997672179853114
257 162 160 -2 0.9997758840889277 0.9997704276649348
258 157 182 25 0.9997790333056142 0.9997740786755065
259 164 157 -7 0.9997823229332358 0.9997772281736369
260 142 150 8 0.9997851712693472 0.9997802372482839
261 177 158 -19 0.9997887216601339 0.999783406806912
262 163 153 -10 0.9997919912290504 0.9997864760630519
263 176 158 -18 0.999795521561132 0.99978964562168
264 123 132 9 0.9997979887818483 0.9997922936073693
265 124 115 -9 0.9998004760612694 0.9997946005645987
266 149 150 1 0.999803464808316 0.9997976096392457
267 104 136 32 0.9998055509136369 0.9998003378669256
268 167 139 -28 0.9998089007173735 0.9998031262760984
269 104 129 25 0.9998109868226945 0.9998057140802948
270 121 120 -1 0.9998134139260006 0.9998081213400124
271 135 122 -13 0.999816121851177 0.9998105687207253
272 98 114 16 0.9998180876042679 0.9998128556174569
273 135 117 -18 0.9998207955294443 0.9998152026956816
274 109 103 -6 0.9998229819282902 0.9998172689269391
275 133 116 -17 0.9998256497360565 0.9998195959446661
276 132 119 -13 0.9998282974851178 0.999821983143886
277 104 113 9 0.9998303835904387 0.9998242499801201
278 116 108 -8 0.9998327104002199 0.9998264165138658
279 115 111 -4 0.999835017151296 0.9998286432291046
280 83 106 23 0.9998366820238118 0.9998307696418551
281 120 115 -5 0.999839089068413 0.9998330765990845
282 107 106 -1 0.999841235349849 0.9998352030118349
283 117 108 -9 0.9998435822183351 0.9998373695455808
284 106 104 -2 0.9998457084410661 0.999839455837336
285 104 102 -2 0.9998477945463872 0.999841502008096
286 114 111 -3 0.9998500812387582 0.9998437287233347
287 33 89 56 0.9998507431760235 0.9998455141076252
288 97 96 -1 0.9998526888704095 0.9998474399153993
289 100 91 -9 0.9998546947409105 0.9998492654206851
290 106 95 -11 0.9998568209636415 0.9998511711679615
291 87 98 11 0.9998585660709773 0.9998531370967308
292 104 101 -3 0.9998606521762983 0.9998551632069931
293 118 115 -3 0.9998630191034894 0.9998574701642224
294 18 79 61 0.9998633801601796 0.9998590549435366
295 38 76 38 0.99986414239097 0.9998605795413577
296 86 84 -2 0.9998658674396008 0.99986226462316
297 94 85 -9 0.9998677529578717 0.9998639697654599
298 60 62 2 0.9998689564801723 0.999865213516314
299 85 88 3 0.9998706614700981 0.9998669788401069
300 86 88 2 0.9998723865187289 0.9998687441638997
301 87 88 1 0.9998741316260648 0.9998705094876926
302 89 86 -3 0.9998759168508106 0.9998722346904902
303 92 90 -2 0.9998777622516715 0.9998740401352784
304 89 81 -8 0.9998795474764174 0.9998756650355878
305 68 67 -1 0.999880911468358 0.9998770090889301
306 51 73 22 0.9998819344623134 0.9998784735052583
307 87 85 -2 0.9998836795696493 0.9998801786475582
308 64 69 5 0.9998849633267699 0.9998815628218958
309 82 73 -9 0.9998866081405807 0.999883027238224
310 96 77 -19 0.9998885337762616 0.9998845718965427
311 60 84 24 0.9998897372985622 0.999886256978345
312 58 69 11 0.9998909007034528 0.9998876411526826
313 76 72 -4 0.9998924251650335 0.9998890855085132
314 97 88 -9 0.9998943708594195 0.999890850832306
315 71 66 -5 0.9998957950274752 0.9998921748251507
316 53 57 4 0.9998968581388407 0.9998933182735166
317 74 64 -10 0.9998983424830113 0.999894602145366
318 80 75 -5 0.9998999471794121 0.9998961066826894
319 66 70 4 0.9999012710539428 0.9998975109175247
320 60 68 8 0.9999024745762433 0.9998988750313645
321 61 75 14 0.9999036981572489 0.999900379568688
322 62 54 -8 0.9999049417969594 0.9999014628355609
323 69 66 -3 0.9999063258476052 0.9999027868284056
324 53 46 -7 0.9999073889589707 0.9999037096112974
325 57 59 2 0.9999085323051562 0.9999048931806584
326 43 47 4 0.9999093948294716 0.9999058360240479
327 47 44 -3 0.999910337588607 0.9999067186859443
328 66 63 -3 0.9999116614631377 0.9999079824972961
329 43 38 -5 0.9999125239874531 0.9999087447962066
330 20 50 30 0.9999129251615533 0.9999097478210889
331 44 47 3 0.9999138077445737 0.9999106906644784
332 48 44 -4 0.9999147705624142 0.9999115733263747
333 41 45 4 0.9999155929693196 0.9999124760487689
334 37 34 -3 0.999916335141405 0.9999131581056888
335 58 60 2 0.9999174985462955 0.9999143617355476
336 32 45 13 0.9999181404248558 0.9999152644579417
337 27 37 10 0.9999186820098911 0.9999160066963546
338 60 57 -3 0.9999198855321917 0.9999171501447205
339 40 48 8 0.999920687880392 0.9999181130486074
340 44 45 1 0.9999215704634125 0.9999190157710015
341 49 50 1 0.9999225533399579 0.9999200187958839
342 47 44 -3 0.9999234960990934 0.9999209014577803
343 64 57 -7 0.999924779856214 0.9999220449061461
344 28 32 4 0.9999253414999543 0.9999226868420709
345 42 41 -1 0.9999261839655647 0.9999235093224743
346 35 26 -9 0.99992688602024 0.9999240308954132
347 25 34 9 0.9999273874878652 0.9999247129523331
348 25 36 11 0.9999278889554905 0.9999254351302485
349 35 36 1 0.9999285910101658 0.9999261573081637
350 35 44 9 0.9999292930648411 0.9999270399700602
351 39 39 0 0.9999300753543365 0.9999278223294683
352 32 43 11 0.9999307172328968 0.9999286849308671
353 54 38 -16 0.9999318004029674 0.9999294472297777
354 41 39 -2 0.9999326228098727 0.9999302295891859
355 40 38 -2 0.9999334251580732 0.9999309918880964
356 29 27 -2 0.9999340068605184 0.9999315335215329
357 32 38 6 0.9999346487390787 0.9999322958204434
358 39 39 0 0.9999354310285741 0.9999330781798517
359 36 34 -2 0.9999361531419544 0.9999337602367716
360 42 33 -9 0.9999369956075649 0.999934422233194
361 48 47 -1 0.9999379584254053 0.9999353650765833
362 28 32 4 0.9999385200691455 0.9999360070125081
363 16 23 7 0.9999388410084257 0.9999364684039539
364 39 31 -8 0.9999396232979211 0.9999370902793809
365 35 35 0 0.9999403253525965 0.9999377923967986
366 33 36 3 0.9999409872898617 0.9999385145747138
367 32 27 -5 0.9999416291684221 0.9999390562081503
368 29 32 3 0.9999422108708673 0.999939698144075
369 20 25 5 0.9999426120449675 0.9999401996565161
370 40 34 -6 0.9999434143931679 0.9999408817134361
371 40 37 -3 0.9999442167413682 0.999941623951849
372 37 37 0 0.9999449589134537 0.999942366190262
373 22 25 3 0.9999454002049638 0.9999428677027031
374 34 34 0 0.9999460822009342 0.9999435497596231
375 33 30 -3 0.9999467441381995 0.9999441515745525
376 29 27 -2 0.9999473258406448 0.999944693207989
377 15 23 8 0.99994762672122 0.9999451545994348
378 33 24 -9 0.9999482886584853 0.9999456360513783
379 23 20 -3 0.9999487500087004 0.9999460372613312
380 11 18 7 0.9999489706544555 0.9999463983502889
381 25 21 -4 0.9999494721220809 0.9999468196207394
382 31 28 -3 0.9999500939419361 0.9999473813146735
383 21 27 6 0.9999505151747413 0.99994792294811
384 32 32 0 0.9999511570533016 0.9999485648840347
385 26 21 -5 0.9999516785796319 0.9999489861544852
386 11 21 10 0.999951899225387 0.9999494074249359
387 27 25 -2 0.9999524408104222 0.999949908937377
388 22 23 1 0.9999528821019324 0.9999503703288228
389 6 20 14 0.9999530024541625 0.9999507715387758
390 23 27 4 0.9999534638043778 0.9999513131722122
391 29 29 0 0.999954045506823 0.9999518949266439
392 34 28 -6 0.9999547275027934 0.9999524566205781
393 42 28 -14 0.9999555699684037 0.9999530183145122
394 24 24 0 0.9999560513773239 0.9999534997664556
395 32 32 0 0.9999566932558843 0.9999541417023804
396 13 19 6 0.9999569540190494 0.9999545228518356
397 27 26 -1 0.9999574956040846 0.9999550444247745
398 20 19 -1 0.9999578967781848 0.9999554255742298
399 21 19 -2 0.99995831801099 0.999955806723685
400 29 23 -6 0.9999588997134353 0.9999562681151309
401 22 19 -3 0.9999593410049455 0.9999566492645862
402 18 23 5 0.9999597020616358 0.999957110656032
403 9 13 4 0.9999598825899808 0.9999573714425014
404 27 26 -1 0.9999604241750161 0.9999578930154402
405 21 16 -5 0.9999608454078213 0.9999582139834026
406 18 16 -2 0.9999612064645115 0.9999585349513649
407 9 20 11 0.9999613869928565 0.9999589361613178
408 14 12 -2 0.9999616678147266 0.9999591768872896
409 25 12 -13 0.9999621692823519 0.9999594176132613
410 14 19 5 0.999962450104222 0.9999597987627167
411 11 14 3 0.9999626707499771 0.9999600796096837
412 17 16 -1 0.9999630117479623 0.999960400577646
413 15 22 7 0.9999633126285374 0.9999608419085942
414 13 12 -1 0.9999635733917026 0.9999610826345661
415 26 24 -2 0.9999640949180328 0.9999615640865095
416 12 14 2 0.9999643356224929 0.9999618449334766
417 28 26 -2 0.9999648972662332 0.9999623665064153
418 13 21 8 0.9999651580293983 0.999962787776866
419 13 16 3 0.9999654187925634 0.9999631087448283
420 18 17 -1 0.9999657798492536 0.9999634497732883
421 23 19 -4 0.9999662411994689 0.9999638309227435
422 16 22 6 0.999966562138749 0.9999642722536918
423 24 24 0 0.9999670435476692 0.9999647537056353
424 11 12 1 0.9999672641934243 0.999964994431607
425 5 11 6 0.9999673644869493 0.9999652150970811
426 17 18 1 0.9999677054849345 0.9999655761860388
427 9 12 3 0.9999678860132796 0.9999658169120106
428 16 20 4 0.9999682069525597 0.9999662181219635
429 22 20 -2 0.99996864824407 0.9999666193319164
430 23 24 1 0.9999691095942852 0.99996710078386
431 10 13 3 0.9999693101813353 0.9999673615703293
432 10 9 -1 0.9999695107683854 0.9999675421148082
433 19 16 -3 0.9999698918837806 0.9999678630827705
434 18 18 0 0.9999702529404707 0.9999682241717281
435 9 12 3 0.9999704334688159 0.9999684648976999
436 12 14 2 0.999970674173276 0.999968745744667
437 10 14 4 0.9999708747603261 0.999969026591634
438 21 21 0 0.9999712959931313 0.9999694478620845
439 18 12 -6 0.9999716570498214 0.9999696885880563
440 18 10 -8 0.9999720181065116 0.9999698891930328
441 17 21 4 0.9999723591044968 0.9999703104634834
442 8 11 3 0.9999725195741368 0.9999705311289575
443 12 9 -3 0.9999727602785969 0.9999707116734363
444 6 10 4 0.999972880630827 0.9999709122784127
445 16 11 -5 0.9999732015701072 0.9999711329438868
446 2 7 5 0.9999732416875172 0.9999712733673704
447 6 9 3 0.9999733620397473 0.9999714539118492
448 21 19 -2 0.9999737832725525 0.9999718350613045
449 14 13 -1 0.9999740640944226 0.9999720958477739
450 4 9 5 0.9999741443292426 0.9999722763922527
451 13 11 -2 0.9999744050924078 0.9999724970577268
452 11 10 -1 0.9999746257381629 0.9999726976627032
453 8 10 2 0.9999747862078029 0.9999728982676798
454 16 12 -4 0.999975107147083 0.9999731389936515
455 16 15 -1 0.9999754280863632 0.9999734399011162
456 20 18 -2 0.9999758292604635 0.9999738009900738
457 3 9 6 0.9999758894365784 0.9999739815345526
458 12 11 -1 0.9999761301410386 0.9999742022000268
459 14 13 -1 0.9999764109629087 0.9999744629864962
460 4 6 2 0.9999764911977287 0.9999745833494821
461 12 11 -1 0.9999767319021888 0.9999748040149562
462 13 9 -4 0.999976992665354 0.999974984559435
463 19 12 -7 0.9999773737807491 0.9999752252854067
464 6 7 1 0.9999774941329792 0.9999753657088902
465 12 13 1 0.9999777348374393 0.9999756264953596
466 9 6 -3 0.9999779153657844 0.9999757468583456
467 8 16 8 0.9999780758354245 0.9999760678263079
468 9 14 5 0.9999782563637696 0.9999763486732749
469 14 4 -10 0.9999785371856397 0.9999764289152655
470 -1 4 5 0.9999785171269348 0.9999765091572561
471 7 6 -1 0.9999786575378697 0.9999766295202419
472 21 12 -9 0.9999790787706749 0.9999768702462137
473 7 10 3 0.99997921918161 0.9999770708511901
474 9 9 0 0.9999793997099551 0.999977251395669
475 11 11 0 0.9999796203557102 0.9999774720611431
476 2 5 3 0.9999796604731203 0.9999775723636314
477 6 6 0 0.9999797808253503 0.9999776927266172
478 10 6 -4 0.9999799814124004 0.9999778130896031
479 1 4 3 0.9999800014711054 0.9999778933315937
480 4 6 2 0.9999800817059254 0.9999780136945796
481 10 13 3 0.9999802822929755 0.9999782744810489
482 8 9 1 0.9999804427626157 0.9999784550255277
483 8 10 2 0.9999806032322557 0.9999786556305043
484 11 9 -2 0.9999808238780108 0.9999788361749831
485 8 6 -2 0.9999809843476509 0.999978956537969
486 7 7 0 0.9999811247585859 0.9999790969614525
487 5 5 0 0.999981225052111 0.9999791972639407
488 15 10 -5 0.9999815259326862 0.9999793978689172
489 -2 6 8 0.9999814858152761 0.999979518231903
490 8 11 3 0.9999816462849163 0.9999797388973771
491 19 9 -10 0.9999820274003114 0.9999799194418559
492 6 9 3 0.9999821477525415 0.9999800999863347
493 3 6 3 0.9999822079286564 0.9999802203493207
494 13 11 -2 0.9999824686918216 0.9999804410147948
495 9 6 -3 0.9999826492201667 0.9999805613777807
496 -1 5 6 0.9999826291614616 0.9999806616802689
497 4 5 1 0.9999827093962818 0.9999807619827571
498 4 5 1 0.9999827896311018 0.9999808622852453
499 6 10 4 0.9999829099833318 0.9999810628902218
500 13 10 -3 0.9999831707464969 0.9999812634951982
501 5 4 -1 0.9999832710400219 0.9999813437371888
502 9 7 -2 0.9999834515683671 0.9999814841606723
503 7 6 -1 0.9999835919793022 0.9999816045236583
504 -1 4 5 0.9999835719205972 0.9999816847656489
505 11 5 -6 0.9999837925663523 0.9999817850681371
506 8 8 0 0.9999839530359923 0.9999819455521183
507 3 7 4 0.9999840132121074 0.9999820859756018
508 10 9 -1 0.9999842137991575 0.9999822665200806
509 7 11 4 0.9999843542100925 0.9999824871855547
510 8 6 -2 0.9999845146797326 0.9999826075485406
511 0 2 2 0.9999845146797326 0.9999826476695359
512 5 6 1 0.9999846149732576 0.9999827680325217
513 10 6 -4 0.9999848155603077 0.9999828883955076
514 4 5 1 0.9999848957951277 0.9999829886979958
515 6 7 1 0.9999850161473578 0.9999831291214794
516 10 5 -5 0.9999852167344079 0.9999832294239677
517 10 7 -3 0.9999854173214581 0.9999833698474512
518 5 6 1 0.9999855176149831 0.999983490210437
519 -1 3 4 0.9999854975562781 0.99998355039193
520 4 2 -2 0.9999855777910981 0.9999835905129253
521 9 5 -4 0.9999857583194431 0.9999836908154135
522 9 7 -2 0.9999859388477883 0.999983831238897
523 5 8 3 0.9999860391413133 0.9999839917228782
524 13 13 0 0.9999862999044784 0.9999842525093476
525 -3 7 10 0.9999862397283634 0.9999843929328311
526 6 4 -2 0.9999863600805935 0.9999844731748218
527 6 4 -2 0.9999864804328236 0.9999845534168122
528 7 6 -1 0.9999866208437586 0.9999846737797982
529 1 4 3 0.9999866409024636 0.9999847540217888
530 10 10 0 0.9999868414895137 0.9999849546267652
531 8 7 -1 0.9999870019591538 0.9999850950502487
532 2 4 2 0.9999870420765637 0.9999851752922393
533 9 6 -3 0.9999872226049089 0.9999852956552252
534 7 3 -4 0.9999873630158439 0.9999853558367181
535 5 4 -1 0.999987463309369 0.9999854360787087
536 1 1 0 0.999987483368074 0.9999854561392064
537 5 5 0 0.999987583661599 0.9999855564416946
538 4 2 -2 0.9999876638964191 0.9999855965626899
539 6 5 -1 0.9999877842486492 0.9999856968651781
540 4 7 3 0.9999878644834692 0.9999858372886616
541 11 7 -4 0.9999880851292243 0.9999859777121451
542 7 6 -1 0.9999882255401593 0.9999860980751311
543 3 3 0 0.9999882857162744 0.999986158256624
544 3 4 1 0.9999883458923894 0.9999862384986146
545 0 1 1 0.9999883458923894 0.9999862585591123
546 4 3 -1 0.9999884261272095 0.9999863187406052
547 -4 1 5 0.9999883458923894 0.9999863388011028
548 13 9 -4 0.9999886066555546 0.9999865193455816
549 8 9 1 0.9999887671251946 0.9999866998900605
550 6 4 -2 0.9999888874774246 0.999986780132051
551 3 5 2 0.9999889476535397 0.9999868804345393
552 5 3 -2 0.9999890479470648 0.9999869406160322
553 -1 2 3 0.9999890278883597 0.9999869807370275
554 3 7 4 0.9999890880644747 0.999987121160511
555 7 6 -1 0.9999892284754098 0.9999872415234969
556 4 3 -1 0.9999893087102298 0.9999873017049898
557 1 2 1 0.9999893287689349 0.9999873418259851
558 10 6 -4 0.999989529355985 0.999987462188971
559 -1 1 2 0.99998950929728 0.9999874822494687
560 4 4 0 0.9999895895321 0.9999875624914593
561 7 3 -4 0.999989729943035 0.9999876226729522
562 7 3 -4 0.9999898703539701 0.9999876828544452
563 -2 3 5 0.9999898302365602 0.9999877430359381
564 4 4 0 0.9999899104713802 0.9999878232779287
565 1 3 2 0.9999899305300852 0.9999878834594216
566 4 2 -2 0.9999900107649052 0.9999879235804169
567 -5 1 6 0.9999899104713802 0.9999879436409145
568 1 3 2 0.9999899305300852 0.9999880038224075
569 5 2 -3 0.9999900308236103 0.9999880439434028
570 2 2 0 0.9999900709410202 0.9999880840643981
571 3 3 0 0.9999901311171353 0.999988144245891
572 8 5 -3 0.9999902915867753 0.9999882445483792
573 1 1 0 0.9999903116454804 0.9999882646088769
574 -5 5 10 0.9999902113519553 0.9999883649113651
575 3 3 0 0.9999902715280703 0.999988425092858
576 4 4 0 0.9999903517628904 0.9999885053348486
577 4 3 -1 0.9999904319977104 0.9999885655163415
578 1 1 0 0.9999904520564155 0.9999885855768392
579 5 3 -2 0.9999905523499405 0.9999886457583321
580 3 6 3 0.9999906125260555 0.999988766121318
581 4 5 1 0.9999906927608756 0.9999888664238062
582 4 5 1 0.9999907729956956 0.9999889667262944
583 4 5 1 0.9999908532305156 0.9999890670287828
584 7 5 -2 0.9999909936414507 0.999989167331271
585 1 1 0 0.9999910137001558 0.9999891873917686
586 2 3 1 0.9999910538175657 0.9999892475732616
587 5 1 -4 0.9999911541110907 0.9999892676337592
588 -1 1 2 0.9999911340523857 0.9999892876942569
589 9 5 -4 0.9999913145807309 0.9999893879967451
590 0 2 2 0.9999913145807309 0.9999894281177404
591 2 3 1 0.9999913546981408 0.9999894882992333
592 2 1 -1 0.9999913948155509 0.999989508359731
593 2 6 4 0.9999914349329609 0.9999896287227168
594 -2 2 4 0.9999913948155509 0.9999896688437121
595 5 5 0 0.9999914951090759 0.9999897691462003
596 6 4 -2 0.999991615461306 0.9999898493881909
597 0 0 0 0.999991615461306 0.9999898493881909
598 2 3 1 0.999991655578716 0.9999899095696839
599 0 2 2 0.999991655578716 0.9999899496906791
600 8 5 -3 0.9999918160483561 0.9999900499931674
601 4 3 -1 0.9999918962831761 0.9999901101746603
602 1 2 1 0.9999919163418811 0.9999901502956556
603 4 1 -3 0.9999919965767011 0.9999901703561532
604 1 2 1 0.9999920166354062 0.9999902104771485
605 5 2 -3 0.9999921169289312 0.9999902505981438
606 1 2 1 0.9999921369876362 0.9999902907191391
607 0 1 1 0.9999921369876362 0.9999903107796368
608 4 5 1 0.9999922172224562 0.999990411082125
609 3 2 -1 0.9999922773985713 0.9999904512031204
610 3 3 0 0.9999923375746863 0.9999905113846133
611 3 1 -2 0.9999923977508014 0.9999905314451109
612 0 0 0 0.9999923977508014 0.9999905314451109
613 0 0 0 0.9999923977508014 0.9999905314451109
614 -2 1 3 0.9999923576333913 0.9999905515056086
615 0 1 1 0.9999923576333913 0.9999905715661062
616 0 1 1 0.9999923576333913 0.9999905916266039
617 1 1 0 0.9999923776920964 0.9999906116871015
618 1 4 3 0.9999923977508014 0.9999906919290921
619 1 1 0 0.9999924178095063 0.9999907119895898
620 5 4 -1 0.9999925181030315 0.9999907922315803
621 4 4 0 0.9999925983378515 0.9999908724735709
622 0 4 4 0.9999925983378515 0.9999909527155615
623 5 3 -2 0.9999926986313765 0.9999910128970544
624 3 2 -1 0.9999927588074915 0.9999910530180497
625 2 1 -1 0.9999927989249016 0.9999910730785474
626 4 3 -1 0.9999928791597216 0.9999911332600403
627 3 1 -2 0.9999929393358367 0.9999911533205379
628 2 3 1 0.9999929794532466 0.9999912135020309
629 -2 1 3 0.9999929393358367 0.9999912335625285
630 6 2 -4 0.9999930596880667 0.9999912736835238
631 2 2 0 0.9999930998054767 0.9999913138045191
632 -2 2 4 0.9999930596880667 0.9999913539255144
633 -1 0 1 0.9999930396293617 0.9999913539255144
634 5 2 -3 0.9999931399228867 0.9999913940465097
635 -2 1 3 0.9999930998054767 0.9999914141070073
636 3 1 -2 0.9999931599815918 0.999991434167505
637 2 1 -1 0.9999932000990017 0.9999914542280026
638 2 1 -1 0.9999932402164118 0.9999914742885003
639 0 1 1 0.9999932402164118 0.9999914943489979
640 3 4 1 0.9999933003925268 0.9999915745909885
641 2 3 1 0.9999933405099368 0.9999916347724814
642 1 0 -1 0.9999933605686419 0.9999916347724814
643 0 2 2 0.9999933605686419 0.9999916748934767
644 2 2 0 0.9999934006860518 0.999991715014472
645 2 1 -1 0.9999934408034619 0.9999917350749697
646 2 2 0 0.9999934809208719 0.9999917751959649
647 5 2 -3 0.999993581214397 0.9999918153169602
648 1 1 0 0.9999936012731019 0.999991835377458
649 1 5 4 0.9999936213318069 0.9999919356799462
650 4 2 -2 0.999993701566627 0.9999919758009415
651 0 2 2 0.999993701566627 0.9999920159219368
652 7 4 -3 0.999993841977562 0.9999920961639274
653 -1 1 2 0.999993821918857 0.999992116224425
654 2 2 0 0.9999938620362671 0.9999921563454203
655 -1 1 2 0.999993841977562 0.9999921764059179
656 2 3 1 0.9999938820949721 0.9999922365874109
657 5 3 -2 0.9999939823884971 0.9999922967689038
658 4 3 -1 0.9999940626233171 0.9999923569503967
659 4 2 -2 0.9999941428581371 0.999992397071392
660 -1 1 2 0.9999941227994322 0.9999924171318897
661 3 1 -2 0.9999941829755472 0.9999924371923873
662 2 3 1 0.9999942230929573 0.9999924973738803
663 2 3 1 0.9999942632103672 0.9999925575553732
664 2 1 -1 0.9999943033277773 0.9999925776158708
665 2 2 0 0.9999943434451873 0.9999926177368661
666 1 2 1 0.9999943635038923 0.9999926578578614
667 1 1 0 0.9999943835625973 0.9999926779183591
668 2 2 0 0.9999944236800073 0.9999927180393544
669 8 6 -2 0.9999945841496474 0.9999928384023402
670 0 1 1 0.9999945841496474 0.9999928584628379
671 -1 1 2 0.9999945640909425 0.9999928785233355
672 2 3 1 0.9999946042083524 0.9999929387048285
673 6 2 -4 0.9999947245605825 0.9999929788258237
674 0 2 2 0.9999947245605825 0.999993018946819
675 0 3 3 0.9999947245605825 0.999993079128312
676 4 4 0 0.9999948047954025 0.9999931593703025
677 2 2 0 0.9999948449128125 0.9999931994912978
678 1 2 1 0.9999948649715176 0.9999932396122931
679 3 0 -3 0.9999949251476326 0.9999932396122931
680 1 1 0 0.9999949452063376 0.9999932596727908
681 0 2 2 0.9999949452063376 0.9999932997937862
682 -1 1 2 0.9999949251476326 0.9999933198542837
683 3 2 -1 0.9999949853237476 0.999993359975279
684 3 1 -2 0.9999950454998626 0.9999933800357766
685 -3 1 4 0.9999949853237476 0.9999934000962744
686 3 3 0 0.9999950454998626 0.9999934602777673
687 0 3 3 0.9999950454998626 0.9999935204592603
688 3 2 -1 0.9999951056759776 0.9999935605802555
689 2 2 0 0.9999951457933877 0.9999936007012508
690 3 2 -1 0.9999952059695028 0.9999936408222461
691 3 0 -3 0.9999952661456177 0.9999936408222461
692 2 2 0 0.9999953062630278 0.9999936809432414
693 0 2 2 0.9999953062630278 0.9999937210642367
694 0 0 0 0.9999953062630278 0.9999937210642367
695 -1 0 1 0.9999952862043228 0.9999937210642367
696 3 1 -2 0.9999953463804377 0.9999937411247344
697 3 2 -1 0.9999954065565528 0.9999937812457296
698 -2 0 2 0.9999953664391428 0.9999937812457296
699 0 1 1 0.9999953664391428 0.9999938013062273
700 -1 0 1 0.9999953463804377 0.9999938013062273
701 0 0 0 0.9999953463804377 0.9999938013062273
702 2 1 -1 0.9999953864978478 0.9999938213667249
703 2 2 0 0.9999954266152579 0.9999938614877202
704 1 1 0 0.9999954466739628 0.9999938815482179
705 0 0 0 0.9999954466739628 0.9999938815482179
706 2 1 -1 0.9999954867913728 0.9999939016087155
707 0 3 3 0.9999954867913728 0.9999939617902084
708 3 0 -3 0.9999955469674878 0.9999939617902084
709 2 1 -1 0.9999955870848979 0.9999939818507061
710 1 1 0 0.9999956071436029 0.9999940019112037
711 2 1 -1 0.9999956472610129 0.9999940219717014
712 4 2 -2 0.999995727495833 0.9999940620926967
713 -1 0 1 0.999995707437128 0.9999940620926967
714 0 0 0 0.999995707437128 0.9999940620926967
715 0 0 0 0.999995707437128 0.9999940620926967
716 4 4 0 0.999995787671948 0.9999941423346873
717 0 0 0 0.999995787671948 0.9999941423346873
718 2 3 1 0.999995827789358 0.9999942025161802
719 1 0 -1 0.9999958478480631 0.9999942025161802
720 2 1 -1 0.999995887965473 0.9999942225766778
721 -1 2 3 0.999995867906768 0.9999942626976731
722 1 1 0 0.999995887965473 0.9999942827581708
723 1 1 0 0.999995908024178 0.9999943028186684
724 3 2 -1 0.999995968200293 0.9999943429396637
725 -2 0 2 0.9999959280828831 0.9999943429396637
726 2 2 0 0.999995968200293 0.999994383060659
727 1 0 -1 0.999995988258998 0.999994383060659
728 1 2 1 0.9999960083177031 0.9999944231816543
729 3 1 -2 0.9999960684938182 0.9999944432421519
730 0 1 1 0.9999960684938182 0.9999944633026496
731 3 3 0 0.9999961286699331 0.9999945234841425
732 -1 0 1 0.9999961086112281 0.9999945234841425
733 1 0 -1 0.9999961286699331 0.9999945234841425
734 3 3 0 0.9999961888460481 0.9999945836656354
735 0 0 0 0.9999961888460481 0.9999945836656354
736 -2 1 3 0.9999961487286382 0.9999946037261331
737 3 1 -2 0.9999962089047532 0.9999946237866307
738 1 1 0 0.9999962289634582 0.9999946438471284
739 2 1 -1 0.9999962690808682 0.999994663907626
740 2 2 0 0.9999963091982782 0.9999947040286213
741 0 1 1 0.9999963091982782 0.999994724089119
742 1 1 0 0.9999963292569832 0.9999947441496166
743 0 1 1 0.9999963292569832 0.9999947642101142
744 1 1 0 0.9999963493156883 0.999994784270612
745 -1 0 1 0.9999963292569832 0.999994784270612
746 0 0 0 0.9999963292569832 0.999994784270612
747 1 0 -1 0.9999963493156883 0.999994784270612
748 2 2 0 0.9999963894330983 0.9999948243916073
749 1 0 -1 0.9999964094918032 0.9999948243916073
750 3 1 -2 0.9999964696679183 0.9999948444521048
751 1 1 0 0.9999964897266234 0.9999948645126026
752 0 1 1 0.9999964897266234 0.9999948845731002
753 0 0 0 0.9999964897266234 0.9999948845731002
754 -2 0 2 0.9999964496092133 0.9999948845731002
755 1 0 -1 0.9999964696679183 0.9999948845731002
756 1 2 1 0.9999964897266234 0.9999949246940955
757 2 2 0 0.9999965298440333 0.9999949648150908
758 0 1 1 0.9999965298440333 0.9999949848755884
759 0 0 0 0.9999965298440333 0.9999949848755884
760 -2 1 3 0.9999964897266234 0.9999950049360861
761 1 0 -1 0.9999965097853283 0.9999950049360861
762 1 0 -1 0.9999965298440333 0.9999950049360861
763 0 0 0 0.9999965298440333 0.9999950049360861
764 1 0 -1 0.9999965499027383 0.9999950049360861
765 1 1 0 0.9999965699614434 0.9999950249965837
766 -1 0 1 0.9999965499027383 0.9999950249965837
767 1 0 -1 0.9999965699614434 0.9999950249965837
768 1 1 0 0.9999965900201484 0.9999950450570814
769 2 0 -2 0.9999966301375584 0.9999950450570814
770 2 2 0 0.9999966702549684 0.9999950851780767
771 -1 1 2 0.9999966501962634 0.9999951052385743
772 0 0 0 0.9999966501962634 0.9999951052385743
773 1 1 0 0.9999966702549684 0.999995125299072
774 0 2 2 0.9999966702549684 0.9999951654200672
775 0 0 0 0.9999966702549684 0.9999951654200672
776 0 0 0 0.9999966702549684 0.9999951654200672
777 1 1 0 0.9999966903136734 0.9999951854805649
778 0 0 0 0.9999966903136734 0.9999951854805649
779 1 0 -1 0.9999967103723785 0.9999951854805649
780 0 0 0 0.9999967103723785 0.9999951854805649
781 1 3 2 0.9999967304310834 0.9999952456620578
782 1 1 0 0.9999967504897884 0.9999952657225555
783 2 2 0 0.9999967906071985 0.9999953058435508
784 0 1 1 0.9999967906071985 0.9999953259040484
785 0 0 0 0.9999967906071985 0.9999953259040484
786 1 1 0 0.9999968106659035 0.9999953459645461
787 0 1 1 0.9999968106659035 0.9999953660250437
788 0 1 1 0.9999968106659035 0.9999953860855413
789 1 1 0 0.9999968307246084 0.999995406146039
790 2 1 -1 0.9999968708420185 0.9999954262065366
791 -1 0 1 0.9999968507833135 0.9999954262065366
792 2 0 -2 0.9999968909007235 0.9999954262065366
793 -1 0 1 0.9999968708420185 0.9999954262065366
794 1 0 -1 0.9999968909007235 0.9999954262065366
795 -1 0 1 0.9999968708420185 0.9999954262065366
796 0 1 1 0.9999968708420185 0.9999954462670343
797 3 2 -1 0.9999969310181336 0.9999954863880296
798 0 0 0 0.9999969310181336 0.9999954863880296
799 -1 0 1 0.9999969109594286 0.9999954863880296
800 3 2 -1 0.9999969711355435 0.9999955265090249
801 2 1 -1 0.9999970112529536 0.9999955465695225
802 -3 0 3 0.9999969510768385 0.9999955465695225
803 2 2 0 0.9999969911942486 0.9999955866905178
804 1 0 -1 0.9999970112529536 0.9999955866905178
805 0 0 0 0.9999970112529536 0.9999955866905178
806 -1 0 1 0.9999969911942486 0.9999955866905178
807 0 0 0 0.9999969911942486 0.9999955866905178
808 0 0 0 0.9999969911942486 0.9999955866905178
809 1 1 0 0.9999970112529536 0.9999956067510154
810 2 0 -2 0.9999970513703635 0.9999956067510154
811 2 1 -1 0.9999970914877736 0.9999956268115131
812 0 2 2 0.9999970914877736 0.9999956669325084
813 -2 0 2 0.9999970513703635 0.9999956669325084
814 4 4 0 0.9999971316051837 0.999995747174499
815 0 0 0 0.9999971316051837 0.999995747174499
816 1 1 0 0.9999971516638886 0.9999957672349966
817 2 1 -1 0.9999971917812986 0.9999957872954942
818 2 0 -2 0.9999972318987087 0.9999957872954942
819 2 2 0 0.9999972720161187 0.9999958274164895
820 1 0 -1 0.9999972920748237 0.9999958274164895
821 0 0 0 0.9999972920748237 0.9999958274164895
822 -1 1 2 0.9999972720161187 0.9999958474769872
823 0 0 0 0.9999972720161187 0.9999958474769872
824 0 0 0 0.9999972720161187 0.9999958474769872
825 1 1 0 0.9999972920748237 0.9999958675374848
826 0 1 1 0.9999972920748237 0.9999958875979825
827 0 0 0 0.9999972920748237 0.9999958875979825
828 0 0 0 0.9999972920748237 0.9999958875979825
829 2 1 -1 0.9999973321922337 0.9999959076584801
830 1 0 -1 0.9999973522509388 0.9999959076584801
831 2 2 0 0.9999973923683487 0.9999959477794754
832 -1 0 1 0.9999973723096437 0.9999959477794754
833 1 0 -1 0.9999973923683487 0.9999959477794754
834 2 2 0 0.9999974324857588 0.9999959879004707
835 2 1 -1 0.9999974726031687 0.9999960079609683
836 0 2 2 0.9999974726031687 0.9999960480819636
837 2 1 -1 0.9999975127205788 0.9999960681424613
838 0 0 0 0.9999975127205788 0.9999960681424613
839 1 1 0 0.9999975327792838 0.9999960882029589
840 0 3 3 0.9999975327792838 0.9999961483844519
841 1 1 0 0.9999975528379889 0.9999961684449495
842 3 4 1 0.9999976130141038 0.9999962486869401
843 -1 0 1 0.9999975929553988 0.9999962486869401
844 1 1 0 0.9999976130141038 0.9999962687474377
845 0 0 0 0.9999976130141038 0.9999962687474377
846 0 1 1 0.9999976130141038 0.9999962888079355
847 1 1 0 0.9999976330728089 0.999996308868433
848 0 0 0 0.9999976330728089 0.999996308868433
849 0 0 0 0.9999976330728089 0.999996308868433
850 4 1 -3 0.9999977133076289 0.9999963289289308
851 1 2 1 0.9999977333663339 0.9999963690499261
852 1 1 0 0.9999977534250389 0.9999963891104237
853 0 0 0 0.9999977534250389 0.9999963891104237
854 0 0 0 0.9999977534250389 0.9999963891104237
855 0 0 0 0.9999977534250389 0.9999963891104237
856 3 2 -1 0.9999978136011539 0.999996429231419
857 -1 1 2 0.999997793542449 0.9999964492919166
858 2 1 -1 0.999997833659859 0.9999964693524143
859 1 1 0 0.999997853718564 0.9999964894129119
860 0 3 3 0.999997853718564 0.9999965495944049
861 2 1 -1 0.999997893835974 0.9999965696549025
862 0 0 0 0.999997893835974 0.9999965696549025
863 0 0 0 0.999997893835974 0.9999965696549025
864 0 1 1 0.999997893835974 0.9999965897154001
865 3 2 -1 0.999997954012089 0.9999966298363954
866 1 1 0 0.999997974070794 0.9999966498968931
867 2 4 2 0.999998014188204 0.9999967301388837
868 0 1 1 0.999998014188204 0.9999967501993813
869 0 0 0 0.999998014188204 0.9999967501993813
870 1 2 1 0.999998034246909 0.9999967903203766
871 4 2 -2 0.9999981144817292 0.9999968304413719
872 -1 0 1 0.9999980944230241 0.9999968304413719
873 1 0 -1 0.9999981144817292 0.9999968304413719
874 -1 0 1 0.9999980944230241 0.9999968304413719
875 0 0 0 0.9999980944230241 0.9999968304413719
876 2 2 0 0.9999981345404341 0.9999968705623672
877 1 0 -1 0.9999981545991391 0.9999968705623672
878 -1 1 2 0.9999981345404341 0.9999968906228648
879 1 0 -1 0.9999981545991391 0.9999968906228648
880 0 0 0 0.9999981545991391 0.9999968906228648
881 -1 0 1 0.9999981345404341 0.9999968906228648
882 1 3 2 0.9999981545991391 0.9999969508043578
883 0 0 0 0.9999981545991391 0.9999969508043578
884 0 0 0 0.9999981545991391 0.9999969508043578
885 2 2 0 0.9999981947165492 0.999996990925353
886 1 0 -1 0.9999982147752542 0.999996990925353
887 1 0 -1 0.9999982348339591 0.999996990925353
888 2 1 -1 0.9999982749513692 0.9999970109858507
889 0 0 0 0.9999982749513692 0.9999970109858507
890 -1 2 3 0.9999982548926641 0.999997051106846
891 3 1 -2 0.9999983150687792 0.9999970711673436
892 0 0 0 0.9999983150687792 0.9999970711673436
893 -1 0 1 0.9999982950100742 0.9999970711673436
894 0 1 1 0.9999982950100742 0.9999970912278413
895 0 1 1 0.9999982950100742 0.9999971112883389
896 1 1 0 0.9999983150687792 0.9999971313488366
897 -1 1 2 0.9999982950100742 0.9999971514093342
898 2 1 -1 0.9999983351274842 0.9999971714698319
899 1 1 0 0.9999983551861892 0.9999971915303295
900 0 0 0 0.9999983551861892 0.9999971915303295
901 1 1 0 0.9999983752448942 0.9999972115908271
902 2 2 0 0.9999984153623043 0.9999972517118224
903 0 0 0 0.9999984153623043 0.9999972517118224
904 0 0 0 0.9999984153623043 0.9999972517118224
905 3 3 0 0.9999984755384193 0.9999973118933154
906 0 1 1 0.9999984755384193 0.999997331953813
907 1 2 1 0.9999984955971243 0.9999973720748083
908 0 0 0 0.9999984955971243 0.9999973720748083
909 0 0 0 0.9999984955971243 0.9999973720748083
910 0 1 1 0.9999984955971243 0.9999973921353059
911 0 0 0 0.9999984955971243 0.9999973921353059
912 0 0 0 0.9999984955971243 0.9999973921353059
913 0 0 0 0.9999984955971243 0.9999973921353059
914 0 0 0 0.9999984955971243 0.9999973921353059
915 1 1 0 0.9999985156558293 0.9999974121958036
916 2 2 0 0.9999985557732393 0.9999974523167989
917 3 3 0 0.9999986159493544 0.9999975124982918
918 1 1 0 0.9999986360080594 0.9999975325587895
919 1 1 0 0.9999986560667643 0.9999975526192871
920 0 0 0 0.9999986560667643 0.9999975526192871
921 0 0 0 0.9999986560667643 0.9999975526192871
922 3 1 -2 0.9999987162428794 0.9999975726797848
923 0 0 0 0.9999987162428794 0.9999975726797848
924 1 0 -1 0.9999987363015844 0.9999975726797848
925 -1 0 1 0.9999987162428794 0.9999975726797848
926 -1 1 2 0.9999986961841744 0.9999975927402824
927 0 0 0 0.9999986961841744 0.9999975927402824
928 -1 0 1 0.9999986761254693 0.9999975927402824
929 1 1 0 0.9999986961841744 0.99999761280078
930 1 0 -1 0.9999987162428794 0.99999761280078
931 0 0 0 0.9999987162428794 0.99999761280078
932 1 1 0 0.9999987363015844 0.9999976328612777
933 1 1 0 0.9999987563602895 0.9999976529217753
934 0 0 0 0.9999987563602895 0.9999976529217753
935 1 1 0 0.9999987764189944 0.999997672982273
936 0 0 0 0.9999987764189944 0.999997672982273
937 1 1 0 0.9999987964776994 0.9999976930427706
938 1 0 -1 0.9999988165364044 0.9999976930427706
939 0 0 0 0.9999988165364044 0.9999976930427706
940 0 0 0 0.9999988165364044 0.9999976930427706
941 1 1 0 0.9999988365951095 0.9999977131032683
942 0 0 0 0.9999988365951095 0.9999977131032683
943 0 0 0 0.9999988365951095 0.9999977131032683
944 2 1 -1 0.9999988767125194 0.999997733163766
945 0 0 0 0.9999988767125194 0.999997733163766
946 0 0 0 0.9999988767125194 0.999997733163766
947 0 0 0 0.9999988767125194 0.999997733163766
948 0 0 0 0.9999988767125194 0.999997733163766
949 0 0 0 0.9999988767125194 0.999997733163766
950 1 1 0 0.9999988967712244 0.9999977532242637
951 1 0 -1 0.9999989168299295 0.9999977532242637
952 -1 0 1 0.9999988967712244 0.9999977532242637
953 0 0 0 0.9999988967712244 0.9999977532242637
954 1 1 0 0.9999989168299295 0.9999977732847612
955 0 2 2 0.9999989168299295 0.9999978134057566
956 0 0 0 0.9999989168299295 0.9999978134057566
957 1 1 0 0.9999989368886345 0.9999978334662541
958 1 1 0 0.9999989569473395 0.9999978535267519
959 0 1 1 0.9999989569473395 0.9999978735872495
960 0 0 0 0.9999989569473395 0.9999978735872495
961 0 0 0 0.9999989569473395 0.9999978735872495
962 0 0 0 0.9999989569473395 0.9999978735872495
963 0 0 0 0.9999989569473395 0.9999978735872495
964 0 0 0 0.9999989569473395 0.9999978735872495
965 0 0 0 0.9999989569473395 0.9999978735872495
966 2 1 -1 0.9999989970647495 0.9999978936477472
967 2 1 -1 0.9999990371821595 0.9999979137082448
968 1 1 0 0.9999990572408646 0.9999979337687425
969 -1 0 1 0.9999990371821595 0.9999979337687425
970 0 0 0 0.9999990371821595 0.9999979337687425
971 0 0 0 0.9999990371821595 0.9999979337687425
972 1 1 0 0.9999990572408646 0.9999979538292401
973 0 0 0 0.9999990572408646 0.9999979538292401
974 0 0 0 0.9999990572408646 0.9999979538292401
975 0 0 0 0.9999990572408646 0.9999979538292401
976 0 0 0 0.9999990572408646 0.9999979538292401
977 1 0 -1 0.9999990772995696 0.9999979538292401
978 1 1 0 0.9999990973582745 0.9999979738897378
979 0 0 0 0.9999990973582745 0.9999979738897378
980 -1 0 1 0.9999990772995696 0.9999979738897378
981 0 0 0 0.9999990772995696 0.9999979738897378
982 1 0 -1 0.9999990973582745 0.9999979738897378
983 1 1 0 0.9999991174169796 0.9999979939502354
984 0 0 0 0.9999991174169796 0.9999979939502354
985 0 0 0 0.9999991174169796 0.9999979939502354
986 0 1 1 0.9999991174169796 0.999998014010733
987 0 0 0 0.9999991174169796 0.999998014010733
988 -1 0 1 0.9999990973582745 0.999998014010733
989 0 0 0 0.9999990973582745 0.999998014010733
990 0 0 0 0.9999990973582745 0.999998014010733
991 0 0 0 0.9999990973582745 0.999998014010733
992 1 0 -1 0.9999991174169796 0.999998014010733
993 1 0 -1 0.9999991374756846 0.999998014010733
994 0 0 0 0.9999991374756846 0.999998014010733
995 1 0 -1 0.9999991575343896 0.999998014010733
996 0 0 0 0.9999991575343896 0.999998014010733
997 0 0 0 0.9999991575343896 0.999998014010733
998 0 1 1 0.9999991575343896 0.9999980340712307
999 42 0 -42 1.0 0.9999980340712307
1002 0 1 1 1.0 0.9999980541317283
1005 0 1 1 1.0 0.999998074192226
1026 0 1 1 1.0 0.9999980942527236
1036 0 1 1 1.0 0.9999981143132213
1051 0 1 1 1.0 0.9999981343737189
1062 0 1 1 1.0 0.9999981544342166
1064 0 1 1 1.0 0.9999981744947142
1082 0 1 1 1.0 0.9999981945552118
1089 0 1 1 1.0 0.9999982146157095
1097 0 1 1 1.0 0.9999982346762071
1120 0 1 1 1.0 0.9999982547367048
1124 0 1 1 1.0 0.9999982747972024
1136 0 1 1 1.0 0.9999982948577001
1140 0 1 1 1.0 0.9999983149181977
1143 0 1 1 1.0 0.9999983349786954
1155 0 1 1 1.0 0.999998355039193
1170 0 1 1 1.0 0.9999983750996907
1209 0 1 1 1.0 0.9999983951601883
1218 0 1 1 1.0 0.9999984152206859
1269 0 1 1 1.0 0.9999984352811836
1272 0 1 1 1.0 0.9999984553416812
1279 0 1 1 1.0 0.9999984754021789
1308 0 2 2 1.0 0.9999985155231742
1311 0 1 1 1.0 0.9999985355836718
1331 0 1 1 1.0 0.9999985556441695
1385 0 1 1 1.0 0.9999985757046671
1387 0 1 1 1.0 0.9999985957651647
1411 0 1 1 1.0 0.9999986158256624
1436 0 1 1 1.0 0.99999863588616
1439 0 1 1 1.0 0.9999986559466577
1442 0 1 1 1.0 0.9999986760071553
1445 0 1 1 1.0 0.999998696067653
1610 0 1 1 1.0 0.9999987161281506
1637 0 1 1 1.0 0.9999987361886483
1672 0 1 1 1.0 0.9999987562491459
1673 0 1 1 1.0 0.9999987763096436
1714 0 1 1 1.0 0.9999987963701412
1771 0 1 1 1.0 0.9999988164306388
1864 0 1 1 1.0 0.9999988364911365
1897 0 1 1 1.0 0.9999988565516341
2104 0 1 1 1.0 0.9999988766121318
2318 0 1 1 1.0 0.9999988966726294
2470 0 1 1 1.0 0.9999989167331271
2517 0 1 1 1.0 0.9999989367936247
3092 0 1 1 1.0 0.9999989568541224
3545 0 1 1 1.0 0.99999897691462
3727 0 1 1 1.0 0.9999989969751176
3750 0 2 2 1.0 0.9999990370961129
4374 0 1 1 1.0 0.9999990571566106
4557 0 1 1 1.0 0.9999990772171082
5167 0 1 1 1.0 0.9999990972776059
5190 0 1 1 1.0 0.9999991173381035
5191 0 1 1 1.0 0.9999991373986012
5519 0 1 1 1.0 0.9999991574590988
6607 0 1 1 1.0 0.9999991775195965
6630 0 1 1 1.0 0.9999991975800941
6631 0 1 1 1.0 0.9999992176405917
8047 0 1 1 1.0 0.9999992377010894
8069 0 1 1 1.0 0.999999257761587
8071 0 1 1 1.0 0.9999992778220848
8699 0 1 1 1.0 0.9999992978825823
9510 0 2 2 1.0 0.9999993380035777
10950 0 1 1 1.0 0.9999993580640754
10951 0 1 1 1.0 0.999999378124573
12390 0 1 1 1.0 0.9999993981850706
12391 0 1 1 1.0 0.9999994182455683
13830 0 1 1 1.0 0.9999994383060659
13831 0 1 1 1.0 0.9999994583665636
14971 0 1 1 1.0 0.9999994784270612
15270 0 2 2 1.0 0.9999995185480565
16710 0 1 1 1.0 0.9999995386085542
16711 0 1 1 1.0 0.9999995586690518
18150 0 2 2 1.0 0.9999995987900471
19590 0 2 2 1.0 0.9999996389110424
21030 0 2 2 1.0 0.9999996790320377
22470 0 1 1 1.0 0.9999996990925353
22471 0 1 1 1.0 0.999999719153033
23911 0 2 2 1.0 0.9999997592740283
25351 0 2 2 1.0 0.9999997993950235
26791 0 2 2 1.0 0.9999998395160188
28231 0 1 1 1.0 0.9999998595765165
28232 0 1 1 1.0 0.9999998796370141
29670 0 2 2 1.0 0.9999999197580094
31110 0 2 2 1.0 0.9999999598790047
32550 0 1 1 1.0 0.9999999799395024
32551 0 1 1 1.0 1.0
