0 692616 692540 -76 0.25127594148300897 0.25126423053005165
1 321888 321857 -31 0.36805451756569085 0.3680389315519577
2 205389 205399 10 0.4425681215616334 0.4425608677385203
3 150268 150259 -9 0.4970842360821885 0.49707715851625883
4 119199 119193 -6 0.5403287481189205 0.5403222236815467
5 98459 98447 -12 0.5760489421694125 0.5760403189583423
6 84354 84344 -10 0.606651946962628 0.6066416275612052
7 73095 73089 -6 0.6331702701643741 0.6331594479689953
8 65749 65755 6 0.6570235191169919 0.6570163796675305
9 59086 59084 -2 0.6784594811485722 0.6784529693181464
10 54124 54116 -8 0.6980952664276106 0.6980870916783917
11 49980 49978 -2 0.7162276392796971 0.7162198835942823
12 45819 45814 -5 0.7328504322310727 0.7328419118634131
13 43206 43206 0 0.7485252481863999 0.7485177173681946
14 40441 40436 -5 0.7631969426744197 0.7631885240013323
15 37042 37048 6 0.7766355052031712 0.7766301117979612
16 35650 35646 -4 0.789569060468815 0.7895630322956568
17 33708 33699 -9 0.8017980725556125 0.8017895510593849
18 31839 31822 -17 0.8133490253214705 0.8133350651725442
19 30494 30493 -1 0.8244120220752026 0.8243983975166006
20 29254 29247 -7 0.8350251560370862 0.8350096617761559
21 27803 27795 -8 0.8451118779739921 0.8450941179629217
22 26764 26750 -14 0.854821658426438 0.854799431976089
23 25501 25534 33 0.8640732318578318 0.864063562369069
24 24691 24701 10 0.8730309433042277 0.8730254674696015
25 24432 24431 -1 0.8818946914739392 0.8818894123913096
26 22998 23001 3 0.8902381950924323 0.8902345311807249
27 22029 22029 0 0.8982301527066503 0.8982269933263721
28 21563 21555 -8 0.906053048981351 0.9060474809358607
29 16352 16354 2 0.9119854331525659 0.911980965248808
30 14569 14566 -3 0.9172709581642116 0.9172657354886508
31 12911 12911 0 0.9219549730880469 0.9219500461138471
32 11901 11907 6 0.9262725675120701 0.9262700900000073
33 10783 10775 -8 0.9301845598382816 0.9301794267660588
34 9917 9913 -4 0.9337823737953472 0.9337760165908261
35 9394 9387 -7 0.9371904472361736 0.9371817654746243
36 8794 8785 -9 0.9403808451325572 0.9403690994411916
37 8051 8063 12 0.9433016881464057 0.9432944806332726
38 7667 7675 8 0.9460832188118108 0.9460790894202281
39 7157 7154 -3 0.9486797252644396 0.9486746713436001
40 6853 6852 -1 0.9511659427745506 0.9511606829928794
41 6429 6432 3 0.9534983362332553 0.953494312141765
42 6151 6147 -4 0.9557298733563683 0.9557245388796693
43 5596 5597 1 0.9577600606008716 0.9577552171051533
44 5496 5500 4 0.9597539685879678 0.959750702229356
45 5236 5233 -3 0.9616535505058054 0.9616493156211655
46 4754 4757 3 0.9633782664029407 0.9633752288458622
47 4659 4653 -6 0.9650685170055391 0.9650634092609376
48 4362 4365 3 0.9666510182136384 0.9666470988186002
49 4208 4207 -1 0.9681776493653307 0.9681734635308766
50 4012 4006 -6 0.969633173172505 0.9696269023322505
51 3672 3675 3 0.970965347504495 0.9709602492106949
52 3474 3473 -1 0.9722256889068189 0.9722203073627596
53 3305 3310 5 0.9734247183641247 0.9734212265920524
54 3047 3047 0 0.9745301473373201 0.9745267253508607
55 3041 3024 -17 0.9756333995550712 0.975623879353695
56 2641 2653 12 0.9765915347431936 0.976586428814515
57 2728 2731 3 0.9775812328852603 0.9775772778825508
58 2514 2516 2 0.9784932934164757 0.9784901216230042
59 2391 2390 -1 0.9793607304610803 0.9793572506133396
60 2259 2248 -11 0.9801802788859075 0.9801728598059227
61 2028 2033 5 0.9809160222261243 0.9809104636709235
62 2110 2109 -1 0.9816815145574148 0.9816756415121859
63 1623 1613 -10 0.9822703269051326 0.9822608628767929
64 1776 1774 -2 0.9829146465166834 0.9829044975332176
65 1834 1828 -6 0.9835800080975302 0.9835677242254071
66 1619 1635 16 0.9841673692749517 0.984160927530511
67 1485 1485 0 0.9847061162474477 0.9846997085140456
68 1541 1545 4 0.9852651796040918 0.985260258426208
69 1482 1482 0 0.9858028381988655 0.9857979509633114
70 1505 1506 1 0.9863488410228429 0.9863443510718658
71 1395 1395 0 0.9868549366636724 0.986850478662459
72 1175 1179 4 0.9872812179382062 0.9872782381099926
73 1220 1216 -4 0.9877238248785734 0.9877194217301799
74 1222 1217 -5 0.9881671574040886 0.9881609681658444
75 1120 1123 3 0.9885734850870485 0.9885684099466588
76 1059 1061 2 0.98895768242299 0.9889533571678915
77 1052 1047 -5 0.9893393402109131 0.9893332249724441
78 917 924 7 0.9896720210013366 0.9896684664733102
79 1037 1036 -1 0.9900482369006486 0.9900443433076146
80 954 957 3 0.9903943410163126 0.9903915577192258
81 846 845 -1 0.990701263533977 0.9906981367973987
82 855 857 2 0.9910114511848079 0.9910090696612972
83 772 766 -6 0.9912915270519911 0.9912869863167771
84 779 789 10 0.9915741424671927 0.9915732477282309
85 760 757 -3 0.9918498648234869 0.9918478990444166
86 717 717 0 0.992109987099096 0.9921080377415172
87 718 710 -8 0.9923704721672792 0.9923656367302779
88 632 628 -4 0.9925997570740924 0.9925934848499142
89 653 654 1 0.992836660624961 0.9928307661719556
90 609 618 9 0.9930576013025705 0.9930549861368206
91 612 610 -2 0.9932796303579021 0.9932763035778686
92 619 616 -3 0.9935041989612523 0.9934997979117792
93 555 559 4 0.993705548839862 0.9937026117634936
94 528 524 -4 0.9938971033189716 0.9938927270735086
95 516 511 -5 0.9940843042871924 0.9940781257823209
96 441 441 0 0.9942442958123578 0.9942381274077342
97 491 491 0 0.994422426966227 0.9944162698070039
98 441 441 0 0.9945824184913924 0.9945762714324172
99 448 455 7 0.9947449495645764 0.9947413524745105
100 451 443 -8 0.9949085690154825 0.994902079730878
101 421 327 -94 0.9950613046891665 0.9950207203918988
102 198 296 98 0.9951331376188327 0.9951281137731286
103 415 413 -2 0.9952836965370723 0.9952779565651824
104 373 377 4 0.9954190181672009 0.9954147380000595
105 358 358 0 0.9955488979087185 0.9955446259408712
106 339 340 1 0.9956718845913287 0.9956679832030947
107 332 331 -1 0.9957923317259204 0.995788075126024
108 322 317 -5 0.9959091509347714 0.9959030876322734
109 327 334 7 0.9960277841064927 0.9960242680016341
110 301 299 -2 0.9961369846712882 0.9961327498292953
111 241 241 0 0.9962244176816394 0.996220188359283
112 305 307 2 0.9963350694167311 0.9963315727107613
113 285 252 -33 0.9964384653003414 0.9964230022109976
114 302 218 -84 0.996548028657711 0.9965020959850114
115 261 196 -65 0.9966427175195436 0.9965732078185284
116 243 189 -54 0.996730876115043 0.9966417799437055
117 41 191 150 0.9967457506105799 0.9967110776998369
118 252 209 -43 0.9968371743392459 0.9967869061345567
119 250 177 -73 0.9969278724827637 0.9968511244740083
120 -64 131 195 0.9969046537580232 0.996898653301512
121 257 252 -5 0.9969978914495595 0.9969900828017482
122 194 171 -23 0.9970682732089293 0.997052124248337
123 138 171 33 0.9971183385841512 0.9971141656949258
124 179 180 1 0.99718327845491 0.9971794724808088
125 201 198 -3 0.9972561997622983 0.9972513099452802
126 160 163 3 0.9973142465741497 0.997310448868052
127 189 188 -1 0.9973828143706492 0.9973786581777521
128 177 180 3 0.9974470286562599 0.997443964963635
129 162 162 0 0.9975058010532594 0.9975027410709297
130 207 204 -3 0.9975808991160922 0.9975767554282637
131 188 191 3 0.9976491041200176 0.9976460531843951
132 187 186 -1 0.997716946331369 0.9977135368631409
133 161 161 0 0.9977753559357945 0.9977719501549585
134 159 154 -5 0.9978330399550718 0.9978278237384361
135 162 149 -13 0.9978918123520714 0.9978818832445282
136 119 132 13 0.9979349846683858 0.9979297748875091
137 185 182 -3 0.998002101294589 0.9979958073043463
138 144 145 1 0.9980543434252553 0.9980484155485299
139 156 157 1 0.9981109390668105 0.9981053775784389
140 137 138 1 0.9981606416494582 0.9981554461142825
141 132 122 -10 0.9982085302692356 0.9981997096024922
142 127 140 13 0.9982546049261427 0.99825050376929
143 145 133 -12 0.998307209849383 0.9982987582277479
144 115 126 11 0.9983489309954012 0.9983444729778661
145 143 143 0 0.9984008103334935 0.9983963555910953
146 116 116 0 0.9984428942720858 0.9984384421864422
147 104 101 -3 0.9984806246997892 0.998475086549632
148 75 74 -1 0.9985078341428445 0.9985019348949395
149 85 86 1 0.9985386715116406 0.9985331370259725
150 104 103 -1 0.9985764019393439 0.9985705070201166
151 82 82 0 0.9986061509304178 0.9986002578892411
152 80 80 0 0.9986351743363435 0.9986292831274114
153 81 84 3 0.9986645605348433 0.9986597596274901
154 80 77 -3 0.998693583940769 0.9986876964192289
155 77 79 2 0.9987215189689725 0.998716358841922
156 82 77 -5 0.9987512679600464 0.9987442956336609
157 66 69 3 0.998775212269935 0.9987693299015826
158 75 77 2 0.9988024217129905 0.9987972666933215
159 64 62 -2 0.998825640437731 0.9988197612529034
160 67 68 1 0.9988499475401937 0.9988444327053482
161 72 68 -4 0.9988760686055269 0.9988691041577928
162 62 67 5 0.9988985617451194 0.9988934127947604
163 78 76 -2 0.9989268595658969 0.998920986771022
164 40 43 3 0.9989413712688597 0.9989365878365386
165 88 87 -1 0.9989732970153781 0.9989681527830487
166 64 63 -1 0.9989965157401186 0.9989910101581078
167 71 67 -4 0.9990222740128777 0.9990153187950753
168 45 49 4 0.9990385996787109 0.9990330967534545
169 40 38 -2 0.9990531113816737 0.9990468837415855
170 52 52 0 0.9990719765955255 0.9990657501463961
171 48 45 -3 0.9990893906390809 0.9990820768428668
172 48 50 2 0.9991068046826364 0.9991002176167232
173 55 59 4 0.9991267582742103 0.9991216237298737
174 53 53 0 0.999145986280636 0.9991408529501615
175 42 44 2 0.999161223568747 0.9991568168311551
176 45 44 -1 0.9991775492345802 0.9991727807121488
177 38 39 1 0.9991913353523949 0.9991869305157567
178 34 36 2 0.9992036702999134 0.9991999918729333
179 42 43 1 0.9992189075880243 0.9992155929384499
180 34 36 2 0.9992312425355427 0.9992286542956264
181 48 48 0 0.9992486565790982 0.9992460694385286
182 31 33 2 0.9992599031488945 0.9992580423492737
183 47 44 -3 0.9992769543998757 0.9992740062302674
184 40 44 4 0.9992914661028386 0.999289970111261
185 41 40 -1 0.9993063405983755 0.9993044827303461
186 29 30 1 0.9993168615830236 0.99931536719466
187 39 38 -1 0.9993310104934124 0.9993291541827908
188 41 42 1 0.9993458849889494 0.9993443924328301
189 37 37 0 0.99935930831419 0.9993578166054838
190 29 26 -3 0.999369829298838 0.9993672498078892
191 44 44 0 0.9993857921720972 0.9993832136888828
192 36 33 -3 0.9993988527047638 0.999395186599628
193 37 36 -1 0.9994122760300044 0.9994082479568046
194 36 34 -2 0.999425336562671 0.999420583683027
195 21 27 6 0.9994329552067265 0.9994303797009094
196 24 22 -2 0.9994416622285042 0.9994383616414062
197 32 36 4 0.9994532715908745 0.9994514229985828
198 29 28 -1 0.9994637925755225 0.9994615818319424
199 24 23 -1 0.9994724995973002 0.9994699265879163
200 18 20 2 0.9994790298636336 0.9994771828974589
201 37 38 1 0.9994924531888741 0.9994909698855897
202 25 26 1 0.9995015230032259 0.999500403087995
203 28 28 0 0.9995116811953 0.9995105619213547
204 33 28 -5 0.9995236533502443 0.9995207207547142
205 25 25 0 0.9995327231645961 0.9995297911416424
206 19 22 3 0.9995396162235034 0.9995377730821392
207 20 21 1 0.9995468720749848 0.9995453922071589
208 18 20 2 0.9995534023413182 0.9995526485167014
209 25 24 -1 0.99956247215567 0.9995613560881526
210 17 16 -1 0.9995686396294291 0.9995671611357866
211 23 23 0 0.9995769838586328 0.9995755058917606
212 25 23 -2 0.9995860536729846 0.9995838506477345
213 9 12 3 0.9995893188061512 0.99958820443346
214 18 18 0 0.9995958490724846 0.9995947351120483
215 26 25 -1 0.9996052816794103 0.9996038054989765
216 19 21 2 0.9996121747383178 0.9996114246239962
217 19 16 -3 0.9996190677972251 0.9996172296716302
218 9 11 2 0.9996223329303917 0.9996212206418786
219 28 27 -1 0.9996324911224657 0.9996310166597611
220 12 11 -1 0.9996368446333546 0.9996350076300095
221 11 13 2 0.9996408353516694 0.9996397242312122
222 16 18 2 0.9996466400328545 0.9996462549098004
223 21 19 -2 0.99965425867691 0.9996531484038659
224 23 21 -2 0.9996626029061136 0.9996607675288856
225 17 18 1 0.9996687703798729 0.9996672982074739
226 13 14 1 0.9996734866833358 0.9996723776241536
227 18 18 0 0.999680016949669 0.999678908302742
228 17 16 -1 0.9996861844234283 0.999684713350376
229 17 15 -2 0.9996923518971875 0.9996901555825329
230 22 20 -2 0.999700333333817 0.9996974118920755
231 13 15 2 0.99970504963728 0.9997028541242323
232 20 21 1 0.9997123054887614 0.9997104732492521
233 8 10 2 0.999715207829354 0.9997141014040233
234 14 16 2 0.9997202869253909 0.9997199064516574
235 15 14 -1 0.999725728814002 0.9997249858683371
236 24 21 -3 0.9997344358357798 0.9997326049933568
237 12 12 0 0.9997387893466686 0.9997369587790824
238 9 9 0 0.9997420544798352 0.9997402241183765
239 11 8 -3 0.99974604519815 0.9997431266421936
240 7 5 -2 0.9997485847461686 0.9997449407195792
241 6 9 3 0.999750761501613 0.9997482060588734
242 8 7 -1 0.9997536638422055 0.9997507457672132
243 12 12 0 0.9997580173530944 0.9997550995529387
244 11 14 3 0.9997620080714091 0.9997601789696186
245 21 19 -2 0.9997696267154647 0.999767072463684
246 3 4 1 0.9997707150931869 0.9997685237255926
247 12 11 -1 0.9997750686040757 0.9997725146958409
248 14 15 1 0.9997801477001128 0.9997779569279979
249 8 8 0 0.9997830500407053 0.9997808594518148
250 6 9 3 0.9997852267961498 0.999784124791109
251 13 11 -2 0.9997899430996127 0.9997881157613574
252 3 2 -1 0.999791031477335 0.9997888413923116
253 4 6 2 0.9997924826476312 0.9997910182851745
254 10 10 0 0.9997961105733719 0.9997946464399456
255 10 11 1 0.9997997384991126 0.9997986374101941
256 11 9 -2 0.9998037292174274 0.9998019027494882
257 12 9 -3 0.9998080827283162 0.9998051680887824
258 11 10 -1 0.999812073446631 0.9998087962435537
259 4 7 3 0.9998135246169273 0.9998113359518935
260 8 7 -1 0.9998164269575199 0.9998138756602335
261 8 7 -1 0.9998193292981125 0.9998164153685734
262 6 8 2 0.9998215060535569 0.9998193178923904
263 7 9 2 0.9998240456015753 0.9998225832316845
264 11 11 0 0.9998280363198901 0.9998265742019329
265 9 8 -1 0.9998313014530568 0.99982947672575
266 9 8 -1 0.9998345665862235 0.999832379249567
267 0 1 1 0.9998345665862235 0.9998327420650441
268 9 8 -1 0.9998378317193901 0.9998356445888611
269 2 4 2 0.9998385573045383 0.9998370958507696
270 12 8 -4 0.9998429108154271 0.9998399983745867
271 6 6 0 0.9998450875708715 0.9998421752674495
272 6 7 1 0.999847264326316 0.9998447149757893
273 8 6 -2 0.9998501666669085 0.999846891868652
274 0 5 5 0.9998501666669085 0.9998487059460377
275 8 7 -1 0.9998530690075011 0.9998512456543777
276 9 10 1 0.9998563341406678 0.999854873809149
277 6 5 -1 0.9998585108961122 0.9998566878865346
278 7 8 1 0.9998610504441307 0.9998595904103516
279 6 6 0 0.9998632271995751 0.9998617673032143
280 9 8 -1 0.9998664923327417 0.9998646698270314
281 7 8 1 0.9998690318807603 0.9998675723508483
282 1 2 1 0.9998693946733344 0.9998682979818027
283 7 3 -4 0.9998719342213528 0.999869386428234
284 1 5 4 0.9998722970139269 0.9998712005056196
285 13 12 -1 0.9998770133173898 0.9998755542913452
286 3 3 0 0.999878101695112 0.9998766427377765
287 3 2 -1 0.9998791900728342 0.9998773683687309
288 2 2 0 0.9998799156579824 0.9998780939996851
289 8 7 -1 0.9998828179985749 0.9998806337080249
290 0 2 2 0.9998828179985749 0.9998813593389793
291 6 4 -2 0.9998849947540194 0.9998828106008877
292 3 5 2 0.9998860831317415 0.9998846246782733
293 11 12 1 0.9998900738500563 0.9998889784639989
294 6 3 -3 0.9998922506055008 0.9998900669104303
295 2 2 0 0.999892976190649 0.9998907925413846
296 -2 1 3 0.9998922506055008 0.9998911553568617
297 4 4 0 0.9998937017757971 0.9998926066187702
298 3 2 -1 0.9998947901535193 0.9998933322497244
299 -1 1 2 0.9998944273609452 0.9998936950652015
300 8 8 0 0.9998973297015378 0.9998965975890186
301 3 1 -2 0.99989841807926 0.9998969604044957
302 11 10 -1 0.9999024087975747 0.999900588559267
303 3 4 1 0.999903497175297 0.9999020398211755
304 3 2 -1 0.9999045855530192 0.9999027654521297
305 4 4 0 0.9999060367233156 0.9999042167140383
306 5 6 1 0.9999078506861859 0.999906393606901
307 0 2 2 0.9999078506861859 0.9999071192378552
308 4 2 -2 0.9999093018564822 0.9999078448688096
309 5 4 -1 0.9999111158193525 0.9999092961307181
310 3 2 -1 0.9999122041970747 0.9999100217616723
311 -1 2 3 0.9999118414045006 0.9999107473926265
312 5 6 1 0.999913655367371 0.9999129242854894
313 3 3 0 0.9999147437450933 0.9999140127319207
314 3 3 0 0.9999158321228154 0.9999151011783521
315 2 1 -1 0.9999165577079636 0.9999154639938292
316 3 3 0 0.9999176460856858 0.9999165524402606
317 1 1 0 0.9999180088782599 0.9999169152557378
318 4 3 -1 0.9999194600485561 0.9999180037021691
319 3 3 0 0.9999205484262784 0.9999190921486005
320 3 4 1 0.9999216368040006 0.9999205434105091
321 8 5 -3 0.9999245391445931 0.9999223574878947
322 -2 1 3 0.999923813559445 0.9999227203033718
323 1 0 -1 0.9999241763520191 0.9999227203033718
324 -2 0 2 0.999923450766871 0.9999227203033718
325 3 3 0 0.9999245391445931 0.9999238087498031
326 4 4 0 0.9999259903148895 0.9999252600117117
327 4 4 0 0.9999274414851858 0.9999267112736202
328 5 3 -2 0.9999292554480561 0.9999277997200515
329 0 0 0 0.9999292554480561 0.9999277997200515
330 1 2 1 0.9999296182406302 0.9999285253510058
331 2 0 -2 0.9999303438257783 0.9999285253510058
332 2 3 1 0.9999310694109265 0.9999296137974372
333 3 2 -1 0.9999321577886486 0.9999303394283915
334 0 0 0 0.9999321577886486 0.9999303394283915
335 3 3 0 0.9999332461663709 0.9999314278748228
336 -1 0 1 0.9999328833737968 0.9999314278748228
337 0 1 1 0.9999328833737968 0.9999317906903
338 6 5 -1 0.9999350601292413 0.9999336047676857
339 4 3 -1 0.9999365112995375 0.999934693214117
340 0 2 2 0.9999365112995375 0.9999354188450713
341 4 1 -3 0.9999379624698338 0.9999357816605484
342 2 2 0 0.999938688054982 0.9999365072915026
343 -2 0 2 0.9999379624698338 0.9999365072915026
344 2 0 -2 0.999938688054982 0.9999365072915026
345 5 4 -1 0.9999405020178523 0.9999379585534112
346 1 0 -1 0.9999408648104263 0.9999379585534112
347 -3 0 3 0.9999397764327042 0.9999379585534112
348 -1 0 1 0.9999394136401301 0.9999379585534112
349 2 3 1 0.9999401392252782 0.9999390469998425
350 0 0 0 0.9999401392252782 0.9999390469998425
351 1 1 0 0.9999405020178523 0.9999394098153197
352 3 3 0 0.9999415903955745 0.999940498261751
353 4 3 -1 0.9999430415658708 0.9999415867081825
354 -1 0 1 0.9999426787732967 0.9999415867081825
355 2 2 0 0.9999434043584449 0.9999423123391367
356 6 4 -2 0.9999455811138893 0.9999437636010452
357 4 4 0 0.9999470322841856 0.9999452148629537
358 2 1 -1 0.9999477578693338 0.9999455776784308
359 3 1 -2 0.9999488462470559 0.999945940493908
360 1 1 0 0.99994920903963 0.999946303309385
361 -1 1 2 0.9999488462470559 0.9999466661248623
362 -1 0 1 0.9999484834544818 0.9999466661248623
363 1 0 -1 0.9999488462470559 0.9999466661248623
364 2 2 0 0.9999495718322041 0.9999473917558165
365 4 4 0 0.9999510230025004 0.999948843017725
366 0 2 2 0.9999510230025004 0.9999495686486792
367 3 2 -1 0.9999521113802226 0.9999502942796334
368 2 3 1 0.9999528369653707 0.9999513827260649
369 1 1 0 0.9999531997579448 0.999951745541542
370 4 3 -1 0.9999546509282411 0.9999528339879734
371 3 4 1 0.9999557393059633 0.999954285249882
372 2 2 0 0.9999564648911115 0.9999550108808362
373 1 0 -1 0.9999568276836855 0.9999550108808362
374 0 1 1 0.9999568276836855 0.9999553736963133
375 3 2 -1 0.9999579160614077 0.9999560993272676
376 0 1 1 0.9999579160614077 0.9999564621427447
377 1 1 0 0.9999582788539818 0.9999568249582218
378 2 1 -1 0.9999590044391299 0.9999571877736989
379 0 1 1 0.9999590044391299 0.999957550589176
380 -1 0 1 0.9999586416465559 0.999957550589176
381 0 0 0 0.9999586416465559 0.999957550589176
382 2 1 -1 0.999959367231704 0.9999579134046532
383 0 1 1 0.999959367231704 0.9999582762201303
384 2 2 0 0.9999600928168522 0.9999590018510846
385 1 0 -1 0.9999604556094263 0.9999590018510846
386 0 0 0 0.9999604556094263 0.9999590018510846
387 3 1 -2 0.9999615439871484 0.9999593646665617
388 -2 0 2 0.9999608184020002 0.9999593646665617
389 0 0 0 0.9999608184020002 0.9999593646665617
390 0 0 0 0.9999608184020002 0.9999593646665617
391 0 1 1 0.9999608184020002 0.9999597274820389
392 2 2 0 0.9999615439871484 0.9999604531129931
393 2 1 -1 0.9999622695722966 0.9999608159284702
394 0 0 0 0.9999622695722966 0.9999608159284702
395 4 3 -1 0.9999637207425929 0.9999619043749016
396 -2 0 2 0.9999629951574447 0.9999619043749016
397 2 2 0 0.9999637207425929 0.9999626300058558
398 1 0 -1 0.999964083535167 0.9999626300058558
399 -1 0 1 0.9999637207425929 0.9999626300058558
400 0 0 0 0.9999637207425929 0.9999626300058558
401 5 2 -3 0.9999655347054632 0.99996335563681
402 -3 0 3 0.999964446327741 0.99996335563681
403 0 0 0 0.999964446327741 0.99996335563681
404 2 2 0 0.9999651719128891 0.9999640812677644
405 4 1 -3 0.9999666230831854 0.9999644440832415
406 -1 1 2 0.9999662602906113 0.9999648068987186
407 3 3 0 0.9999673486683336 0.99996589534515
408 2 2 0 0.9999680742534818 0.9999666209761042
409 2 0 -2 0.9999687998386299 0.9999666209761042
410 0 0 0 0.9999687998386299 0.9999666209761042
411 -1 1 2 0.9999684370460558 0.9999669837915813
412 1 1 0 0.9999687998386299 0.9999673466070585
413 1 1 0 0.999969162631204 0.9999677094225357
414 0 0 0 0.999969162631204 0.9999677094225357
415 2 1 -1 0.9999698882163521 0.9999680722380128
416 1 1 0 0.9999702510089261 0.9999684350534899
417 1 0 -1 0.9999706138015002 0.9999684350534899
418 -1 0 1 0.9999702510089261 0.9999684350534899
419 0 1 1 0.9999702510089261 0.999968797868967
420 0 0 0 0.9999702510089261 0.999968797868967
421 2 2 0 0.9999709765940743 0.9999695234999213
422 0 0 0 0.9999709765940743 0.9999695234999213
423 0 0 0 0.9999709765940743 0.9999695234999213
424 2 1 -1 0.9999717021792225 0.9999698863153984
425 1 1 0 0.9999720649717965 0.9999702491308755
426 -2 0 2 0.9999713393866484 0.9999702491308755
427 1 1 0 0.9999717021792225 0.9999706119463526
428 1 0 -1 0.9999720649717965 0.9999706119463526
429 0 0 0 0.9999720649717965 0.9999706119463526
430 1 1 0 0.9999724277643706 0.9999709747618298
431 -2 0 2 0.9999717021792225 0.9999709747618298
432 1 0 -1 0.9999720649717965 0.9999709747618298
433 2 2 0 0.9999727905569447 0.999971700392784
434 1 1 0 0.9999731533495188 0.9999720632082612
435 1 0 -1 0.9999735161420928 0.9999720632082612
436 1 1 0 0.9999738789346668 0.9999724260237383
437 -2 0 2 0.9999731533495188 0.9999724260237383
438 2 2 0 0.9999738789346668 0.9999731516546926
439 1 1 0 0.9999742417272409 0.9999735144701697
440 0 0 0 0.9999742417272409 0.9999735144701697
441 5 5 0 0.9999760556901113 0.9999753285475553
442 1 1 0 0.9999764184826854 0.9999756913630324
443 1 1 0 0.9999767812752595 0.9999760541785095
444 1 1 0 0.9999771440678336 0.9999764169939866
445 1 1 0 0.9999775068604075 0.9999767798094639
446 1 0 -1 0.9999778696529816 0.9999767798094639
447 -1 0 1 0.9999775068604075 0.9999767798094639
448 1 0 -1 0.9999778696529816 0.9999767798094639
449 2 1 -1 0.9999785952381298 0.999977142624941
450 0 0 0 0.9999785952381298 0.999977142624941
451 1 0 -1 0.9999789580307039 0.999977142624941
452 -2 0 2 0.9999782324455557 0.999977142624941
453 0 1 1 0.9999782324455557 0.9999775054404181
454 0 0 0 0.9999782324455557 0.9999775054404181
455 0 0 0 0.9999782324455557 0.9999775054404181
456 2 1 -1 0.9999789580307039 0.9999778682558952
457 -2 0 2 0.9999782324455557 0.9999778682558952
458 2 1 -1 0.9999789580307039 0.9999782310713723
459 0 0 0 0.9999789580307039 0.9999782310713723
460 0 0 0 0.9999789580307039 0.9999782310713723
461 0 0 0 0.9999789580307039 0.9999782310713723
462 1 1 0 0.9999793208232779 0.9999785938868495
463 2 1 -1 0.9999800464084261 0.9999789567023266
464 0 0 0 0.9999800464084261 0.9999789567023266
465 1 1 0 0.9999804092010002 0.9999793195178037
466 2 0 -2 0.9999811347861483 0.9999793195178037
467 -1 0 1 0.9999807719935743 0.9999793195178037
468 0 0 0 0.9999807719935743 0.9999793195178037
469 0 0 0 0.9999807719935743 0.9999793195178037
470 1 0 -1 0.9999811347861483 0.9999793195178037
471 0 1 1 0.9999811347861483 0.9999796823332808
472 2 1 -1 0.9999818603712964 0.9999800451487579
473 0 1 1 0.9999818603712964 0.9999804079642352
474 0 0 0 0.9999818603712964 0.9999804079642352
475 -2 0 2 0.9999811347861483 0.9999804079642352
476 0 0 0 0.9999811347861483 0.9999804079642352
477 0 0 0 0.9999811347861483 0.9999804079642352
478 1 1 0 0.9999814975787223 0.9999807707797123
479 1 1 0 0.9999818603712964 0.9999811335951894
480 0 0 0 0.9999818603712964 0.9999811335951894
481 1 1 0 0.9999822231638705 0.9999814964106665
482 1 1 0 0.9999825859564446 0.9999818592261436
483 1 1 0 0.9999829487490186 0.9999822220416208
484 1 1 0 0.9999833115415927 0.9999825848570979
485 0 0 0 0.9999833115415927 0.9999825848570979
486 2 1 -1 0.9999840371267409 0.999982947672575
487 0 0 0 0.9999840371267409 0.999982947672575
488 0 0 0 0.9999840371267409 0.999982947672575
489 0 0 0 0.9999840371267409 0.999982947672575
490 0 0 0 0.9999840371267409 0.999982947672575
491 -1 0 1 0.9999836743341668 0.999982947672575
492 1 1 0 0.9999840371267409 0.9999833104880521
493 0 0 0 0.9999840371267409 0.9999833104880521
494 1 1 0 0.999984399919315 0.9999836733035292
495 0 0 0 0.999984399919315 0.9999836733035292
496 1 1 0 0.999984762711889 0.9999840361190063
497 0 0 0 0.999984762711889 0.9999840361190063
498 0 0 0 0.999984762711889 0.9999840361190063
499 0 0 0 0.999984762711889 0.9999840361190063
500 0 0 0 0.999984762711889 0.9999840361190063
501 0 0 0 0.999984762711889 0.9999840361190063
502 1 1 0 0.9999851255044631 0.9999843989344835
503 -1 0 1 0.999984762711889 0.9999843989344835
504 0 0 0 0.999984762711889 0.9999843989344835
505 1 1 0 0.9999851255044631 0.9999847617499606
506 0 0 0 0.9999851255044631 0.9999847617499606
507 0 0 0 0.9999851255044631 0.9999847617499606
508 2 2 0 0.9999858510896112 0.9999854873809149
509 1 1 0 0.9999862138821853 0.999985850196392
510 0 0 0 0.9999862138821853 0.999985850196392
511 1 1 0 0.9999865766747593 0.9999862130118692
512 2 1 -1 0.9999873022599075 0.9999865758273463
513 -1 0 1 0.9999869394673334 0.9999865758273463
514 0 0 0 0.9999869394673334 0.9999865758273463
515 1 1 0 0.9999873022599075 0.9999869386428234
516 0 0 0 0.9999873022599075 0.9999869386428234
517 0 0 0 0.9999873022599075 0.9999869386428234
518 0 0 0 0.9999873022599075 0.9999869386428234
519 1 0 -1 0.9999876650524816 0.9999869386428234
520 -1 0 1 0.9999873022599075 0.9999869386428234
521 1 1 0 0.9999876650524816 0.9999873014583005
522 1 1 0 0.9999880278450557 0.9999876642737776
523 2 2 0 0.9999887534302038 0.9999883899047319
524 0 0 0 0.9999887534302038 0.9999883899047319
525 0 0 0 0.9999887534302038 0.9999883899047319
526 0 0 0 0.9999887534302038 0.9999883899047319
527 1 0 -1 0.9999891162227779 0.9999883899047319
528 -1 0 1 0.9999887534302038 0.9999883899047319
529 1 0 -1 0.9999891162227779 0.9999883899047319
530 0 0 0 0.9999891162227779 0.9999883899047319
531 -1 0 1 0.9999887534302038 0.9999883899047319
532 0 0 0 0.9999887534302038 0.9999883899047319
533 0 0 0 0.9999887534302038 0.9999883899047319
534 0 0 0 0.9999887534302038 0.9999883899047319
535 2 1 -1 0.999989479015352 0.999988752720209
536 1 0 -1 0.999989841807926 0.999988752720209
537 -1 0 1 0.999989479015352 0.999988752720209
538 0 0 0 0.999989479015352 0.999988752720209
539 0 0 0 0.999989479015352 0.999988752720209
540 0 1 1 0.999989479015352 0.9999891155356861
541 1 1 0 0.999989841807926 0.9999894783511633
542 0 0 0 0.999989841807926 0.9999894783511633
543 0 0 0 0.999989841807926 0.9999894783511633
544 0 0 0 0.999989841807926 0.9999894783511633
545 1 0 -1 0.9999902046005 0.9999894783511633
546 0 0 0 0.9999902046005 0.9999894783511633
547 -1 0 1 0.999989841807926 0.9999894783511633
548 1 1 0 0.9999902046005 0.9999898411666405
549 1 0 -1 0.9999905673930741 0.9999898411666405
550 -1 0 1 0.9999902046005 0.9999898411666405
551 2 3 1 0.9999909301856482 0.9999909296130718
552 2 1 -1 0.9999916557707964 0.9999912924285489
553 1 0 -1 0.9999920185633704 0.9999912924285489
554 -2 0 2 0.9999912929782223 0.9999912924285489
555 1 1 0 0.9999916557707964 0.9999916552440261
556 0 1 1 0.9999916557707964 0.9999920180595032
557 0 0 0 0.9999916557707964 0.9999920180595032
558 2 2 0 0.9999923813559445 0.9999927436904574
559 0 0 0 0.9999923813559445 0.9999927436904574
560 1 1 0 0.9999927441485186 0.9999931065059345
561 0 0 0 0.9999927441485186 0.9999931065059345
562 0 0 0 0.9999927441485186 0.9999931065059345
563 0 0 0 0.9999927441485186 0.9999931065059345
564 1 1 0 0.9999931069410927 0.9999934693214118
565 0 0 0 0.9999931069410927 0.9999934693214118
566 1 0 -1 0.9999934697336668 0.9999934693214118
567 0 0 0 0.9999934697336668 0.9999934693214118
568 0 0 0 0.9999934697336668 0.9999934693214118
569 0 0 0 0.9999934697336668 0.9999934693214118
570 0 0 0 0.9999934697336668 0.9999934693214118
571 0 0 0 0.9999934697336668 0.9999934693214118
572 1 0 -1 0.9999938325262407 0.9999934693214118
573 -1 0 1 0.9999934697336668 0.9999934693214118
574 0 0 0 0.9999934697336668 0.9999934693214118
575 1 1 0 0.9999938325262407 0.9999938321368889
576 0 0 0 0.9999938325262407 0.9999938321368889
577 0 0 0 0.9999938325262407 0.9999938321368889
578 0 0 0 0.9999938325262407 0.9999938321368889
579 0 0 0 0.9999938325262407 0.9999938321368889
580 0 0 0 0.9999938325262407 0.9999938321368889
581 1 1 0 0.9999941953188148 0.999994194952366
582 1 1 0 0.9999945581113889 0.9999945577678431
583 0 0 0 0.9999945581113889 0.9999945577678431
584 0 0 0 0.9999945581113889 0.9999945577678431
585 0 0 0 0.9999945581113889 0.9999945577678431
586 0 0 0 0.9999945581113889 0.9999945577678431
587 0 0 0 0.9999945581113889 0.9999945577678431
588 0 0 0 0.9999945581113889 0.9999945577678431
589 0 0 0 0.9999945581113889 0.9999945577678431
590 0 0 0 0.9999945581113889 0.9999945577678431
591 0 0 0 0.9999945581113889 0.9999945577678431
592 0 0 0 0.9999945581113889 0.9999945577678431
593 0 0 0 0.9999945581113889 0.9999945577678431
594 0 0 0 0.9999945581113889 0.9999945577678431
595 0 0 0 0.9999945581113889 0.9999945577678431
596 1 1 0 0.999994920903963 0.9999949205833202
597 0 0 0 0.999994920903963 0.9999949205833202
598 0 0 0 0.999994920903963 0.9999949205833202
599 1 1 0 0.9999952836965371 0.9999952833987973
600 0 0 0 0.9999952836965371 0.9999952833987973
601 0 0 0 0.9999952836965371 0.9999952833987973
602 0 0 0 0.9999952836965371 0.9999952833987973
603 0 0 0 0.9999952836965371 0.9999952833987973
604 0 0 0 0.9999952836965371 0.9999952833987973
605 1 1 0 0.9999956464891111 0.9999956462142745
606 0 0 0 0.9999956464891111 0.9999956462142745
607 0 0 0 0.9999956464891111 0.9999956462142745
608 0 0 0 0.9999956464891111 0.9999956462142745
609 0 0 0 0.9999956464891111 0.9999956462142745
610 0 0 0 0.9999956464891111 0.9999956462142745
611 1 0 -1 0.9999960092816852 0.9999956462142745
612 0 0 0 0.9999960092816852 0.9999956462142745
613 0 0 0 0.9999960092816852 0.9999956462142745
614 0 0 0 0.9999960092816852 0.9999956462142745
615 -1 0 1 0.9999956464891111 0.9999956462142745
616 0 0 0 0.9999956464891111 0.9999956462142745
617 0 0 0 0.9999956464891111 0.9999956462142745
618 0 0 0 0.9999956464891111 0.9999956462142745
619 0 0 0 0.9999956464891111 0.9999956462142745
620 0 0 0 0.9999956464891111 0.9999956462142745
621 0 0 0 0.9999956464891111 0.9999956462142745
622 0 0 0 0.9999956464891111 0.9999956462142745
623 0 0 0 0.9999956464891111 0.9999956462142745
624 0 0 0 0.9999956464891111 0.9999956462142745
625 0 0 0 0.9999956464891111 0.9999956462142745
626 0 0 0 0.9999956464891111 0.9999956462142745
627 0 0 0 0.9999956464891111 0.9999956462142745
628 0 0 0 0.9999956464891111 0.9999956462142745
629 0 0 0 0.9999956464891111 0.9999956462142745
630 0 0 0 0.9999956464891111 0.9999956462142745
631 0 0 0 0.9999956464891111 0.9999956462142745
632 0 0 0 0.9999956464891111 0.9999956462142745
633 1 0 -1 0.9999960092816852 0.9999956462142745
634 1 1 0 0.9999963720742593 0.9999960090297516
635 0 0 0 0.9999963720742593 0.9999960090297516
636 0 0 0 0.9999963720742593 0.9999960090297516
637 0 0 0 0.9999963720742593 0.9999960090297516
638 0 0 0 0.9999963720742593 0.9999960090297516
639 0 0 0 0.9999963720742593 0.9999960090297516
640 1 1 0 0.9999967348668334 0.9999963718452287
641 0 0 0 0.9999967348668334 0.9999963718452287
642 0 0 0 0.9999967348668334 0.9999963718452287
643 0 0 0 0.9999967348668334 0.9999963718452287
644 0 0 0 0.9999967348668334 0.9999963718452287
645 0 0 0 0.9999967348668334 0.9999963718452287
646 0 0 0 0.9999967348668334 0.9999963718452287
647 1 0 -1 0.9999970976594075 0.9999963718452287
648 -1 0 1 0.9999967348668334 0.9999963718452287
649 0 0 0 0.9999967348668334 0.9999963718452287
650 0 0 0 0.9999967348668334 0.9999963718452287
651 0 0 0 0.9999967348668334 0.9999963718452287
652 0 0 0 0.9999967348668334 0.9999963718452287
653 0 0 0 0.9999967348668334 0.9999963718452287
654 0 0 0 0.9999967348668334 0.9999963718452287
655 0 0 0 0.9999967348668334 0.9999963718452287
656 0 0 0 0.9999967348668334 0.9999963718452287
657 0 0 0 0.9999967348668334 0.9999963718452287
658 0 0 0 0.9999967348668334 0.9999963718452287
659 2 0 -2 0.9999974604519815 0.9999963718452287
660 0 0 0 0.9999974604519815 0.9999963718452287
661 0 0 0 0.9999974604519815 0.9999963718452287
662 0 0 0 0.9999974604519815 0.9999963718452287
663 0 0 0 0.9999974604519815 0.9999963718452287
664 0 0 0 0.9999974604519815 0.9999963718452287
665 0 0 0 0.9999974604519815 0.9999963718452287
666 0 0 0 0.9999974604519815 0.9999963718452287
667 0 0 0 0.9999974604519815 0.9999963718452287
668 0 0 0 0.9999974604519815 0.9999963718452287
669 0 0 0 0.9999974604519815 0.9999963718452287
670 0 0 0 0.9999974604519815 0.9999963718452287
671 0 0 0 0.9999974604519815 0.9999963718452287
672 0 0 0 0.9999974604519815 0.9999963718452287
673 0 0 0 0.9999974604519815 0.9999963718452287
674 0 0 0 0.9999974604519815 0.9999963718452287
675 0 0 0 0.9999974604519815 0.9999963718452287
676 0 0 0 0.9999974604519815 0.9999963718452287
677 0 0 0 0.9999974604519815 0.9999963718452287
678 0 0 0 0.9999974604519815 0.9999963718452287
679 0 0 0 0.9999974604519815 0.9999963718452287
680 0 0 0 0.9999974604519815 0.9999963718452287
681 0 0 0 0.9999974604519815 0.9999963718452287
682 1 0 -1 0.9999978232445556 0.9999963718452287
683 -1 0 1 0.9999974604519815 0.9999963718452287
684 0 0 0 0.9999974604519815 0.9999963718452287
685 0 0 0 0.9999974604519815 0.9999963718452287
686 0 0 0 0.9999974604519815 0.9999963718452287
687 0 0 0 0.9999974604519815 0.9999963718452287
688 0 0 0 0.9999974604519815 0.9999963718452287
689 0 0 0 0.9999974604519815 0.9999963718452287
690 0 0 0 0.9999974604519815 0.9999963718452287
691 0 0 0 0.9999974604519815 0.9999963718452287
692 0 0 0 0.9999974604519815 0.9999963718452287
693 1 1 0 0.9999978232445556 0.9999967346607058
694 0 0 0 0.9999978232445556 0.9999967346607058
695 0 0 0 0.9999978232445556 0.9999967346607058
696 1 0 -1 0.9999981860371296 0.9999967346607058
697 0 0 0 0.9999981860371296 0.9999967346607058
698 -1 0 1 0.9999978232445556 0.9999967346607058
699 0 0 0 0.9999978232445556 0.9999967346607058
700 0 0 0 0.9999978232445556 0.9999967346607058
701 0 0 0 0.9999978232445556 0.9999967346607058
702 0 0 0 0.9999978232445556 0.9999967346607058
703 0 0 0 0.9999978232445556 0.9999967346607058
704 0 0 0 0.9999978232445556 0.9999967346607058
705 0 0 0 0.9999978232445556 0.9999967346607058
706 0 0 0 0.9999978232445556 0.9999967346607058
707 0 0 0 0.9999978232445556 0.9999967346607058
708 0 0 0 0.9999978232445556 0.9999967346607058
709 0 0 0 0.9999978232445556 0.9999967346607058
710 0 0 0 0.9999978232445556 0.9999967346607058
711 0 0 0 0.9999978232445556 0.9999967346607058
712 0 0 0 0.9999978232445556 0.9999967346607058
713 0 0 0 0.9999978232445556 0.9999967346607058
714 0 0 0 0.9999978232445556 0.9999967346607058
715 0 0 0 0.9999978232445556 0.9999967346607058
716 0 0 0 0.9999978232445556 0.9999967346607058
717 0 0 0 0.9999978232445556 0.9999967346607058
718 0 0 0 0.9999978232445556 0.9999967346607058
719 0 0 0 0.9999978232445556 0.9999967346607058
720 0 0 0 0.9999978232445556 0.9999967346607058
721 0 0 0 0.9999978232445556 0.9999967346607058
722 0 0 0 0.9999978232445556 0.9999967346607058
723 0 0 0 0.9999978232445556 0.9999967346607058
724 0 0 0 0.9999978232445556 0.9999967346607058
725 0 0 0 0.9999978232445556 0.9999967346607058
726 0 0 0 0.9999978232445556 0.9999967346607058
727 0 0 0 0.9999978232445556 0.9999967346607058
728 0 0 0 0.9999978232445556 0.9999967346607058
729 0 0 0 0.9999978232445556 0.9999967346607058
730 0 0 0 0.9999978232445556 0.9999967346607058
731 0 0 0 0.9999978232445556 0.9999967346607058
732 0 0 0 0.9999978232445556 0.9999967346607058
733 0 0 0 0.9999978232445556 0.9999967346607058
734 0 0 0 0.9999978232445556 0.9999967346607058
735 0 0 0 0.9999978232445556 0.9999967346607058
736 0 0 0 0.9999978232445556 0.9999967346607058
737 0 0 0 0.9999978232445556 0.9999967346607058
738 0 0 0 0.9999978232445556 0.9999967346607058
739 0 0 0 0.9999978232445556 0.9999967346607058
740 0 0 0 0.9999978232445556 0.9999967346607058
741 0 0 0 0.9999978232445556 0.9999967346607058
742 0 0 0 0.9999978232445556 0.9999967346607058
743 0 0 0 0.9999978232445556 0.9999967346607058
744 0 0 0 0.9999978232445556 0.9999967346607058
745 0 0 0 0.9999978232445556 0.9999967346607058
746 0 0 0 0.9999978232445556 0.9999967346607058
747 0 0 0 0.9999978232445556 0.9999967346607058
748 0 0 0 0.9999978232445556 0.9999967346607058
749 0 0 0 0.9999978232445556 0.9999967346607058
750 0 0 0 0.9999978232445556 0.9999967346607058
751 0 0 0 0.9999978232445556 0.9999967346607058
752 0 0 0 0.9999978232445556 0.9999967346607058
753 0 0 0 0.9999978232445556 0.9999967346607058
754 0 0 0 0.9999978232445556 0.9999967346607058
755 0 0 0 0.9999978232445556 0.9999967346607058
756 0 0 0 0.9999978232445556 0.9999967346607058
757 0 0 0 0.9999978232445556 0.9999967346607058
758 0 0 0 0.9999978232445556 0.9999967346607058
759 0 0 0 0.9999978232445556 0.9999967346607058
760 0 0 0 0.9999978232445556 0.9999967346607058
761 0 0 0 0.9999978232445556 0.9999967346607058
762 1 0 -1 0.9999981860371296 0.9999967346607058
763 -1 0 1 0.9999978232445556 0.9999967346607058
764 0 0 0 0.9999978232445556 0.9999967346607058
765 0 0 0 0.9999978232445556 0.9999967346607058
766 0 0 0 0.9999978232445556 0.9999967346607058
767 0 0 0 0.9999978232445556 0.9999967346607058
768 0 0 0 0.9999978232445556 0.9999967346607058
769 0 0 0 0.9999978232445556 0.9999967346607058
770 0 0 0 0.9999978232445556 0.9999967346607058
771 0 0 0 0.9999978232445556 0.9999967346607058
772 0 0 0 0.9999978232445556 0.9999967346607058
773 0 0 0 0.9999978232445556 0.9999967346607058
774 0 0 0 0.9999978232445556 0.9999967346607058
775 0 0 0 0.9999978232445556 0.9999967346607058
776 0 0 0 0.9999978232445556 0.9999967346607058
777 0 0 0 0.9999978232445556 0.9999967346607058
778 0 0 0 0.9999978232445556 0.9999967346607058
779 0 0 0 0.9999978232445556 0.9999967346607058
780 0 0 0 0.9999978232445556 0.9999967346607058
781 0 0 0 0.9999978232445556 0.9999967346607058
782 0 0 0 0.9999978232445556 0.9999967346607058
783 0 0 0 0.9999978232445556 0.9999967346607058
784 0 0 0 0.9999978232445556 0.9999967346607058
785 0 0 0 0.9999978232445556 0.9999967346607058
786 0 0 0 0.9999978232445556 0.9999967346607058
787 0 0 0 0.9999978232445556 0.9999967346607058
788 0 0 0 0.9999978232445556 0.9999967346607058
789 0 0 0 0.9999978232445556 0.9999967346607058
790 0 0 0 0.9999978232445556 0.9999967346607058
791 1 0 -1 0.9999981860371296 0.9999967346607058
792 0 0 0 0.9999981860371296 0.9999967346607058
793 0 0 0 0.9999981860371296 0.9999967346607058
794 0 0 0 0.9999981860371296 0.9999967346607058
795 0 0 0 0.9999981860371296 0.9999967346607058
796 -1 0 1 0.9999978232445556 0.9999967346607058
797 0 0 0 0.9999978232445556 0.9999967346607058
798 0 0 0 0.9999978232445556 0.9999967346607058
799 0 0 0 0.9999978232445556 0.9999967346607058
800 0 0 0 0.9999978232445556 0.9999967346607058
801 0 0 0 0.9999978232445556 0.9999967346607058
802 0 0 0 0.9999978232445556 0.9999967346607058
803 0 0 0 0.9999978232445556 0.9999967346607058
804 0 0 0 0.9999978232445556 0.9999967346607058
805 0 0 0 0.9999978232445556 0.9999967346607058
806 0 0 0 0.9999978232445556 0.9999967346607058
807 0 0 0 0.9999978232445556 0.9999967346607058
808 0 0 0 0.9999978232445556 0.9999967346607058
809 0 0 0 0.9999978232445556 0.9999967346607058
810 0 0 0 0.9999978232445556 0.9999967346607058
811 0 0 0 0.9999978232445556 0.9999967346607058
812 0 0 0 0.9999978232445556 0.9999967346607058
813 0 0 0 0.9999978232445556 0.9999967346607058
814 0 0 0 0.9999978232445556 0.9999967346607058
815 0 0 0 0.9999978232445556 0.9999967346607058
816 0 0 0 0.9999978232445556 0.9999967346607058
817 0 0 0 0.9999978232445556 0.9999967346607058
818 -1 0 1 0.9999974604519815 0.9999967346607058
819 1 1 0 0.9999978232445556 0.9999970974761829
820 0 0 0 0.9999978232445556 0.9999970974761829
821 0 0 0 0.9999978232445556 0.9999970974761829
822 0 0 0 0.9999978232445556 0.9999970974761829
823 0 0 0 0.9999978232445556 0.9999970974761829
824 0 0 0 0.9999978232445556 0.9999970974761829
825 0 0 0 0.9999978232445556 0.9999970974761829
826 0 0 0 0.9999978232445556 0.9999970974761829
827 0 0 0 0.9999978232445556 0.9999970974761829
828 0 0 0 0.9999978232445556 0.9999970974761829
829 0 0 0 0.9999978232445556 0.9999970974761829
830 0 0 0 0.9999978232445556 0.9999970974761829
831 0 0 0 0.9999978232445556 0.9999970974761829
832 0 0 0 0.9999978232445556 0.9999970974761829
833 0 0 0 0.9999978232445556 0.9999970974761829
834 0 0 0 0.9999978232445556 0.9999970974761829
835 0 0 0 0.9999978232445556 0.9999970974761829
836 0 0 0 0.9999978232445556 0.9999970974761829
837 0 0 0 0.9999978232445556 0.9999970974761829
838 0 0 0 0.9999978232445556 0.9999970974761829
839 0 0 0 0.9999978232445556 0.9999970974761829
840 0 0 0 0.9999978232445556 0.9999970974761829
841 0 0 0 0.9999978232445556 0.9999970974761829
842 0 0 0 0.9999978232445556 0.9999970974761829
843 0 0 0 0.9999978232445556 0.9999970974761829
844 0 0 0 0.9999978232445556 0.9999970974761829
845 0 0 0 0.9999978232445556 0.9999970974761829
846 0 0 0 0.9999978232445556 0.9999970974761829
847 0 0 0 0.9999978232445556 0.9999970974761829
848 0 0 0 0.9999978232445556 0.9999970974761829
849 0 0 0 0.9999978232445556 0.9999970974761829
850 0 0 0 0.9999978232445556 0.9999970974761829
851 0 0 0 0.9999978232445556 0.9999970974761829
852 0 0 0 0.9999978232445556 0.9999970974761829
853 0 0 0 0.9999978232445556 0.9999970974761829
854 0 0 0 0.9999978232445556 0.9999970974761829
855 0 0 0 0.9999978232445556 0.9999970974761829
856 0 0 0 0.9999978232445556 0.9999970974761829
857 0 0 0 0.9999978232445556 0.9999970974761829
858 0 0 0 0.9999978232445556 0.9999970974761829
859 0 0 0 0.9999978232445556 0.9999970974761829
860 1 1 0 0.9999981860371296 0.9999974602916601
861 0 0 0 0.9999981860371296 0.9999974602916601
862 1 0 -1 0.9999985488297037 0.9999974602916601
863 -1 0 1 0.9999981860371296 0.9999974602916601
864 0 0 0 0.9999981860371296 0.9999974602916601
865 0 0 0 0.9999981860371296 0.9999974602916601
866 0 0 0 0.9999981860371296 0.9999974602916601
867 0 0 0 0.9999981860371296 0.9999974602916601
868 -1 0 1 0.9999978232445556 0.9999974602916601
869 0 0 0 0.9999978232445556 0.9999974602916601
870 1 1 0 0.9999981860371296 0.9999978231071373
871 0 0 0 0.9999981860371296 0.9999978231071373
872 0 0 0 0.9999981860371296 0.9999978231071373
873 0 0 0 0.9999981860371296 0.9999978231071373
874 0 0 0 0.9999981860371296 0.9999978231071373
875 0 0 0 0.9999981860371296 0.9999978231071373
876 0 0 0 0.9999981860371296 0.9999978231071373
877 0 0 0 0.9999981860371296 0.9999978231071373
878 0 0 0 0.9999981860371296 0.9999978231071373
879 0 0 0 0.9999981860371296 0.9999978231071373
880 0 0 0 0.9999981860371296 0.9999978231071373
881 0 0 0 0.9999981860371296 0.9999978231071373
882 0 0 0 0.9999981860371296 0.9999978231071373
883 0 0 0 0.9999981860371296 0.9999978231071373
884 0 0 0 0.9999981860371296 0.9999978231071373
885 0 0 0 0.9999981860371296 0.9999978231071373
886 0 0 0 0.9999981860371296 0.9999978231071373
887 0 0 0 0.9999981860371296 0.9999978231071373
888 0 0 0 0.9999981860371296 0.9999978231071373
889 0 0 0 0.9999981860371296 0.9999978231071373
890 0 0 0 0.9999981860371296 0.9999978231071373
891 0 0 0 0.9999981860371296 0.9999978231071373
892 0 0 0 0.9999981860371296 0.9999978231071373
893 0 0 0 0.9999981860371296 0.9999978231071373
894 0 0 0 0.9999981860371296 0.9999978231071373
895 0 0 0 0.9999981860371296 0.9999978231071373
896 0 0 0 0.9999981860371296 0.9999978231071373
897 0 0 0 0.9999981860371296 0.9999978231071373
898 0 0 0 0.9999981860371296 0.9999978231071373
899 0 0 0 0.9999981860371296 0.9999978231071373
900 0 0 0 0.9999981860371296 0.9999978231071373
901 0 0 0 0.9999981860371296 0.9999978231071373
902 0 0 0 0.9999981860371296 0.9999978231071373
903 0 0 0 0.9999981860371296 0.9999978231071373
904 0 0 0 0.9999981860371296 0.9999978231071373
905 0 0 0 0.9999981860371296 0.9999978231071373
906 1 1 0 0.9999985488297037 0.9999981859226144
907 0 0 0 0.9999985488297037 0.9999981859226144
908 0 0 0 0.9999985488297037 0.9999981859226144
909 0 0 0 0.9999985488297037 0.9999981859226144
910 0 0 0 0.9999985488297037 0.9999981859226144
911 0 0 0 0.9999985488297037 0.9999981859226144
912 0 0 0 0.9999985488297037 0.9999981859226144
913 0 0 0 0.9999985488297037 0.9999981859226144
914 0 0 0 0.9999985488297037 0.9999981859226144
915 0 0 0 0.9999985488297037 0.9999981859226144
916 0 0 0 0.9999985488297037 0.9999981859226144
917 0 0 0 0.9999985488297037 0.9999981859226144
918 0 0 0 0.9999985488297037 0.9999981859226144
919 1 1 0 0.9999989116222778 0.9999985487380915
920 0 0 0 0.9999989116222778 0.9999985487380915
921 0 0 0 0.9999989116222778 0.9999985487380915
922 1 0 -1 0.9999992744148518 0.9999985487380915
923 0 0 0 0.9999992744148518 0.9999985487380915
924 0 0 0 0.9999992744148518 0.9999985487380915
925 0 0 0 0.9999992744148518 0.9999985487380915
926 0 0 0 0.9999992744148518 0.9999985487380915
927 -1 0 1 0.9999989116222778 0.9999985487380915
928 0 0 0 0.9999989116222778 0.9999985487380915
929 0 0 0 0.9999989116222778 0.9999985487380915
930 0 0 0 0.9999989116222778 0.9999985487380915
931 0 0 0 0.9999989116222778 0.9999985487380915
932 0 0 0 0.9999989116222778 0.9999985487380915
933 0 0 0 0.9999989116222778 0.9999985487380915
934 0 0 0 0.9999989116222778 0.9999985487380915
935 0 0 0 0.9999989116222778 0.9999985487380915
936 0 0 0 0.9999989116222778 0.9999985487380915
937 0 0 0 0.9999989116222778 0.9999985487380915
938 0 0 0 0.9999989116222778 0.9999985487380915
939 0 0 0 0.9999989116222778 0.9999985487380915
940 0 0 0 0.9999989116222778 0.9999985487380915
941 0 0 0 0.9999989116222778 0.9999985487380915
942 0 0 0 0.9999989116222778 0.9999985487380915
943 0 0 0 0.9999989116222778 0.9999985487380915
944 0 0 0 0.9999989116222778 0.9999985487380915
945 0 0 0 0.9999989116222778 0.9999985487380915
946 0 0 0 0.9999989116222778 0.9999985487380915
947 0 0 0 0.9999989116222778 0.9999985487380915
948 0 0 0 0.9999989116222778 0.9999985487380915
949 0 0 0 0.9999989116222778 0.9999985487380915
950 0 0 0 0.9999989116222778 0.9999985487380915
951 0 0 0 0.9999989116222778 0.9999985487380915
952 0 0 0 0.9999989116222778 0.9999985487380915
953 0 0 0 0.9999989116222778 0.9999985487380915
954 0 0 0 0.9999989116222778 0.9999985487380915
955 0 0 0 0.9999989116222778 0.9999985487380915
956 0 0 0 0.9999989116222778 0.9999985487380915
957 0 0 0 0.9999989116222778 0.9999985487380915
958 0 0 0 0.9999989116222778 0.9999985487380915
959 0 0 0 0.9999989116222778 0.9999985487380915
960 0 0 0 0.9999989116222778 0.9999985487380915
961 0 0 0 0.9999989116222778 0.9999985487380915
962 0 0 0 0.9999989116222778 0.9999985487380915
963 0 0 0 0.9999989116222778 0.9999985487380915
964 0 0 0 0.9999989116222778 0.9999985487380915
965 0 0 0 0.9999989116222778 0.9999985487380915
966 0 0 0 0.9999989116222778 0.9999985487380915
967 0 0 0 0.9999989116222778 0.9999985487380915
968 0 0 0 0.9999989116222778 0.9999985487380915
969 0 0 0 0.9999989116222778 0.9999985487380915
970 0 0 0 0.9999989116222778 0.9999985487380915
971 0 0 0 0.9999989116222778 0.9999985487380915
972 0 0 0 0.9999989116222778 0.9999985487380915
973 0 0 0 0.9999989116222778 0.9999985487380915
974 0 0 0 0.9999989116222778 0.9999985487380915
975 0 0 0 0.9999989116222778 0.9999985487380915
976 0 0 0 0.9999989116222778 0.9999985487380915
977 0 0 0 0.9999989116222778 0.9999985487380915
978 0 0 0 0.9999989116222778 0.9999985487380915
979 0 0 0 0.9999989116222778 0.9999985487380915
980 0 0 0 0.9999989116222778 0.9999985487380915
981 0 0 0 0.9999989116222778 0.9999985487380915
982 0 0 0 0.9999989116222778 0.9999985487380915
983 0 0 0 0.9999989116222778 0.9999985487380915
984 0 0 0 0.9999989116222778 0.9999985487380915
985 0 0 0 0.9999989116222778 0.9999985487380915
986 0 0 0 0.9999989116222778 0.9999985487380915
987 0 0 0 0.9999989116222778 0.9999985487380915
988 0 0 0 0.9999989116222778 0.9999985487380915
989 0 0 0 0.9999989116222778 0.9999985487380915
990 0 0 0 0.9999989116222778 0.9999985487380915
991 0 0 0 0.9999989116222778 0.9999985487380915
992 0 0 0 0.9999989116222778 0.9999985487380915
993 1 0 -1 0.9999992744148518 0.9999985487380915
994 0 0 0 0.9999992744148518 0.9999985487380915
995 0 0 0 0.9999992744148518 0.9999985487380915
996 0 0 0 0.9999992744148518 0.9999985487380915
997 0 0 0 0.9999992744148518 0.9999985487380915
998 1 1 0 0.9999996372074259 0.9999989115535686
1137 1 0 -1 1.0 0.9999989115535686
1272 0 1 1 1.0 0.9999992743690458
31110 0 2 2 1.0 1.0
