0 682584 682582 -2 0.2497432443161591 0.24974196430564158
1 318181 318187 6 0.36615903375710673 0.3661596934524975
2 202436 202432 -4 0.44022614257651355 0.4402251761612704
3 148724 148725 1 0.4946411512313845 0.49464043123883844
4 118356 118344 -12 0.5379451422775903 0.5379399366810957
5 98292 98298 6 0.5739081343347201 0.5739050450597462
6 83661 83657 -4 0.6045179487498459 0.6045133287647325
7 73179 73176 -3 0.6312926180591356 0.6312868416613949
8 64744 64752 8 0.6549810968544273 0.654978195480744
9 59280 59283 3 0.6766704120494245 0.6766685606968372
10 53952 53954 2 0.6964103232066525 0.6964091602762967
11 49173 49174 1 0.7144016979718953 0.7144008614239472
12 45894 45894 0 0.7311933550494797 0.7311924816393105
13 42362 42362 0 0.7466927270179423 0.746691819582467
14 39832 39831 -1 0.7612664247717738 0.7612651194647639
15 37512 37513 1 0.7749912829295796 0.7749903133711334
16 35308 35309 1 0.7879097434711613 0.7879091114315392
17 33871 33869 -2 0.8003024356939977 0.8003010446924043
18 31947 31945 -2 0.811991176458751 0.8119890280405495
19 30587 30588 1 0.8231823215982479 0.8231805144907943
20 28789 28786 -3 0.833715616050825 0.8337126881849471
21 27777 27779 2 0.8438786408175496 0.8438764223977544
22 26711 26714 3 0.853651638425066 0.8536504961859013
23 25580 25582 2 0.8630108267295198 0.863010395701076
24 24532 24526 -6 0.8719865736992174 0.8719839276965874
25 24172 24164 -8 0.8808306041798765 0.8808250117355475
26 23222 23233 11 0.8893270494811285 0.8893254630464713
27 22101 22102 1 0.8974133442706803 0.8974121059627558
28 21365 21361 -4 0.9052303520159758 0.9052276330342766
29 16764 16767 3 0.9113639498555326 0.9113623150439292
30 14472 14471 -1 0.9166589527148781 0.9166569404009807
31 12584 12581 -3 0.9212631757650441 0.921260055708635
32 11695 11683 -12 0.9255421322631124 0.9255346122732423
33 10951 10947 -4 0.9295488746838347 0.929539882384751
34 10002 9993 -9 0.9332083978042861 0.9331961045665641
35 9312 9301 -11 0.9366154643207472 0.936599138941931
36 8692 8732 40 0.9397956857727532 0.9397939885458129
37 8269 8267 -2 0.942821140350139 0.9428187047248431
38 7728 7725 -3 0.9456486543148309 0.9456451148473793
39 7022 7024 2 0.9482178576093531 0.9482150442584726
40 6818 6819 1 0.9507124215600867 0.9507099686112979
41 6036 6036 0 0.9529208680262979 0.9529184102293727
42 6232 6233 1 0.9552010268032078 0.9551989298790516
43 5776 5774 -2 0.9573143446940025 0.9573115113738768
44 5340 5339 -1 0.9592681392814061 0.9592649357938408
45 5147 5143 -4 0.9611513191955195 0.9611466480605338
46 4590 4593 3 0.9628307044307598 0.962827127244069
47 4586 4585 -1 0.9645086261494551 0.9645046794009401
48 4488 4489 1 0.966150691712801 0.9661471072378418
49 4043 4048 5 0.9676299410605299 0.967628182729884
50 3891 3890 -1 0.9690535767795538 0.9690514494453102
51 3693 3694 1 0.9704047684296065 0.9704030040074654
52 3433 3427 -6 0.9716608315042425 0.9716568690547057
53 3299 3303 4 0.9728678667746254 0.9728653651886524
54 3245 3241 -4 0.9740551445716525 0.9740511768659521
55 2935 2931 -4 0.9751289998364521 0.9751235662600173
56 2809 2816 7 0.9761567543300881 0.9761538796457858
57 2770 2769 -1 0.9771702395374117 0.9771669967499028
58 2475 2473 -2 0.978075790399551 0.9780718138674473
59 2182 2184 2 0.9788741386747785 0.9788708921467508
60 2346 2346 0 0.9797324911283456 0.9797292427160027
61 2175 2174 -1 0.9805282782496195 0.980524662211976
62 2134 2133 -1 0.9813090643263086 0.9813050806962957
63 1944 1943 -1 0.9820203333671161 0.9820159822973428
64 1864 1864 0 0.9827023320770263 0.9826979795100816
65 1748 1751 3 0.9833418888071352 0.9833386324711898
66 1733 1732 -1 0.9839759573502008 0.9839723337439708
67 1666 1650 -16 0.9845855119911399 0.9845760329934445
68 1621 1613 -8 0.9851786020709491 0.9851661947445968
69 1452 1447 -5 0.9857098585767374 0.9856956206924686
70 1379 1407 28 0.986214405905582 0.9862104115070199
71 1376 1378 2 0.9867178555970177 0.9867145918499138
72 1323 1324 1 0.987201913694234 0.9871990147628249
73 1159 1159 0 0.9876259676131106 0.9876230677507886
74 1166 1165 -1 0.9880525826859407 0.9880493160087503
75 1128 1127 -1 0.9884652943515945 0.9884616608900576
76 1041 1042 1 0.9888461745323973 0.9888429061130586
77 1108 1101 -7 0.9892515686153267 0.9892457381577074
78 971 980 9 0.9896068372565944 0.9896042989240615
79 921 917 -4 0.989943811941051 0.9899398093554358
80 898 897 -1 0.9902723714053747 0.9902680022201498
81 978 965 -13 0.9906302012005958 0.9906210748115086
82 854 852 -2 0.9909426619829259 0.9909328031512369
83 817 832 15 0.991241585237216 0.9912372139243049
84 832 832 0 0.9915459966785491 0.9915416246973728
85 770 766 -4 0.991827723613437 0.991821887500462
86 724 723 -1 0.9920926201080588 0.9920864175352313
87 691 686 -5 0.9923454425911853 0.9923374100716792
88 699 697 -2 0.9926011921074016 0.9925924272697902
89 655 655 0 0.9928408429416243 0.9928320775779147
90 573 498 -75 0.9930504916866773 0.9930142849877559
91 458 530 72 0.993218064331065 0.9932082005042535
92 530 550 20 0.9934119802732605 0.9934094335874114
93 572 568 -4 0.9936212631391771 0.9936172524805637
94 541 544 3 0.993819203751871 0.9938162902937234
95 501 502 1 0.9940025091991161 0.9939999612168967
96 489 454 -35 0.9941814240967267 0.9941660699800853
97 372 407 35 0.9943175311353998 0.9943149824616221
98 455 453 -2 0.994484006142379 0.9944807253464777
99 433 434 1 0.9946424318083613 0.9946395165430059
100 465 458 -7 0.9948125656067026 0.9948070888195265
101 415 417 2 0.9949644054482331 0.9949596600843935
102 382 385 3 0.9951041712782683 0.995100523242604
103 402 401 -1 0.9952512546910278 0.9952472404541428
104 419 417 -2 0.9954045580491032 0.9953998117190098
105 374 379 5 0.9955413968460487 0.9955384796072223
106 336 333 -3 0.9956643322358179 0.9956603170921161
107 345 344 -1 0.995790560537813 0.9957861792386731
108 327 330 3 0.9959102030153563 0.9959069190885678
109 297 293 -4 0.996018869118813 0.996014121440141
110 308 307 -1 0.9961315598927681 0.9961264460883764
111 296 291 -5 0.9962398601170886 0.9962329166832836
112 259 266 7 0.996334622813369 0.9963302403198655
113 292 290 -2 0.9964414595211447 0.9964363450364396
114 282 284 2 0.9965446374375582 0.9965402544830158
115 243 243 0 0.9966335460676591 0.9966291629179382
116 276 275 -1 0.9967345287092553 0.9967297794595172
117 201 200 -1 0.996808070415635 0.99680295512612
118 228 225 -3 0.9968914908586928 0.9968852777510483
119 175 181 6 0.9969555197075308 0.9969515017293239
120 258 259 1 0.9970499165246751 0.9970462642175747
121 202 204 2 0.9971238241101911 0.9971209033975096
122 189 188 -1 0.9971929752669363 0.9971896885241163
123 201 200 -1 0.997266516973316 0.9972628641907192
124 188 187 -1 0.997335302250925 0.9973312834389929
125 208 207 -1 0.9974114051112584 0.9974070202539269
126 174 176 2 0.9974750680809603 0.9974714148405374
127 185 181 -4 0.9975427557211606 0.9975376388188131
128 153 153 0 0.9975987352290019 0.9975936182037642
129 182 184 2 0.9976653252317936 0.9976609398170388
130 143 147 4 0.9977176459482727 0.997714723931992
131 153 152 -1 0.997773625456114 0.9977703374386102
132 155 151 -4 0.9978303367222279 0.9978255850668953
133 163 166 3 0.9978899750214314 0.9978863208701757
134 137 134 -3 0.9979401004630932 0.9979353485667997
135 127 129 2 0.9979865671133928 0.9979825468717586
136 130 130 0 0.9980341314011012 0.9980301110550505
137 136 133 -3 0.9980838909636268 0.9980787728733413
138 112 115 3 0.9981248694268833 0.998120848881638
139 127 127 0 0.9981713360771829 0.9981673154299309
140 150 149 -1 0.9982262179476156 0.99822183130155
141 106 107 1 0.9982650011360548 0.9982609802831826
142 100 102 2 0.9983015890496765 0.99829829987315
143 110 109 -1 0.9983418357546605 0.9983381806114485
144 98 95 -3 0.9983776919100098 0.9983729390530849
145 105 104 -1 0.9984161092193127 0.9984109903997184
146 100 98 -2 0.9984526971329345 0.9984468464763538
147 94 97 3 0.998487089771739 0.9984823366746562
148 104 103 -1 0.9985251412019056 0.9985200221429568
149 79 82 3 0.9985540456536669 0.9985500241662639
150 83 83 0 0.9985844136219729 0.998580392067904
151 96 96 0 0.9986195380190499 0.9986155163878735
152 81 83 2 0.9986491742290835 0.9986458842895136
153 88 90 2 0.9986813715930707 0.9986788133394849
154 81 81 0 0.9987110078031043 0.9987084494844591
155 83 75 -8 0.9987413757714104 0.9987358903594352
156 80 65 -15 0.9987706461023078 0.9987596724510811
157 75 65 -10 0.9987980870375242 0.9987834545427271
158 71 51 -20 0.9988240644561956 0.9988021143377108
159 68 59 -9 0.9988489442374585 0.9988237011593587
160 68 59 -9 0.9988738240187213 0.9988452879810065
161 71 56 -15 0.9988998014373928 0.9988657771676553
162 55 53 -2 0.9989199247898848 0.9988851687193051
163 67 56 -11 0.9989444386920113 0.9989056579059539
164 52 37 -15 0.9989634644070947 0.9989191954042754
165 40 39 -1 0.9989780995725434 0.998933464659263
166 73 65 -8 0.9990048087494873 0.9989572467509089
167 55 44 -11 0.9990249321019793 0.9989733453975616
168 50 45 -5 0.9990432260587901 0.9989898099225473
169 51 46 -5 0.9990618858947373 0.9990066403258658
170 -91 38 129 0.9990285908933415 0.9990205437025205
171 33 32 -1 0.9990406649048367 0.9990322518091769
172 50 61 11 0.9990589588616475 0.9990545703874908
173 59 61 2 0.9990805457306844 0.9990768889658046
174 62 64 2 0.9991032302371299 0.9991003051791175
175 76 72 -4 0.9991310370514825 0.9991266484190946
176 61 60 -1 0.9991533556787918 0.9991486011190754
177 59 51 -8 0.9991749425478287 0.9991672609140592
178 48 57 9 0.9991925047463671 0.999188115979041
179 52 55 3 0.9992115304614504 0.9992082392873568
180 79 78 -1 0.9992404349132117 0.9992367777973319
181 42 38 -4 0.9992558018369327 0.9992506811739865
182 36 41 5 0.9992689734858367 0.99926568218564
183 48 47 -1 0.9992865356843751 0.9992828784672918
184 33 36 3 0.9992986096958703 0.9992960500872803
185 25 24 -1 0.9993077566742757 0.9993048311672726
186 36 34 -2 0.9993209283231795 0.9993172710305951
187 50 46 -4 0.9993392222799905 0.9993341014339138
188 27 28 1 0.9993491010166684 0.9993443460272382
189 36 38 2 0.9993622726655722 0.9993582494038927
190 37 37 0 0.9993758101936122 0.9993717869022143
191 37 39 2 0.9993893477216523 0.9993860561572018
192 47 47 0 0.9994065440410546 0.9994032524388535
193 21 22 1 0.9994142275029151 0.9994113017621798
194 27 23 -4 0.999424106239593 0.9994197169638391
195 37 37 0 0.9994376437676331 0.9994332544621607
196 34 34 0 0.9994500836582645 0.9994456943254831
197 35 35 0 0.9994628894280321 0.9994585000671387
198 18 22 4 0.9994694752524841 0.999466549390465
199 27 27 0 0.9994793539891619 0.9994764281054563
200 24 23 -1 0.9994881350884312 0.9994848433071157
201 16 17 1 0.9994939891546106 0.999491063238777
202 34 35 1 0.999506429045242 0.9995038689804324
203 14 14 0 0.9995115513531491 0.9995089912770947
204 20 20 0 0.9995188689358735 0.999516308843755
205 16 16 0 0.999524723002053 0.9995221628970832
206 23 24 1 0.9995331382221859 0.9995309439770755
207 16 15 -1 0.9995389922883654 0.9995364321520708
208 25 24 -1 0.9995481392667709 0.9995452132320631
209 20 19 -1 0.9995554568494952 0.9995521649203903
210 19 20 1 0.9995624085530834 0.9995594824870506
211 16 17 1 0.9995682626192629 0.9995657024187119
212 21 21 0 0.9995759460811234 0.9995733858637051
213 24 21 -3 0.9995847271803927 0.9995810693086985
214 20 19 -1 0.999592044763117 0.9995880209970258
215 21 14 -7 0.9995997282249777 0.999593143293688
216 20 23 3 0.999607045807702 0.9996015584953473
217 12 22 10 0.9996114363573366 0.9996096078186736
218 10 11 1 0.9996150951486987 0.9996136324803367
219 11 11 0 0.9996191198191972 0.9996176571419999
220 27 23 -4 0.9996289985558751 0.9996260723436593
221 22 21 -1 0.9996370478968718 0.9996337557886525
222 27 27 0 0.9996469266335497 0.999643634503644
223 23 23 0 0.9996553418536828 0.9996520497053033
224 18 17 -1 0.9996619276781347 0.9996582696369646
225 12 14 2 0.9996663182277693 0.9996633919336267
226 8 8 0 0.999669245260859 0.9996663189602909
227 22 20 -2 0.9996772946018558 0.9996736365269512
228 9 11 2 0.9996805875140817 0.9996776611886143
229 12 11 -1 0.9996849780637164 0.9996816858502775
230 9 12 3 0.9996882709759424 0.9996860763902736
231 14 12 -2 0.9996933932838494 0.9996904669302699
232 9 10 1 0.9996966861960753 0.9996941257136
233 15 14 -1 0.9997021743831186 0.9996992480102621
234 12 12 0 0.9997065649327532 0.9997036385502583
235 18 18 0 0.9997131507572051 0.9997102243602526
236 11 13 2 0.9997171754277036 0.9997149807785818
237 19 19 0 0.9997241271312917 0.9997219324669091
238 19 18 -1 0.9997310788348799 0.9997285182769033
239 10 9 -1 0.999734737626242 0.9997318111819005
240 11 11 0 0.9997387622967404 0.9997358358435636
241 6 10 4 0.9997409575715577 0.9997394946268937
242 18 18 0 0.9997475433960097 0.999746080436888
243 18 14 -4 0.9997541292204616 0.9997512027335502
244 9 9 0 0.9997574221326875 0.9997544956385473
245 13 13 0 0.9997621785614583 0.9997592520568765
246 7 7 0 0.9997647397154119 0.9997618132052076
247 6 6 0 0.9997669349902292 0.9997640084752057
248 8 13 5 0.999769862023319 0.999768764893535
249 15 14 -1 0.9997753502103622 0.9997738871901971
250 7 7 0 0.9997779113643157 0.9997764483385282
251 10 10 0 0.9997815701556779 0.9997801071218584
252 11 12 1 0.9997855948261763 0.9997844976618545
253 21 17 -4 0.9997932782880369 0.9997907175935158
254 6 6 0 0.9997954735628541 0.9997929128635138
255 8 7 -1 0.9997984005959439 0.999795474011845
256 5 6 1 0.999800229991625 0.999797669281843
257 5 5 0 0.9998020593873062 0.9997994986735081
258 16 16 0 0.9998079134534856 0.9998053527268363
259 10 9 -1 0.9998115722448477 0.9998086456318335
260 10 7 -3 0.99981523103621 0.9998112067801646
261 16 13 -3 0.9998210851023894 0.9998159631984938
262 2 5 3 0.9998218168606618 0.9998177925901588
263 6 6 0 0.9998240121354792 0.9998199878601569
264 9 10 1 0.9998273050477051 0.9998236466434871
265 4 5 1 0.9998287685642501 0.9998254760351521
266 9 8 -1 0.999832061476476 0.9998284030618162
267 6 6 0 0.9998342567512933 0.9998305983318143
268 10 7 -3 0.9998379155426554 0.9998331594801454
269 -1 4 5 0.9998375496635192 0.9998346229934775
270 1 2 1 0.9998379155426554 0.9998353547501435
271 7 6 -1 0.999840476696609 0.9998375500201416
272 3 5 2 0.9998415743340177 0.9998393794118067
273 6 4 -2 0.9998437696088349 0.9998408429251388
274 5 2 -3 0.9998455990045161 0.9998415746818048
275 9 8 -1 0.999848891916742 0.9998445017084688
276 4 6 2 0.9998503554332869 0.999846696978467
277 8 9 1 0.9998532824663766 0.9998499898834641
278 4 4 0 0.9998547459829215 0.9998514533967962
279 3 4 1 0.9998558436203302 0.9998529169101282
280 4 5 1 0.999857307136875 0.9998547463017933
281 5 7 2 0.9998591365325561 0.9998573074501244
282 6 5 -1 0.9998613318073735 0.9998591368417894
283 7 8 1 0.9998638929613269 0.9998620638684536
284 7 6 -1 0.9998664541152804 0.9998642591384517
285 4 4 0 0.9998679176318254 0.9998657226517838
286 7 5 -2 0.9998704787857788 0.9998675520434488
287 4 6 2 0.9998719423023237 0.9998697473134469
288 0 2 2 0.9998719423023237 0.999870479070113
289 6 6 0 0.999874137577141 0.999872674340111
290 7 6 -1 0.9998766987310945 0.9998748696101091
291 4 4 0 0.9998781622476395 0.9998763331234412
292 3 4 1 0.9998792598850481 0.9998777966367732
293 3 4 1 0.9998803575224567 0.9998792601501052
294 6 4 -2 0.999882552797274 0.9998807236634373
295 2 2 0 0.9998832845555465 0.9998814554201033
296 9 10 1 0.9998865774677724 0.9998851142034335
297 4 4 0 0.9998880409843173 0.9998865777167655
298 6 4 -2 0.9998902362591346 0.9998880412300976
299 4 4 0 0.9998916997756795 0.9998895047434296
300 6 5 -1 0.9998938950504969 0.9998913341350947
301 2 4 2 0.9998946268087693 0.9998927976484268
302 0 0 0 0.9998946268087693 0.9998927976484268
303 5 5 0 0.9998964562044503 0.9998946270400918
304 11 10 -1 0.9999004808749488 0.999898285823422
305 3 3 0 0.9999015785123574 0.999899383458421
306 2 4 2 0.9999023102706298 0.9999008469717531
307 3 3 0 0.9999034079080384 0.9999019446067522
308 5 5 0 0.9999052373037196 0.9999037739984172
309 -1 1 2 0.9999048714245834 0.9999041398767502
310 6 5 -1 0.9999070666994007 0.9999059692684154
311 3 3 0 0.9999081643368093 0.9999070669034144
312 1 1 0 0.9999085302159455 0.9999074327817473
313 6 6 0 0.9999107254907629 0.9999096280517454
314 10 8 -2 0.999914384282125 0.9999125550784096
315 3 2 -1 0.9999154819195336 0.9999132868350756
316 1 2 1 0.9999158477986699 0.9999140185917416
317 2 1 -1 0.9999165795569424 0.9999143844700746
318 1 1 0 0.9999169454360786 0.9999147503484076
319 5 5 0 0.9999187748317596 0.9999165797400728
320 1 1 0 0.9999191407108958 0.9999169456184057
321 4 4 0 0.9999206042274407 0.9999184091317378
322 6 6 0 0.999922799502258 0.9999206044017359
323 4 3 -1 0.9999242630188029 0.9999217020367349
324 -1 0 1 0.9999238971396667 0.9999217020367349
325 2 3 1 0.9999246288979391 0.9999227996717339
326 2 2 0 0.9999253606562115 0.9999235314284
327 6 5 -1 0.9999275559310289 0.9999253608200651
328 3 4 1 0.9999286535684375 0.9999268243333971
329 3 1 -2 0.9999297512058462 0.9999271902117302
330 3 3 0 0.9999308488432548 0.9999282878467292
331 0 1 1 0.9999308488432548 0.9999286537250622
332 2 1 -1 0.9999315806015272 0.9999290196033952
333 0 0 0 0.9999315806015272 0.9999290196033952
334 0 1 1 0.9999315806015272 0.9999293854817283
335 -3 0 3 0.9999304829641186 0.9999293854817283
336 3 2 -1 0.9999315806015272 0.9999301172383942
337 0 0 0 0.9999315806015272 0.9999301172383942
338 6 3 -3 0.9999337758763446 0.9999312148733933
339 -1 0 1 0.9999334099972084 0.9999312148733933
340 4 3 -1 0.9999348735137532 0.9999323125083923
341 2 2 0 0.9999356052720256 0.9999330442650584
342 1 2 1 0.9999359711511618 0.9999337760217244
343 5 5 0 0.999937800546843 0.9999356054133894
344 -1 0 1 0.9999374346677068 0.9999356054133894
345 3 3 0 0.9999385323051154 0.9999367030483886
346 2 2 0 0.9999392640633878 0.9999374348050545
347 1 2 1 0.999939629942524 0.9999381665617205
348 1 2 1 0.9999399958216603 0.9999388983183866
349 3 2 -1 0.9999410934590689 0.9999396300750526
350 0 0 0 0.9999410934590689 0.9999396300750526
351 1 0 -1 0.9999414593382051 0.9999396300750526
352 -1 1 2 0.9999410934590689 0.9999399959533857
353 3 3 0 0.9999421910964775 0.9999410935883847
354 2 2 0 0.9999429228547501 0.9999418253450507
355 3 0 -3 0.9999440204921587 0.9999418253450507
356 2 2 0 0.9999447522504311 0.9999425571017168
357 0 1 1 0.9999447522504311 0.9999429229800497
358 0 0 0 0.9999447522504311 0.9999429229800497
359 2 2 0 0.9999454840087035 0.9999436547367158
360 0 1 1 0.9999454840087035 0.9999440206150488
361 2 2 0 0.999946215766976 0.9999447523717149
362 3 2 -1 0.9999473134043846 0.9999454841283808
363 0 1 1 0.9999473134043846 0.9999458500067139
364 1 1 0 0.9999476792835208 0.9999462158850468
365 0 0 0 0.9999476792835208 0.9999462158850468
366 2 2 0 0.9999484110417933 0.9999469476417129
367 2 2 0 0.9999491428000657 0.9999476793983789
368 2 2 0 0.9999498745583382 0.999948411155045
369 0 0 0 0.9999498745583382 0.999948411155045
370 0 0 0 0.9999498745583382 0.999948411155045
371 2 2 0 0.9999506063166106 0.999949142911711
372 1 0 -1 0.9999509721957468 0.999949142911711
373 2 0 -2 0.9999517039540192 0.999949142911711
374 1 1 0 0.9999520698331554 0.999949508790044
375 -1 0 1 0.9999517039540192 0.999949508790044
376 5 6 1 0.9999535333497003 0.9999517040600421
377 2 2 0 0.9999542651079728 0.9999524358167081
378 2 2 0 0.9999549968662452 0.9999531675733742
379 2 2 0 0.9999557286245176 0.9999538993300402
380 0 0 0 0.9999557286245176 0.9999538993300402
381 1 1 0 0.9999560945036539 0.9999542652083732
382 0 1 1 0.9999560945036539 0.9999546310867062
383 1 1 0 0.9999564603827901 0.9999549969650392
384 1 1 0 0.9999568262619263 0.9999553628433723
385 0 0 0 0.9999568262619263 0.9999553628433723
386 3 3 0 0.9999579238993349 0.9999564604783713
387 0 0 0 0.9999579238993349 0.9999564604783713
388 2 2 0 0.9999586556576073 0.9999571922350373
389 1 0 -1 0.9999590215367435 0.9999571922350373
390 1 1 0 0.9999593874158799 0.9999575581133703
391 5 4 -1 0.9999612168115609 0.9999590216267024
392 0 3 3 0.9999612168115609 0.9999601192617015
393 3 1 -2 0.9999623144489695 0.9999604851400344
394 -1 1 2 0.9999619485698333 0.9999608510183675
395 3 3 0 0.999963046207242 0.9999619486533665
396 2 1 -1 0.9999637779655144 0.9999623145316995
397 0 0 0 0.9999637779655144 0.9999623145316995
398 1 1 0 0.9999641438446506 0.9999626804100326
399 1 0 -1 0.9999645097237868 0.9999626804100326
400 0 1 1 0.9999645097237868 0.9999630462883655
401 0 0 0 0.9999645097237868 0.9999630462883655
402 3 2 -1 0.9999656073611956 0.9999637780450316
403 -1 0 1 0.9999652414820593 0.9999637780450316
404 2 2 0 0.9999659732403318 0.9999645098016976
405 2 2 0 0.9999667049986042 0.9999652415583636
406 -1 0 1 0.999966339119468 0.9999652415583636
407 1 1 0 0.9999667049986042 0.9999656074366966
408 1 1 0 0.9999670708777404 0.9999659733150297
409 0 0 0 0.9999670708777404 0.9999659733150297
410 2 1 -1 0.9999678026360128 0.9999663391933626
411 2 3 1 0.9999685343942852 0.9999674368283618
412 2 2 0 0.9999692661525577 0.9999681685850278
413 1 1 0 0.9999696320316939 0.9999685344633608
414 1 1 0 0.9999699979108301 0.9999689003416937
415 2 0 -2 0.9999707296691026 0.9999689003416937
416 0 0 0 0.9999707296691026 0.9999689003416937
417 3 1 -2 0.9999718273065112 0.9999692662200268
418 0 1 1 0.9999718273065112 0.9999696320983598
419 2 1 -1 0.9999725590647837 0.9999699979766928
420 0 0 0 0.9999725590647837 0.9999699979766928
421 0 0 0 0.9999725590647837 0.9999699979766928
422 1 2 1 0.9999729249439199 0.9999707297333589
423 -1 0 1 0.9999725590647837 0.9999707297333589
424 -2 0 2 0.9999718273065112 0.9999707297333589
425 1 2 1 0.9999721931856475 0.9999714614900249
426 4 3 -1 0.9999736567021923 0.9999725591250239
427 0 0 0 0.9999736567021923 0.9999725591250239
428 1 1 0 0.9999740225813285 0.9999729250033569
429 0 1 1 0.9999740225813285 0.99997329088169
430 2 2 0 0.9999747543396009 0.999974022638356
431 1 2 1 0.9999751202187371 0.999974754395022
432 2 2 0 0.9999758519770097 0.9999754861516881
433 2 2 0 0.9999765837352821 0.9999762179083541
434 1 0 -1 0.9999769496144183 0.9999762179083541
435 -1 0 1 0.9999765837352821 0.9999762179083541
436 0 0 0 0.9999765837352821 0.9999762179083541
437 1 1 0 0.9999769496144183 0.9999765837866871
438 0 0 0 0.9999769496144183 0.9999765837866871
439 0 0 0 0.9999769496144183 0.9999765837866871
440 0 0 0 0.9999769496144183 0.9999765837866871
441 0 0 0 0.9999769496144183 0.9999765837866871
442 2 2 0 0.9999776813726907 0.9999773155433531
443 2 1 -1 0.9999784131309631 0.9999776814216861
444 -1 0 1 0.9999780472518269 0.9999776814216861
445 0 0 0 0.9999780472518269 0.9999776814216861
446 3 3 0 0.9999791448892356 0.9999787790566852
447 1 1 0 0.9999795107683718 0.9999791449350182
448 2 2 0 0.9999802425266442 0.9999798766916842
449 1 1 0 0.9999806084057804 0.9999802425700173
450 1 1 0 0.9999809742849167 0.9999806084483502
451 2 0 -2 0.9999817060431891 0.9999806084483502
452 0 0 0 0.9999817060431891 0.9999806084483502
453 1 1 0 0.9999820719223254 0.9999809743266832
454 0 0 0 0.9999820719223254 0.9999809743266832
455 0 0 0 0.9999820719223254 0.9999809743266832
456 2 2 0 0.9999828036805978 0.9999817060833492
457 0 0 0 0.9999828036805978 0.9999817060833492
458 1 1 0 0.999983169559734 0.9999820719616823
459 0 0 0 0.999983169559734 0.9999820719616823
460 0 0 0 0.999983169559734 0.9999820719616823
461 0 0 0 0.999983169559734 0.9999820719616823
462 1 1 0 0.9999835354388702 0.9999824378400153
463 0 0 0 0.9999835354388702 0.9999824378400153
464 1 1 0 0.9999839013180064 0.9999828037183484
465 0 0 0 0.9999839013180064 0.9999828037183484
466 0 0 0 0.9999839013180064 0.9999828037183484
467 0 0 0 0.9999839013180064 0.9999828037183484
468 1 0 -1 0.9999842671971426 0.9999828037183484
469 0 0 0 0.9999842671971426 0.9999828037183484
470 0 1 1 0.9999842671971426 0.9999831695966813
471 0 0 0 0.9999842671971426 0.9999831695966813
472 1 1 0 0.9999846330762788 0.9999835354750144
473 0 0 0 0.9999846330762788 0.9999835354750144
474 1 1 0 0.999984998955415 0.9999839013533474
475 0 0 0 0.999984998955415 0.9999839013533474
476 0 0 0 0.999984998955415 0.9999839013533474
477 1 0 -1 0.9999853648345512 0.9999839013533474
478 0 0 0 0.9999853648345512 0.9999839013533474
479 0 0 0 0.9999853648345512 0.9999839013533474
480 0 0 0 0.9999853648345512 0.9999839013533474
481 1 1 0 0.9999857307136875 0.9999842672316804
482 0 0 0 0.9999857307136875 0.9999842672316804
483 1 1 0 0.9999860965928237 0.9999846331100134
484 0 0 0 0.9999860965928237 0.9999846331100134
485 0 0 0 0.9999860965928237 0.9999846331100134
486 0 0 0 0.9999860965928237 0.9999846331100134
487 0 0 0 0.9999860965928237 0.9999846331100134
488 0 0 0 0.9999860965928237 0.9999846331100134
489 0 0 0 0.9999860965928237 0.9999846331100134
490 0 0 0 0.9999860965928237 0.9999846331100134
491 0 0 0 0.9999860965928237 0.9999846331100134
492 0 0 0 0.9999860965928237 0.9999846331100134
493 0 0 0 0.9999860965928237 0.9999846331100134
494 2 1 -1 0.9999868283510962 0.9999849989883464
495 0 0 0 0.9999868283510962 0.9999849989883464
496 -4 0 4 0.9999853648345512 0.9999849989883464
497 1 1 0 0.9999857307136875 0.9999853648666794
498 1 1 0 0.9999860965928237 0.9999857307450124
499 0 0 0 0.9999860965928237 0.9999857307450124
500 0 0 0 0.9999860965928237 0.9999857307450124
501 1 1 0 0.99998646247196 0.9999860966233455
502 0 0 0 0.99998646247196 0.9999860966233455
503 1 1 0 0.9999868283510962 0.9999864625016784
504 0 0 0 0.9999868283510962 0.9999864625016784
505 2 0 -2 0.9999875601093686 0.9999864625016784
506 2 1 -1 0.999988291867641 0.9999868283800115
507 -2 0 2 0.9999875601093686 0.9999868283800115
508 2 2 0 0.999988291867641 0.9999875601366776
509 1 1 0 0.9999886577467773 0.9999879260150105
510 -1 0 1 0.999988291867641 0.9999879260150105
511 0 0 0 0.999988291867641 0.9999879260150105
512 0 0 0 0.999988291867641 0.9999879260150105
513 1 1 0 0.9999886577467773 0.9999882918933435
514 0 0 0 0.9999886577467773 0.9999882918933435
515 1 1 0 0.9999890236259135 0.9999886577716766
516 3 2 -1 0.9999901212633221 0.9999893895283426
517 3 2 -1 0.9999912189007307 0.9999901212850086
518 0 0 0 0.9999912189007307 0.9999901212850086
519 0 0 0 0.9999912189007307 0.9999901212850086
520 -1 0 1 0.9999908530215945 0.9999901212850086
521 0 0 0 0.9999908530215945 0.9999901212850086
522 0 0 0 0.9999908530215945 0.9999901212850086
523 0 0 0 0.9999908530215945 0.9999901212850086
524 0 0 0 0.9999908530215945 0.9999901212850086
525 0 0 0 0.9999908530215945 0.9999901212850086
526 0 0 0 0.9999908530215945 0.9999901212850086
527 0 0 0 0.9999908530215945 0.9999901212850086
528 1 1 0 0.9999912189007307 0.9999904871633416
529 0 0 0 0.9999912189007307 0.9999904871633416
530 0 0 0 0.9999912189007307 0.9999904871633416
531 0 0 0 0.9999912189007307 0.9999904871633416
532 0 0 0 0.9999912189007307 0.9999904871633416
533 0 0 0 0.9999912189007307 0.9999904871633416
534 0 0 0 0.9999912189007307 0.9999904871633416
535 0 0 0 0.9999912189007307 0.9999904871633416
536 0 1 1 0.9999912189007307 0.9999908530416747
537 1 1 0 0.9999915847798669 0.9999912189200076
538 0 0 0 0.9999915847798669 0.9999912189200076
539 0 0 0 0.9999915847798669 0.9999912189200076
540 1 1 0 0.9999919506590033 0.9999915847983407
541 1 1 0 0.9999923165381395 0.9999919506766737
542 0 0 0 0.9999923165381395 0.9999919506766737
543 0 0 0 0.9999923165381395 0.9999919506766737
544 0 0 0 0.9999923165381395 0.9999919506766737
545 0 0 0 0.9999923165381395 0.9999919506766737
546 0 0 0 0.9999923165381395 0.9999919506766737
547 0 0 0 0.9999923165381395 0.9999919506766737
548 0 0 0 0.9999923165381395 0.9999919506766737
549 0 0 0 0.9999923165381395 0.9999919506766737
550 0 0 0 0.9999923165381395 0.9999919506766737
551 1 1 0 0.9999926824172757 0.9999923165550066
552 0 0 0 0.9999926824172757 0.9999923165550066
553 1 1 0 0.9999930482964119 0.9999926824333397
554 1 1 0 0.9999934141755481 0.9999930483116727
555 0 0 0 0.9999934141755481 0.9999930483116727
556 1 0 -1 0.9999937800546843 0.9999930483116727
557 0 0 0 0.9999937800546843 0.9999930483116727
558 1 1 0 0.9999941459338205 0.9999934141900058
559 0 0 0 0.9999941459338205 0.9999934141900058
560 2 1 -1 0.9999948776920929 0.9999937800683387
561 0 0 0 0.9999948776920929 0.9999937800683387
562 0 0 0 0.9999948776920929 0.9999937800683387
563 2 1 -1 0.9999956094503654 0.9999941459466718
564 0 0 0 0.9999956094503654 0.9999941459466718
565 0 0 0 0.9999956094503654 0.9999941459466718
566 -1 0 1 0.9999952435712292 0.9999941459466718
567 0 0 0 0.9999952435712292 0.9999941459466718
568 0 0 0 0.9999952435712292 0.9999941459466718
569 0 0 0 0.9999952435712292 0.9999941459466718
570 0 0 0 0.9999952435712292 0.9999941459466718
571 0 0 0 0.9999952435712292 0.9999941459466718
572 0 0 0 0.9999952435712292 0.9999941459466718
573 0 0 0 0.9999952435712292 0.9999941459466718
574 1 1 0 0.9999956094503654 0.9999945118250048
575 1 0 -1 0.9999959753295016 0.9999945118250048
576 -1 0 1 0.9999956094503654 0.9999945118250048
577 0 0 0 0.9999956094503654 0.9999945118250048
578 0 0 0 0.9999956094503654 0.9999945118250048
579 0 0 0 0.9999956094503654 0.9999945118250048
580 0 0 0 0.9999956094503654 0.9999945118250048
581 0 0 0 0.9999956094503654 0.9999945118250048
582 0 0 0 0.9999956094503654 0.9999945118250048
583 0 0 0 0.9999956094503654 0.9999945118250048
584 0 0 0 0.9999956094503654 0.9999945118250048
585 0 0 0 0.9999956094503654 0.9999945118250048
586 0 0 0 0.9999956094503654 0.9999945118250048
587 0 0 0 0.9999956094503654 0.9999945118250048
588 0 0 0 0.9999956094503654 0.9999945118250048
589 0 0 0 0.9999956094503654 0.9999945118250048
590 0 0 0 0.9999956094503654 0.9999945118250048
591 2 1 -1 0.9999963412086378 0.9999948777033378
592 -1 0 1 0.9999959753295016 0.9999948777033378
593 0 0 0 0.9999959753295016 0.9999948777033378
594 0 0 0 0.9999959753295016 0.9999948777033378
595 0 0 0 0.9999959753295016 0.9999948777033378
596 0 0 0 0.9999959753295016 0.9999948777033378
597 0 0 0 0.9999959753295016 0.9999948777033378
598 0 0 0 0.9999959753295016 0.9999948777033378
599 0 0 0 0.9999959753295016 0.9999948777033378
600 0 0 0 0.9999959753295016 0.9999948777033378
601 0 0 0 0.9999959753295016 0.9999948777033378
602 0 0 0 0.9999959753295016 0.9999948777033378
603 0 0 0 0.9999959753295016 0.9999948777033378
604 0 0 0 0.9999959753295016 0.9999948777033378
605 0 0 0 0.9999959753295016 0.9999948777033378
606 0 0 0 0.9999959753295016 0.9999948777033378
607 0 0 0 0.9999959753295016 0.9999948777033378
608 0 0 0 0.9999959753295016 0.9999948777033378
609 0 0 0 0.9999959753295016 0.9999948777033378
610 1 1 0 0.9999963412086378 0.9999952435816708
611 0 0 0 0.9999963412086378 0.9999952435816708
612 0 0 0 0.9999963412086378 0.9999952435816708
613 0 0 0 0.9999963412086378 0.9999952435816708
614 0 0 0 0.9999963412086378 0.9999952435816708
615 0 0 0 0.9999963412086378 0.9999952435816708
616 0 0 0 0.9999963412086378 0.9999952435816708
617 0 0 0 0.9999963412086378 0.9999952435816708
618 0 0 0 0.9999963412086378 0.9999952435816708
619 0 0 0 0.9999963412086378 0.9999952435816708
620 0 0 0 0.9999963412086378 0.9999952435816708
621 0 0 0 0.9999963412086378 0.9999952435816708
622 0 0 0 0.9999963412086378 0.9999952435816708
623 0 0 0 0.9999963412086378 0.9999952435816708
624 1 1 0 0.999996707087774 0.9999956094600039
625 0 0 0 0.999996707087774 0.9999956094600039
626 0 0 0 0.999996707087774 0.9999956094600039
627 0 0 0 0.999996707087774 0.9999956094600039
628 0 0 0 0.999996707087774 0.9999956094600039
629 0 0 0 0.999996707087774 0.9999956094600039
630 0 0 0 0.999996707087774 0.9999956094600039
631 0 0 0 0.999996707087774 0.9999956094600039
632 1 0 -1 0.9999970729669102 0.9999956094600039
633 0 0 0 0.9999970729669102 0.9999956094600039
634 0 0 0 0.9999970729669102 0.9999956094600039
635 0 0 0 0.9999970729669102 0.9999956094600039
636 0 0 0 0.9999970729669102 0.9999956094600039
637 -1 0 1 0.999996707087774 0.9999956094600039
638 0 0 0 0.999996707087774 0.9999956094600039
639 0 0 0 0.999996707087774 0.9999956094600039
640 0 0 0 0.999996707087774 0.9999956094600039
641 0 0 0 0.999996707087774 0.9999956094600039
642 0 0 0 0.999996707087774 0.9999956094600039
643 0 0 0 0.999996707087774 0.9999956094600039
644 1 0 -1 0.9999970729669102 0.9999956094600039
645 0 0 0 0.9999970729669102 0.9999956094600039
646 0 0 0 0.9999970729669102 0.9999956094600039
647 1 0 -1 0.9999974388460465 0.9999956094600039
648 -1 0 1 0.9999970729669102 0.9999956094600039
649 0 0 0 0.9999970729669102 0.9999956094600039
650 0 0 0 0.9999970729669102 0.9999956094600039
651 -1 0 1 0.999996707087774 0.9999956094600039
652 1 0 -1 0.9999970729669102 0.9999956094600039
653 0 0 0 0.9999970729669102 0.9999956094600039
654 0 0 0 0.9999970729669102 0.9999956094600039
655 0 0 0 0.9999970729669102 0.9999956094600039
656 -1 0 1 0.999996707087774 0.9999956094600039
657 0 0 0 0.999996707087774 0.9999956094600039
658 0 0 0 0.999996707087774 0.9999956094600039
659 0 0 0 0.999996707087774 0.9999956094600039
660 0 0 0 0.999996707087774 0.9999956094600039
661 0 0 0 0.999996707087774 0.9999956094600039
662 0 0 0 0.999996707087774 0.9999956094600039
663 1 1 0 0.9999970729669102 0.9999959753383368
664 0 0 0 0.9999970729669102 0.9999959753383368
665 0 0 0 0.9999970729669102 0.9999959753383368
666 0 0 0 0.9999970729669102 0.9999959753383368
667 0 0 0 0.9999970729669102 0.9999959753383368
668 0 0 0 0.9999970729669102 0.9999959753383368
669 0 0 0 0.9999970729669102 0.9999959753383368
670 0 0 0 0.9999970729669102 0.9999959753383368
671 0 0 0 0.9999970729669102 0.9999959753383368
672 0 0 0 0.9999970729669102 0.9999959753383368
673 0 0 0 0.9999970729669102 0.9999959753383368
674 0 0 0 0.9999970729669102 0.9999959753383368
675 0 0 0 0.9999970729669102 0.9999959753383368
676 -1 0 1 0.999996707087774 0.9999959753383368
677 0 0 0 0.999996707087774 0.9999959753383368
678 0 0 0 0.999996707087774 0.9999959753383368
679 1 0 -1 0.9999970729669102 0.9999959753383368
680 -1 0 1 0.999996707087774 0.9999959753383368
681 0 0 0 0.999996707087774 0.9999959753383368
682 1 1 0 0.9999970729669102 0.9999963412166698
683 0 0 0 0.9999970729669102 0.9999963412166698
684 0 0 0 0.9999970729669102 0.9999963412166698
685 1 1 0 0.9999974388460465 0.9999967070950029
686 0 0 0 0.9999974388460465 0.9999967070950029
687 0 0 0 0.9999974388460465 0.9999967070950029
688 0 0 0 0.9999974388460465 0.9999967070950029
689 0 0 0 0.9999974388460465 0.9999967070950029
690 0 0 0 0.9999974388460465 0.9999967070950029
691 0 0 0 0.9999974388460465 0.9999967070950029
692 0 0 0 0.9999974388460465 0.9999967070950029
693 0 0 0 0.9999974388460465 0.9999967070950029
694 0 0 0 0.9999974388460465 0.9999967070950029
695 0 0 0 0.9999974388460465 0.9999967070950029
696 0 0 0 0.9999974388460465 0.9999967070950029
697 0 0 0 0.9999974388460465 0.9999967070950029
698 0 0 0 0.9999974388460465 0.9999967070950029
699 0 0 0 0.9999974388460465 0.9999967070950029
700 0 0 0 0.9999974388460465 0.9999967070950029
701 0 0 0 0.9999974388460465 0.9999967070950029
702 0 0 0 0.9999974388460465 0.9999967070950029
703 0 0 0 0.9999974388460465 0.9999967070950029
704 0 0 0 0.9999974388460465 0.9999967070950029
705 0 0 0 0.9999974388460465 0.9999967070950029
706 0 0 0 0.9999974388460465 0.9999967070950029
707 0 0 0 0.9999974388460465 0.9999967070950029
708 0 0 0 0.9999974388460465 0.9999967070950029
709 0 0 0 0.9999974388460465 0.9999967070950029
710 0 0 0 0.9999974388460465 0.9999967070950029
711 0 0 0 0.9999974388460465 0.9999967070950029
712 0 0 0 0.9999974388460465 0.9999967070950029
713 0 0 0 0.9999974388460465 0.9999967070950029
714 0 0 0 0.9999974388460465 0.9999967070950029
715 0 0 0 0.9999974388460465 0.9999967070950029
716 0 0 0 0.9999974388460465 0.9999967070950029
717 0 0 0 0.9999974388460465 0.9999967070950029
718 0 0 0 0.9999974388460465 0.9999967070950029
719 0 0 0 0.9999974388460465 0.9999967070950029
720 0 0 0 0.9999974388460465 0.9999967070950029
721 0 0 0 0.9999974388460465 0.9999967070950029
722 0 0 0 0.9999974388460465 0.9999967070950029
723 0 0 0 0.9999974388460465 0.9999967070950029
724 0 0 0 0.9999974388460465 0.9999967070950029
725 0 0 0 0.9999974388460465 0.9999967070950029
726 0 0 0 0.9999974388460465 0.9999967070950029
727 0 0 0 0.9999974388460465 0.9999967070950029
728 0 0 0 0.9999974388460465 0.9999967070950029
729 0 0 0 0.9999974388460465 0.9999967070950029
730 0 0 0 0.9999974388460465 0.9999967070950029
731 0 0 0 0.9999974388460465 0.9999967070950029
732 0 0 0 0.9999974388460465 0.9999967070950029
733 0 0 0 0.9999974388460465 0.9999967070950029
734 1 0 -1 0.9999978047251827 0.9999967070950029
735 -1 0 1 0.9999974388460465 0.9999967070950029
736 0 0 0 0.9999974388460465 0.9999967070950029
737 0 0 0 0.9999974388460465 0.9999967070950029
738 0 0 0 0.9999974388460465 0.9999967070950029
739 0 0 0 0.9999974388460465 0.9999967070950029
740 0 0 0 0.9999974388460465 0.9999967070950029
741 0 0 0 0.9999974388460465 0.9999967070950029
742 0 0 0 0.9999974388460465 0.9999967070950029
743 0 0 0 0.9999974388460465 0.9999967070950029
744 0 0 0 0.9999974388460465 0.9999967070950029
745 0 0 0 0.9999974388460465 0.9999967070950029
746 0 0 0 0.9999974388460465 0.9999967070950029
747 0 0 0 0.9999974388460465 0.9999967070950029
748 1 1 0 0.9999978047251827 0.9999970729733358
749 0 0 0 0.9999978047251827 0.9999970729733358
750 0 0 0 0.9999978047251827 0.9999970729733358
751 1 0 -1 0.999998170604319 0.9999970729733358
752 0 0 0 0.999998170604319 0.9999970729733358
753 0 0 0 0.999998170604319 0.9999970729733358
754 -1 0 1 0.9999978047251827 0.9999970729733358
755 0 0 0 0.9999978047251827 0.9999970729733358
756 1 1 0 0.999998170604319 0.9999974388516689
757 1 1 0 0.9999985364834552 0.9999978047300019
758 0 0 0 0.9999985364834552 0.9999978047300019
759 0 0 0 0.9999985364834552 0.9999978047300019
760 0 0 0 0.9999985364834552 0.9999978047300019
761 1 0 -1 0.9999989023625914 0.9999978047300019
762 0 0 0 0.9999989023625914 0.9999978047300019
763 0 0 0 0.9999989023625914 0.9999978047300019
764 0 0 0 0.9999989023625914 0.9999978047300019
765 -1 0 1 0.9999985364834552 0.9999978047300019
766 0 0 0 0.9999985364834552 0.9999978047300019
767 0 0 0 0.9999985364834552 0.9999978047300019
768 0 0 0 0.9999985364834552 0.9999978047300019
769 0 0 0 0.9999985364834552 0.9999978047300019
770 0 0 0 0.9999985364834552 0.9999978047300019
771 0 0 0 0.9999985364834552 0.9999978047300019
772 0 0 0 0.9999985364834552 0.9999978047300019
773 0 0 0 0.9999985364834552 0.9999978047300019
774 0 0 0 0.9999985364834552 0.9999978047300019
775 0 0 0 0.9999985364834552 0.9999978047300019
776 0 0 0 0.9999985364834552 0.9999978047300019
777 0 0 0 0.9999985364834552 0.9999978047300019
778 0 0 0 0.9999985364834552 0.9999978047300019
779 0 0 0 0.9999985364834552 0.9999978047300019
780 0 0 0 0.9999985364834552 0.9999978047300019
781 0 0 0 0.9999985364834552 0.9999978047300019
782 0 0 0 0.9999985364834552 0.9999978047300019
783 0 0 0 0.9999985364834552 0.9999978047300019
784 0 0 0 0.9999985364834552 0.9999978047300019
785 0 0 0 0.9999985364834552 0.9999978047300019
786 0 0 0 0.9999985364834552 0.9999978047300019
787 0 0 0 0.9999985364834552 0.9999978047300019
788 0 0 0 0.9999985364834552 0.9999978047300019
789 0 0 0 0.9999985364834552 0.9999978047300019
790 0 0 0 0.9999985364834552 0.9999978047300019
791 0 0 0 0.9999985364834552 0.9999978047300019
792 0 0 0 0.9999985364834552 0.9999978047300019
793 0 0 0 0.9999985364834552 0.9999978047300019
794 0 0 0 0.9999985364834552 0.9999978047300019
795 0 0 0 0.9999985364834552 0.9999978047300019
796 0 0 0 0.9999985364834552 0.9999978047300019
797 0 0 0 0.9999985364834552 0.9999978047300019
798 0 0 0 0.9999985364834552 0.9999978047300019
799 0 0 0 0.9999985364834552 0.9999978047300019
800 0 0 0 0.9999985364834552 0.9999978047300019
801 0 0 0 0.9999985364834552 0.9999978047300019
802 0 0 0 0.9999985364834552 0.9999978047300019
803 0 0 0 0.9999985364834552 0.9999978047300019
804 0 0 0 0.9999985364834552 0.9999978047300019
805 0 0 0 0.9999985364834552 0.9999978047300019
806 0 0 0 0.9999985364834552 0.9999978047300019
807 0 0 0 0.9999985364834552 0.9999978047300019
808 0 0 0 0.9999985364834552 0.9999978047300019
809 0 0 0 0.9999985364834552 0.9999978047300019
810 0 0 0 0.9999985364834552 0.9999978047300019
811 0 0 0 0.9999985364834552 0.9999978047300019
812 0 0 0 0.9999985364834552 0.9999978047300019
813 0 0 0 0.9999985364834552 0.9999978047300019
814 0 0 0 0.9999985364834552 0.9999978047300019
815 0 0 0 0.9999985364834552 0.9999978047300019
816 0 0 0 0.9999985364834552 0.9999978047300019
817 0 0 0 0.9999985364834552 0.9999978047300019
818 1 0 -1 0.9999989023625914 0.9999978047300019
819 0 0 0 0.9999989023625914 0.9999978047300019
820 0 0 0 0.9999989023625914 0.9999978047300019
821 0 0 0 0.9999989023625914 0.9999978047300019
822 0 0 0 0.9999989023625914 0.9999978047300019
823 0 0 0 0.9999989023625914 0.9999978047300019
824 0 0 0 0.9999989023625914 0.9999978047300019
825 0 0 0 0.9999989023625914 0.9999978047300019
826 0 0 0 0.9999989023625914 0.9999978047300019
827 0 0 0 0.9999989023625914 0.9999978047300019
828 0 0 0 0.9999989023625914 0.9999978047300019
829 0 0 0 0.9999989023625914 0.9999978047300019
830 0 0 0 0.9999989023625914 0.9999978047300019
831 0 0 0 0.9999989023625914 0.9999978047300019
832 0 0 0 0.9999989023625914 0.9999978047300019
833 0 0 0 0.9999989023625914 0.9999978047300019
834 0 0 0 0.9999989023625914 0.9999978047300019
835 0 0 0 0.9999989023625914 0.9999978047300019
836 0 0 0 0.9999989023625914 0.9999978047300019
837 0 0 0 0.9999989023625914 0.9999978047300019
838 0 0 0 0.9999989023625914 0.9999978047300019
839 0 0 0 0.9999989023625914 0.9999978047300019
840 0 0 0 0.9999989023625914 0.9999978047300019
841 0 0 0 0.9999989023625914 0.9999978047300019
842 0 0 0 0.9999989023625914 0.9999978047300019
843 0 0 0 0.9999989023625914 0.9999978047300019
844 0 0 0 0.9999989023625914 0.9999978047300019
845 0 0 0 0.9999989023625914 0.9999978047300019
846 0 0 0 0.9999989023625914 0.9999978047300019
847 0 0 0 0.9999989023625914 0.9999978047300019
848 0 0 0 0.9999989023625914 0.9999978047300019
849 0 0 0 0.9999989023625914 0.9999978047300019
850 0 0 0 0.9999989023625914 0.9999978047300019
851 1 1 0 0.9999992682417276 0.999998170608335
852 0 0 0 0.9999992682417276 0.999998170608335
853 0 0 0 0.9999992682417276 0.999998170608335
854 0 0 0 0.9999992682417276 0.999998170608335
855 0 0 0 0.9999992682417276 0.999998170608335
856 0 0 0 0.9999992682417276 0.999998170608335
857 0 0 0 0.9999992682417276 0.999998170608335
858 0 0 0 0.9999992682417276 0.999998170608335
859 0 0 0 0.9999992682417276 0.999998170608335
860 0 0 0 0.9999992682417276 0.999998170608335
861 0 0 0 0.9999992682417276 0.999998170608335
862 0 0 0 0.9999992682417276 0.999998170608335
863 1 0 -1 0.9999996341208638 0.999998170608335
864 -1 0 1 0.9999992682417276 0.999998170608335
865 0 0 0 0.9999992682417276 0.999998170608335
866 0 0 0 0.9999992682417276 0.999998170608335
867 0 0 0 0.9999992682417276 0.999998170608335
868 0 0 0 0.9999992682417276 0.999998170608335
869 0 0 0 0.9999992682417276 0.999998170608335
870 -1 0 1 0.9999989023625914 0.999998170608335
871 0 0 0 0.9999989023625914 0.999998170608335
872 0 0 0 0.9999989023625914 0.999998170608335
873 0 0 0 0.9999989023625914 0.999998170608335
874 0 0 0 0.9999989023625914 0.999998170608335
875 0 0 0 0.9999989023625914 0.999998170608335
876 0 0 0 0.9999989023625914 0.999998170608335
877 0 0 0 0.9999989023625914 0.999998170608335
878 0 0 0 0.9999989023625914 0.999998170608335
879 0 0 0 0.9999989023625914 0.999998170608335
880 0 0 0 0.9999989023625914 0.999998170608335
881 0 0 0 0.9999989023625914 0.999998170608335
882 0 0 0 0.9999989023625914 0.999998170608335
883 0 0 0 0.9999989023625914 0.999998170608335
884 0 0 0 0.9999989023625914 0.999998170608335
885 0 0 0 0.9999989023625914 0.999998170608335
886 0 0 0 0.9999989023625914 0.999998170608335
887 0 0 0 0.9999989023625914 0.999998170608335
888 0 0 0 0.9999989023625914 0.999998170608335
889 0 0 0 0.9999989023625914 0.999998170608335
890 0 0 0 0.9999989023625914 0.999998170608335
891 0 0 0 0.9999989023625914 0.999998170608335
892 0 0 0 0.9999989023625914 0.999998170608335
893 0 0 0 0.9999989023625914 0.999998170608335
894 0 0 0 0.9999989023625914 0.999998170608335
895 0 0 0 0.9999989023625914 0.999998170608335
896 0 0 0 0.9999989023625914 0.999998170608335
897 0 0 0 0.9999989023625914 0.999998170608335
898 0 0 0 0.9999989023625914 0.999998170608335
899 0 0 0 0.9999989023625914 0.999998170608335
900 0 0 0 0.9999989023625914 0.999998170608335
901 0 0 0 0.9999989023625914 0.999998170608335
902 0 0 0 0.9999989023625914 0.999998170608335
903 0 0 0 0.9999989023625914 0.999998170608335
904 0 0 0 0.9999989023625914 0.999998170608335
905 1 1 0 0.9999992682417276 0.9999985364866679
906 0 0 0 0.9999992682417276 0.9999985364866679
907 0 0 0 0.9999992682417276 0.9999985364866679
908 0 0 0 0.9999992682417276 0.9999985364866679
909 0 0 0 0.9999992682417276 0.9999985364866679
910 0 0 0 0.9999992682417276 0.9999985364866679
911 0 0 0 0.9999992682417276 0.9999985364866679
912 0 0 0 0.9999992682417276 0.9999985364866679
913 0 0 0 0.9999992682417276 0.9999985364866679
914 0 0 0 0.9999992682417276 0.9999985364866679
915 0 0 0 0.9999992682417276 0.9999985364866679
916 0 0 0 0.9999992682417276 0.9999985364866679
917 1 1 0 0.9999996341208638 0.999998902365001
918 0 0 0 0.9999996341208638 0.999998902365001
919 0 0 0 0.9999996341208638 0.999998902365001
920 0 0 0 0.9999996341208638 0.999998902365001
921 0 0 0 0.9999996341208638 0.999998902365001
922 0 0 0 0.9999996341208638 0.999998902365001
923 0 0 0 0.9999996341208638 0.999998902365001
924 0 0 0 0.9999996341208638 0.999998902365001
925 0 0 0 0.9999996341208638 0.999998902365001
926 0 0 0 0.9999996341208638 0.999998902365001
927 0 0 0 0.9999996341208638 0.999998902365001
928 0 0 0 0.9999996341208638 0.999998902365001
929 0 0 0 0.9999996341208638 0.999998902365001
930 0 0 0 0.9999996341208638 0.999998902365001
931 0 0 0 0.9999996341208638 0.999998902365001
932 0 0 0 0.9999996341208638 0.999998902365001
933 0 0 0 0.9999996341208638 0.999998902365001
934 0 0 0 0.9999996341208638 0.999998902365001
935 0 0 0 0.9999996341208638 0.999998902365001
936 0 0 0 0.9999996341208638 0.999998902365001
937 0 0 0 0.9999996341208638 0.999998902365001
938 0 0 0 0.9999996341208638 0.999998902365001
939 0 0 0 0.9999996341208638 0.999998902365001
940 0 0 0 0.9999996341208638 0.999998902365001
941 0 0 0 0.9999996341208638 0.999998902365001
942 0 0 0 0.9999996341208638 0.999998902365001
943 0 0 0 0.9999996341208638 0.999998902365001
944 0 0 0 0.9999996341208638 0.999998902365001
945 0 0 0 0.9999996341208638 0.999998902365001
946 0 0 0 0.9999996341208638 0.999998902365001
947 0 0 0 0.9999996341208638 0.999998902365001
948 0 0 0 0.9999996341208638 0.999998902365001
949 0 0 0 0.9999996341208638 0.999998902365001
950 0 0 0 0.9999996341208638 0.999998902365001
951 0 0 0 0.9999996341208638 0.999998902365001
952 0 0 0 0.9999996341208638 0.999998902365001
953 0 0 0 0.9999996341208638 0.999998902365001
954 0 0 0 0.9999996341208638 0.999998902365001
955 0 0 0 0.9999996341208638 0.999998902365001
956 0 0 0 0.9999996341208638 0.999998902365001
957 0 0 0 0.9999996341208638 0.999998902365001
958 0 0 0 0.9999996341208638 0.999998902365001
959 0 0 0 0.9999996341208638 0.999998902365001
960 0 0 0 0.9999996341208638 0.999998902365001
961 0 0 0 0.9999996341208638 0.999998902365001
962 0 0 0 0.9999996341208638 0.999998902365001
963 0 0 0 0.9999996341208638 0.999998902365001
964 0 0 0 0.9999996341208638 0.999998902365001
965 0 0 0 0.9999996341208638 0.999998902365001
966 0 0 0 0.9999996341208638 0.999998902365001
967 0 0 0 0.9999996341208638 0.999998902365001
968 0 0 0 0.9999996341208638 0.999998902365001
969 0 0 0 0.9999996341208638 0.999998902365001
970 0 0 0 0.9999996341208638 0.999998902365001
971 0 0 0 0.9999996341208638 0.999998902365001
972 0 0 0 0.9999996341208638 0.999998902365001
973 0 0 0 0.9999996341208638 0.999998902365001
974 0 0 0 0.9999996341208638 0.999998902365001
975 0 0 0 0.9999996341208638 0.999998902365001
976 0 0 0 0.9999996341208638 0.999998902365001
977 0 0 0 0.9999996341208638 0.999998902365001
978 0 0 0 0.9999996341208638 0.999998902365001
979 0 0 0 0.9999996341208638 0.999998902365001
980 0 0 0 0.9999996341208638 0.999998902365001
981 0 0 0 0.9999996341208638 0.999998902365001
982 0 0 0 0.9999996341208638 0.999998902365001
983 0 0 0 0.9999996341208638 0.999998902365001
984 0 0 0 0.9999996341208638 0.999998902365001
985 0 0 0 0.9999996341208638 0.999998902365001
986 0 0 0 0.9999996341208638 0.999998902365001
987 0 0 0 0.9999996341208638 0.999998902365001
988 0 0 0 0.9999996341208638 0.999998902365001
989 0 0 0 0.9999996341208638 0.999998902365001
990 0 0 0 0.9999996341208638 0.999998902365001
991 0 0 0 0.9999996341208638 0.999998902365001
992 0 0 0 0.9999996341208638 0.999998902365001
993 0 0 0 0.9999996341208638 0.999998902365001
994 0 0 0 0.9999996341208638 0.999998902365001
995 0 0 0 0.9999996341208638 0.999998902365001
996 0 0 0 0.9999996341208638 0.999998902365001
997 0 0 0 0.9999996341208638 0.999998902365001
998 0 0 0 0.9999996341208638 0.999998902365001
999 1 0 -1 1.0 0.999998902365001
1136 0 1 1 1.0 0.999999268243334
29670 0 2 2 1.0 1.0
