0 9997686 9997632 -54 0.2535137338747916 0.25350982540142264
1 4645442 4645510 68 0.3713093264667953 0.37130596242672653
2 2939160 2939159 -1 0.4458383150803037 0.4458341792001605
3 2152103 2152166 63 0.5004097096223148 0.5004066246447296
4 1701069 1700969 -100 0.5435441263032006 0.5435380735921636
5 1409112 1408960 -152 0.5792753189579584 0.5792650541009069
6 1205863 1205780 -83 0.6098526777259231 0.6098400019758164
7 1058802 1059123 321 0.6367009752673839 0.6366961701973144
8 945646 945641 -5 0.6606799488402447 0.6606747768116034
9 854728 854739 11 0.6823534927710436 0.6823483825868295
10 777407 777404 -3 0.7020663894663789 0.7020610057666353
11 713945 713927 -18 0.720170064930005 0.7201640434779014
12 657633 657703 70 0.7368458234354512 0.7368414099478807
13 610061 610030 -31 0.7523152872695213 0.7523099327730487
14 569815 569790 -25 0.76676422358017 0.7667580904383315
15 532636 532619 -17 0.7802704030257072 0.7802637035370613
16 503781 503765 -16 0.7930448992806581 0.7930376661307383
17 477092 477088 -4 0.8051426361291442 0.8051351803802239
18 450562 450564 2 0.8165676453724924 0.8165601259045407
19 430264 430292 28 0.8274779533369457 0.8274710345868797
20 410598 410573 -25 0.8378895857988495 0.8378819288410929
21 391684 391683 -1 0.8478216114034759 0.8478138296094654
22 376014 376084 70 0.8573562890408007 0.8573501867364599
23 360627 360635 8 0.8665007948100422 0.8664948037701377
24 347902 347886 -16 0.8753226296868835 0.8753161445756004
25 336653 336641 -12 0.8838592209591188 0.8838523460614083
26 323006 322997 -9 0.8920497619627032 0.8920425768155692
27 311845 311851 6 0.8999572907988943 0.8999501785917957
28 301892 301844 -48 0.9076124390148844 0.9076040329983659
29 228874 228952 78 0.9134160522036622 0.9134095659030883
30 198743 198710 -33 0.9184556263622702 0.9184482528046983
31 177873 177908 35 0.922965994900101 0.9229594636611808
32 162654 162644 -10 0.9270904515863452 0.9270836254669552
33 150383 150336 -47 0.9309037495676273 0.9308956934758146
34 139146 139149 3 0.9344321082311963 0.9344240928702694
35 130535 130521 -14 0.9377421156920573 0.9377337121802439
36 121673 121674 1 0.9408274072827061 0.9408189982255688
37 114774 114794 20 0.94373775926733 0.9437298281998198
38 106971 107039 68 0.9464502487000167 0.9464440147393066
39 101075 100998 -77 0.9490132318394546 0.9490050197198753
40 95087 94947 -140 0.9514243758194668 0.9514125895716551
41 89684 89907 223 0.9536985146260694 0.9536923602085785
42 85227 85197 -30 0.9558596362092984 0.9558526994363801
43 80188 80191 3 0.957892982654861 0.9578861015868859
44 75887 75879 -8 0.9598172676066545 0.9598101644091257
45 72732 72720 -12 0.9616615504629256 0.9616541245091965
46 67209 67228 19 0.9633657852768607 0.9633588240362532
47 64351 64371 20 0.964997549095866 0.9649910786512376
48 61259 61233 -26 0.9665509083255354 0.9665437630407815
49 57548 57568 20 0.9680101668336568 0.9680035140726968
50 54869 54907 38 0.9694014932929971 0.9693957901620063
51 52096 52096 0 0.9707225041228972 0.970716787760649
52 49262 49279 17 0.971971652531653 0.9719663547267021
53 46289 46260 -29 0.973145413862758 0.973139368948777
54 43786 43771 -15 0.9742557060195073 0.9742492696300228
55 42406 42376 -30 0.9753310051836033 0.9753237973142995
56 39079 39112 33 0.9763219408067157 0.9763155597927644
57 37234 37220 -14 0.9772660923200853 0.9772593468516841
58 35647 35624 -23 0.9781700018919037 0.9781626641592326
59 33671 33673 2 0.9790238055554012 0.9790165099849983
60 32286 32264 -22 0.9798424894400404 0.9798346278159759
61 30164 30151 -13 0.9806073652591648 0.9805991663332645
62 28826 28753 -73 0.9813383130897603 0.9813282557826228
63 27047 27124 77 0.9820241503885224 0.9820160387000365
64 26325 26366 41 0.9826916797592442 0.9826846010212476
65 25148 25152 4 0.9833293636572464 0.9833223799601499
66 24048 24054 6 0.9839391545900904 0.9839323169272444
67 22918 22900 -18 0.9845202918405445 0.9845129919312545
68 21712 21694 -18 0.9850708482582885 0.9850630864088528
69 20610 20683 73 0.985593460996392 0.9855875449725183
70 20570 20580 10 0.9861150594448534 0.9861093917665152
71 19356 19294 -62 0.9866058742026764 0.9865986294751342
72 18395 18427 32 0.9870723206518475 0.9870658826759594
73 17572 17570 -2 0.9875178980916318 0.9875114049388615
74 17057 17022 -35 0.9879504165522738 0.9879430315728468
75 16366 16333 -33 0.9883654131593482 0.9883571872427375
76 15667 15642 -25 0.9887626850549265 0.9887538212345597
77 14948 15035 87 0.9891417250941875 0.9891350635352275
78 14283 14288 5 0.9895039025681485 0.9894973641665505
79 13655 13619 -36 0.9898501556947279 0.9898427009735207
80 13003 13047 44 0.9901798759001409 0.990173533583884
81 12858 12747 -111 0.9905059193056011 0.990496759098125
82 11783 11848 65 0.9908047036769293 0.9907971886809859
83 11696 11615 -81 0.9911012819682858 0.9910917100858583
84 11211 11370 159 0.9913855619977316 0.9913800190288974
85 10664 10611 -53 0.9916559716163215 0.9916490820187468
86 10137 10109 -28 0.9919130179688763 0.9919054158010848
87 10043 10049 6 0.9921676807407722 0.9921602281641982
88 9732 9685 -47 0.9924144574107006 0.9924058105840166
89 9153 9252 99 0.9926465522380593 0.9926404134284315
90 8794 8734 -60 0.9928695438158799 0.9928618813535418
91 8340 8422 82 0.9930810232062623 0.9930754378986847
92 8366 8373 7 0.9932931618849122 0.993287751951461
93 8188 8170 -18 0.9935007869746547 0.9934949185358612
94 7665 7618 -47 0.9936951502273264 0.9936880880633961
95 7344 7334 -10 0.99388137380562 0.9938740562066019
96 7007 6942 -65 0.9940590519936788 0.9940500844108743
97 6812 6847 35 0.9942317855197322 0.9942237037013746
98 6573 6544 -29 0.9943984586651741 0.9943896398247913
99 6267 6362 95 0.9945573724948535 0.9945509609765605
100 6184 6154 -30 0.9947141816735257 0.9947070078750181
101 6024 5909 -115 0.9948669336936293 0.9948568423116423
102 5478 5571 93 0.995005840660118 0.9949981060866354
103 5385 5371 -14 0.9951423894031887 0.9951342984642135
104 5399 5330 -69 0.9952792931476342 0.9952694512053215
105 5040 5119 79 0.9954070936425415 0.9953992536221569
106 4926 4830 -96 0.9955320034119689 0.9955217278697276
107 4912 4859 -53 0.9956565581800215 0.9956449374699234
108 4659 4765 106 0.9957746975660877 0.9957657635133343
109 4596 4585 -11 0.9958912394459676 0.9958820252990718
110 4478 4445 -33 0.9960047891714032 0.9959947371066187
111 4213 4171 -42 0.9961116192279598 0.9961005010997072
112 3839 3878 39 0.9962089656763624 0.9961988354955827
113 3913 3950 37 0.9963081885606031 0.9962989955945277
114 3852 3753 -99 0.9964058646531394 0.9963941603670191
115 3771 3612 -159 0.9965014868091505 0.9964857498043328
116 3522 3633 111 0.9965907950121394 0.9965778717383751
117 3336 3532 196 0.9966753867682924 0.9966674326167229
118 3447 3329 -118 0.9967627931782023 0.9967518460266945
119 3085 3068 -17 0.996841020266851 0.9968296412630396
120 2930 3114 184 0.9969153169831364 0.9969086029207902
121 3076 3077 1 0.9969933158566157 0.996986626370019
122 2904 2879 -25 0.9970669532846337 0.997059629135807
123 2842 2873 31 0.9971390185637066 0.9971324797596726
124 2854 2820 -34 0.9972113881296719 0.9972039864632232
125 2618 2669 51 0.9972777733867488 0.9972716642617255
126 2541 2552 11 0.9973422061362647 0.9973363752927401
127 2442 2469 27 0.9974041285189162 0.9973989816938275
128 2411 2345 -66 0.9974652648270952 0.9974584438285176
129 2412 2406 -6 0.9975264264925152 0.9975194527394193
130 2212 2248 36 0.9975825167097245 0.9975764552463632
131 2331 2340 9 0.9976416244386193 0.997635790596118
132 2394 2354 -40 0.9977023296737002 0.9976954809436918
133 2265 2218 -47 0.9977597638246855 0.9977517227410233
134 2077 2068 -9 0.9978124308143527 0.9978041609902938
135 1948 1891 -57 0.997861826719924 0.997852111052852
136 1889 1879 -10 0.9979097265482731 0.9978997568315654
137 1810 1878 68 0.9979556231545792 0.9979473772532916
138 1812 1855 43 0.9980015704753674 0.9979944144643151
139 1924 1839 -85 0.9980503578071535 0.9980410459635455
140 1771 1788 17 0.9980952654810584 0.998086384256435
141 1685 1759 74 0.9981379924322329 0.9981309871966993
142 1737 1770 33 0.998182037959942 0.9981758690638216
143 1657 1602 -55 0.998224054908367 0.9982164909571152
144 1599 1594 -5 0.9982646011368108 0.9982569099945122
145 1412 1465 53 0.9983004055611777 0.9982940579805767
146 1635 1589 -46 0.9983418646502994 0.9983343502330383
147 1346 1341 -5 0.9983759954967568 0.9983683539527055
148 1423 1422 -1 0.9984120788507753 0.9984044115883257
149 1298 1325 27 0.9984449925496622 0.9984380095961997
150 1346 1347 1 0.9984791233961197 0.9984721654577892
151 1249 1283 34 0.9985107945901949 0.998504698472206
152 1329 1308 -21 0.9985444943635544 0.9985378654112997
153 1215 1221 6 0.9985753034114339 0.9985688262925179
154 1252 1228 -24 0.9986070506772323 0.9985999646726456
155 1137 1149 12 0.9986358818603096 0.9986290998507944
156 1119 1071 -48 0.998664256613048 0.9986562571839513
157 1143 1129 -14 0.9986932399395717 0.9986848852223588
158 1127 1056 -71 0.9987218175502385 0.9987116622007096
159 1040 971 -69 0.9987481890809337 0.9987362838351591
160 948 1014 66 0.9987722277454519 0.9987619958200529
161 1067 996 -71 0.9987992839216555 0.9987872513791792
162 932 934 2 0.998822916870317 0.998810934805107
163 953 941 -12 0.9988470823210406 0.9988347957299443
164 963 915 -48 0.9988715013441747 0.9988579973731175
165 813 877 64 0.9988921167811508 0.9988802354507821
166 923 906 -17 0.9989155215146428 0.9989032088810718
167 808 849 41 0.9989360101654137 0.9989247369630981
168 878 865 -13 0.9989582738230582 0.9989466707569177
169 768 795 27 0.9989777481841869 0.9989668295616421
170 672 850 178 0.9989947882501746 0.9989883830006556
171 701 749 48 0.9990125636761529 0.9990073753839745
172 789 809 20 0.9990325705393437 0.999027889186518
173 805 795 -10 0.9990529831183914 0.9990480479912424
174 746 740 -6 0.999071899620217 0.9990668121616776
175 819 794 -25 0.9990926672006395 0.9990869456094149
176 732 689 -43 0.9991112287010903 0.9991044165735093
177 692 683 -9 0.999128775911899 0.9991217353956813
178 649 624 -25 0.9991452327613425 0.9991375581556159
179 664 663 -1 0.9991620699694017 0.9991543698380464
180 661 640 -21 0.9991788311057378 0.9991705983097743
181 652 624 -28 0.9991953640269043 0.9991864210697089
182 554 591 37 0.9992094119384477 0.99920140704907
183 580 620 40 0.9992241191382585 0.9992171283810563
184 596 568 -28 0.9992392320539262 0.9992315311497147
185 589 598 9 0.9992541674689064 0.9992466946279853
186 645 607 -38 0.9992705228893856 0.9992620863191397
187 532 523 -9 0.9992840129416258 0.9992753480233798
188 453 527 74 0.9992954997718229 0.999288711155568
189 575 564 -11 0.9993100801854283 0.9993030124962782
190 517 503 -14 0.9993231898790528 0.9993157670607767
191 508 465 -43 0.9993360713575078 0.9993275580597665
192 514 513 -1 0.999349104979409 0.9993405661941358
193 428 448 20 0.9993599578785798 0.9993519261243453
194 444 452 8 0.9993712164936073 0.9993633874825031
195 421 434 13 0.9993818918920906 0.9993743924148935
196 498 444 -54 0.9993945197981351 0.9993856509171546
197 453 535 82 0.9994060066283321 0.9993992169052396
198 420 437 17 0.9994166566695744 0.9994102979085913
199 341 394 53 0.9994253034887735 0.9994202885614987
200 411 399 -12 0.9994357253148463 0.9994304059993414
201 353 393 40 0.999444676420938 0.9994403712952618
202 392 391 -1 0.9994546164594308 0.999450285877208
203 423 408 -15 0.9994653425723963 0.9994606315279344
204 387 388 1 0.9994751558246838 0.9994704700389194
205 382 386 4 0.9994848422907661 0.9994802578359302
206 377 371 -6 0.9994944019706431 0.999489665278135
207 354 357 3 0.9995033784339759 0.9994987177225206
208 376 364 -12 0.9995129127566118 0.9995079476658159
209 354 349 -5 0.9995218892199446 0.9995167972543049
210 319 323 4 0.9995299781798405 0.99952498756113
211 368 367 -1 0.9995393096445481 0.9995342935753864
212 336 329 -7 0.9995478296775419 0.999542636024134
213 294 325 31 0.9995552847064114 0.9995508770449333
214 330 316 -14 0.9995636525959589 0.9995588898528488
215 302 315 13 0.9995713104827569 0.9995668773037774
216 269 275 6 0.9995781315806003 0.9995738504752228
217 269 269 0 0.9995849526784435 0.9995806715047459
218 272 285 13 0.99959184984801 0.9995878982460623
219 272 269 -3 0.9995987470175764 0.9995947192755854
220 259 255 -4 0.9996053145430092 0.9996011853072894
221 266 265 -1 0.9996120595691292 0.9996079049088642
222 277 270 -7 0.9996190835249009 0.9996147512953744
223 321 310 -11 0.999627223199279 0.9996226119613675
224 262 288 26 0.9996338667964348 0.999629914773645
225 252 254 2 0.9996402568211803 0.999636355448362
226 260 255 -5 0.9996468497038541 0.999642821480066
227 276 255 -21 0.9996538483023847 0.9996492875117701
228 229 227 -2 0.9996596551105859 0.9996550435478361
229 178 201 23 0.9996641686994933 0.999660140302238
230 188 184 -4 0.9996689358608113 0.9996648059878598
231 200 194 -6 0.9996740073090219 0.9996697252433523
232 188 195 7 0.9996787744703398 0.9996746698558319
233 198 202 4 0.9996837952040684 0.9996797919672209
234 204 200 -4 0.9996889680812432 0.9996848633646359
235 203 198 -5 0.9996941156011769 0.9996898840480767
236 190 180 -10 0.999698933476977 0.99969444830575
237 169 188 19 0.999703218850715 0.9996992154193202
238 208 216 8 0.9997084931568541 0.9997046925285282
239 198 203 5 0.9997135138905825 0.9997098399969044
240 191 183 -8 0.9997183571236237 0.9997144803255391
241 193 190 -3 0.9997232510711469 0.9997192981530832
242 164 164 0 0.9997274096586796 0.9997234566989636
243 203 191 -12 0.9997325571786134 0.9997282998834948
244 145 135 -10 0.999736233978566 0.9997317230767498
245 211 201 -10 0.9997415843564282 0.9997368198311519
246 102 144 42 0.9997441707950157 0.9997404712372906
247 148 149 1 0.9997479236666915 0.9997442494283648
248 185 178 -7 0.9997526147562864 0.999748762972064
249 146 145 -1 0.9997563169134801 0.9997524397351899
250 150 149 -1 0.999760120499638 0.999756217926264
251 141 140 -1 0.9997636958706265 0.9997597679044544
252 127 125 -2 0.9997669162402403 0.9997629375278388
253 165 160 -5 0.999771100185014 0.9997669946457708
254 131 132 1 0.999774421983592 0.9997703417680646
255 171 152 -19 0.999778758071812 0.9997741960301
256 117 117 0 0.9997817248690153 0.9997771627975877
257 129 127 -2 0.9997849959531111 0.9997803831349462
258 142 148 6 0.9997885966813407 0.9997841359690333
259 122 115 -7 0.9997916902647491 0.9997870520225468
260 93 106 13 0.9997940484881671 0.9997897398631768
261 136 130 -6 0.9997974970729503 0.9997930362714964
262 111 111 0 0.9998003117267071 0.9997958508970617
263 146 134 -12 0.9998040138839009 0.9997992487333297
264 104 107 3 0.9998066510369704 0.9998019619309467
265 103 96 -7 0.9998092628327989 0.9998043962017059
266 118 117 -1 0.9998122549872431 0.9998073629691936
267 91 104 13 0.999814562496179 0.9998100000958494
268 117 95 -22 0.9998175292933822 0.9998124090096215
269 68 95 27 0.9998192535857738 0.9998148179233936
270 105 87 -18 0.9998219160960844 0.9998170239812691
271 92 88 -4 0.9998242489622613 0.9998192553961317
272 83 90 7 0.9998263536132687 0.9998215375249684
273 98 89 -9 0.9998288386228918 0.999823794296818
274 77 75 -2 0.9998307911304529 0.9998256960708486
275 108 91 -17 0.9998335297124866 0.9998280035566725
276 101 90 -11 0.9998360907938331 0.9998302856855091
277 72 83 11 0.9998379165151888 0.9998323903154364
278 82 86 4 0.9998399958089552 0.9998345710163248
279 89 87 -2 0.999842252603409 0.9998367770742003
280 90 82 -8 0.9998445347551037 0.9998388563471404
281 87 84 -3 0.9998467408350753 0.9998409863340547
282 70 74 4 0.999848515841949 0.9998428627510982
283 95 84 -11 0.999850924779849 0.9998449927380124
284 87 79 -8 0.9998531308598206 0.9998469959399914
285 86 81 -5 0.9998553115825513 0.9998490498559445
286 84 81 -3 0.9998574415907997 0.9998511037718975
287 14 70 56 0.9998577965921744 0.9998528787609927
288 79 77 -2 0.9998597998142177 0.9998548312489974
289 69 61 -8 0.9998615494638503 0.999856378025209
290 85 73 -12 0.9998637048293398 0.9998582290852654
291 64 75 11 0.9998653276927673 0.999860130859296
292 83 83 0 0.9998674323437746 0.9998622354892233
293 92 91 -1 0.9998697652099515 0.999864542975047
294 4 64 60 0.9998698666389157 0.9998661658222199
295 17 56 39 0.9998702977120136 0.999867585813496
296 67 62 -5 0.9998719966471642 0.9998691579466946
297 67 63 -4 0.9998736955823148 0.9998707554368803
298 38 46 8 0.9998746591574748 0.9998719218582858
299 63 69 6 0.9998762566636611 0.999873671490394
300 68 66 -2 0.9998779809560526 0.9998753450515409
301 77 77 0 0.9998799334636138 0.9998772975395456
302 74 69 -5 0.9998818098994517 0.9998790471716538
303 78 76 -2 0.9998837877642538 0.9998809743026714
304 65 65 0 0.9998854359849223 0.9998826225068314
305 52 55 3 0.999886754561457 0.9998840171411204
306 52 60 8 0.9998880731379918 0.9998855385603449
307 54 61 7 0.9998894424290087 0.9998870853365565
308 72 57 -15 0.9998912681503644 0.9998885306848198
309 54 54 0 0.9998926374413813 0.9998898999621217
310 66 56 -10 0.9998943110192908 0.9998913199533979
311 40 61 21 0.999895325308933 0.9998928667296094
312 53 58 5 0.9998966692427088 0.9998943374348598
313 58 56 -2 0.9998981399626898 0.999895757426136
314 79 72 -7 0.9999001431847331 0.9998975831292054
315 57 54 -3 0.9999015885474731 0.9998989524065074
316 41 46 5 0.9999026281943563 0.9999001188279129
317 60 50 -10 0.9999041496288195 0.9999013866772666
318 57 56 -1 0.9999055949915595 0.9999028066685427
319 61 58 -3 0.9999071417832637 0.9999042773737931
320 41 49 8 0.9999081814301469 0.9999055198661597
321 55 62 7 0.9999095760784048 0.9999070919993583
322 52 48 -4 0.9999108946549395 0.9999083091347379
323 49 46 -3 0.9999121371597511 0.9999094755561434
324 39 35 -4 0.9999131260921522 0.999910363050691
325 46 48 2 0.9999142925252407 0.9999115801860706
326 35 35 0 0.9999151800286775 0.9999124676806181
327 41 38 -3 0.9999162196755607 0.9999134312461271
328 42 42 0 0.9999172846796849 0.9999144962395842
329 32 28 -4 0.9999180961113986 0.9999152062352222
330 40 38 -2 0.9999191104010408 0.9999161698007311
331 34 36 2 0.9999199725472365 0.9999170826522658
332 35 29 -6 0.9999208600506734 0.999917818004891
333 32 35 3 0.9999216714823871 0.9999187054994386
334 27 25 -2 0.9999223561278955 0.9999193394241155
335 33 33 0 0.9999231929168503 0.9999201762046889
336 16 29 13 0.9999235986327072 0.9999209115573141
337 20 26 6 0.9999241057775282 0.999921570838978
338 48 43 -5 0.9999253229250987 0.9999226611894222
339 31 37 6 0.9999261089995714 0.999923599397944
340 35 34 -1 0.9999269965030082 0.9999244615355045
341 29 30 1 0.9999277318629988 0.9999252222451168
342 36 34 -2 0.9999286447236767 0.9999260843826773
343 50 46 -4 0.9999299125857294 0.9999272508040827
344 17 23 6 0.9999303436588273 0.9999278340147855
345 37 35 -2 0.9999312818767462 0.9999287215093331
346 28 21 -7 0.9999319918794957 0.9999292540060616
347 15 23 8 0.9999323722381115 0.9999298372167643
348 20 27 7 0.9999328793829325 0.9999305218554154
349 22 20 -2 0.9999334372422357 0.9999310289951568
350 23 30 7 0.99993402045878 0.9999317897047691
351 22 23 1 0.9999345783180831 0.9999323729154719
352 30 34 4 0.9999353390353147 0.9999332350530323
353 36 24 -12 0.9999362518959926 0.9999338436207221
354 28 29 1 0.9999369618987421 0.9999345789733474
355 33 29 -4 0.9999377986876968 0.9999353143259725
356 21 23 2 0.9999383311897589 0.9999358975366752
357 29 31 2 0.9999390665497495 0.9999366836032745
358 21 27 6 0.9999395990518116 0.9999373682419256
359 31 28 -3 0.9999403851262842 0.9999380782375636
360 26 24 -2 0.9999410444145517 0.9999386868052534
361 35 34 -1 0.9999419319179885 0.999939548942814
362 18 21 3 0.9999423883483275 0.9999400814395425
363 17 18 1 0.9999428194214254 0.9999405378653099
364 27 24 -3 0.9999435040669338 0.9999411464329997
365 23 20 -3 0.9999440872834781 0.9999416535727411
366 23 28 5 0.9999446705000222 0.9999423635683793
367 23 20 -3 0.9999452537165664 0.9999428707081207
368 19 26 7 0.9999457355041464 0.9999435299897846
369 19 23 4 0.9999462172917265 0.9999441132004874
370 25 24 -1 0.9999468512227528 0.9999447217681772
371 31 29 -2 0.9999476372972255 0.9999454571208024
372 27 28 1 0.9999483219427339 0.9999461671164405
373 19 18 -1 0.9999488037303139 0.9999466235422078
374 25 26 1 0.9999494376613401 0.9999472828238717
375 25 24 -1 0.9999500715923665 0.9999478913915615
376 15 17 2 0.9999504519509823 0.9999483224603418
377 15 18 3 0.9999508323095981 0.9999487788861091
378 23 18 -5 0.9999514155261423 0.9999492353118765
379 11 14 3 0.9999516944557939 0.9999495903096955
380 14 15 1 0.9999520494571686 0.9999499706645016
381 22 20 -2 0.9999526073164718 0.9999504778042432
382 19 16 -3 0.9999530891040519 0.9999508835160363
383 11 18 7 0.9999533680337034 0.9999513399418037
384 23 24 1 0.9999539512502477 0.9999519485094934
385 15 13 -2 0.9999543316088635 0.9999522781503255
386 10 17 7 0.999954585181274 0.9999527092191057
387 19 16 -3 0.999955066968854 0.9999531149308989
388 17 15 -2 0.9999554980419518 0.999953495285705
389 18 16 -2 0.9999559544722908 0.9999539009974983
390 13 16 3 0.9999562841164246 0.9999543067092914
391 24 24 0 0.9999568926902098 0.9999549152769812
392 24 26 2 0.9999575012639951 0.9999555745586451
393 22 17 -5 0.9999580591232983 0.9999560056274255
394 18 19 1 0.9999585155536372 0.9999564874101798
395 25 26 1 0.9999591494846635 0.9999571466918438
396 17 16 -1 0.9999595805577615 0.9999575524036369
397 13 15 2 0.9999599102018951 0.9999579327584431
398 14 11 -3 0.9999602652032699 0.999958211685301
399 14 13 -1 0.9999606202046446 0.9999585413261329
400 24 19 -5 0.9999612287784299 0.9999590231088873
401 19 16 -3 0.9999617105660099 0.9999594288206806
402 10 17 7 0.9999619641384204 0.9999598598894608
403 8 8 0 0.9999621669963489 0.9999600627453574
404 19 19 0 0.9999626487839288 0.9999605445281118
405 15 13 -2 0.9999630291425446 0.9999608741689437
406 9 10 1 0.9999632573577141 0.9999611277388145
407 13 17 4 0.9999635870018478 0.9999615588075947
408 9 8 -1 0.9999638152170173 0.9999617616634914
409 18 11 -7 0.9999642716473562 0.9999620405903492
410 15 14 -1 0.9999646520059721 0.9999623955881682
411 6 10 4 0.9999648041494184 0.999962649158039
412 12 13 1 0.999965108436311 0.999962978798871
413 13 16 3 0.9999654380804447 0.9999633845106641
414 9 9 0 0.9999656662956141 0.9999636127235478
415 18 17 -1 0.9999661227259531 0.9999640437923281
416 17 10 -7 0.999966553799051 0.9999642973621988
417 22 20 -2 0.9999671116583542 0.9999648045019404
418 14 17 3 0.9999674666597289 0.9999652355707206
419 6 13 7 0.9999676188031752 0.9999655652115526
420 19 15 -4 0.9999681005907552 0.9999659455663586
421 14 10 -4 0.99996845559213 0.9999661991362294
422 7 13 6 0.9999686330928174 0.9999665287770614
423 17 18 1 0.9999690641659152 0.9999669852028288
424 11 10 -1 0.9999693430955668 0.9999672387726996
425 9 10 1 0.9999695713107364 0.9999674923425702
426 14 15 1 0.9999699263121111 0.9999678726973764
427 3 8 5 0.9999700023838343 0.9999680755532729
428 19 15 -4 0.9999704841714142 0.9999684559080791
429 17 18 1 0.9999709152445121 0.9999689123338464
430 11 14 3 0.9999711941741637 0.9999692673316655
431 6 9 3 0.9999713463176101 0.9999694955445492
432 12 7 -5 0.9999716506045027 0.9999696730434586
433 14 12 -2 0.9999720056058774 0.9999699773273035
434 9 11 2 0.9999722338210469 0.9999702562541614
435 10 10 0 0.9999724873934575 0.9999705098240321
436 5 9 4 0.9999726141796627 0.9999707380369158
437 9 13 4 0.9999728423948322 0.9999710676777478
438 12 12 0 0.9999731466817248 0.9999713719615927
439 9 9 0 0.9999733748968943 0.9999716001744764
440 12 5 -7 0.9999736791837869 0.9999717269594117
441 14 17 3 0.9999740341851616 0.999972158028192
442 9 9 0 0.9999742624003312 0.9999723862410757
443 9 6 -3 0.9999744906155006 0.9999725383829982
444 5 8 3 0.9999746174017059 0.9999727412388947
445 13 8 -5 0.9999749470458396 0.9999729440947913
446 2 6 4 0.9999749977603217 0.9999730962367137
447 5 7 2 0.9999751245465269 0.9999732737356233
448 16 15 -1 0.9999755302623838 0.9999736540904294
449 10 11 1 0.9999757838347944 0.9999739330172872
450 6 5 -1 0.9999759359782406 0.9999740598022226
451 9 9 0 0.9999761641934102 0.9999742880151062
452 5 5 0 0.9999762909796154 0.9999744148000417
453 9 9 0 0.9999765191947849 0.9999746430129253
454 11 8 -3 0.9999767981244364 0.9999748458688219
455 8 8 0 0.9999770009823649 0.9999750487247185
456 12 11 -1 0.9999773052692575 0.9999753276515764
457 3 7 4 0.9999773813409807 0.9999755051504858
458 5 5 0 0.9999775081271859 0.9999756319354213
459 15 13 -2 0.9999778884858017 0.9999759615762532
460 3 5 2 0.9999779645575249 0.9999760883611886
461 7 7 0 0.9999781420582122 0.9999762658600981
462 9 6 -3 0.9999783702733818 0.9999764180020205
463 16 10 -6 0.9999787759892386 0.9999766715718913
464 7 7 0 0.9999789534899259 0.9999768490708009
465 10 11 1 0.9999792070623365 0.9999771279976586
466 4 4 0 0.9999793084913007 0.999977229425607
467 9 14 5 0.9999795367064702 0.999977584423426
468 8 10 2 0.9999797395643986 0.9999778379932968
469 10 3 -7 0.9999799931368092 0.999977914064258
470 0 4 4 0.9999799931368092 0.9999780154922062
471 4 3 -1 0.9999800945657733 0.9999780915631675
472 13 7 -6 0.9999804242099071 0.999978269062077
473 5 6 1 0.9999805509961123 0.9999784212039995
474 6 6 0 0.9999807031395587 0.9999785733459219
475 6 6 0 0.999980855283005 0.9999787254878444
476 -1 5 6 0.9999808299257639 0.9999788522727797
477 6 5 -1 0.9999809820692102 0.999978979057715
478 8 4 -4 0.9999811849271386 0.9999790804856634
479 2 2 0 0.9999812356416208 0.9999791311996375
480 1 4 3 0.9999812609988618 0.9999792326275858
481 6 9 3 0.9999814131423082 0.9999794608404695
482 6 7 1 0.9999815652857544 0.9999796383393791
483 9 8 -1 0.9999817935009239 0.9999798411952756
484 8 6 -2 0.9999819963588523 0.9999799933371981
485 7 6 -1 0.9999821738595397 0.9999801454791205
486 3 5 2 0.9999822499312628 0.999980272264056
487 6 4 -2 0.9999824020747092 0.9999803736920042
488 8 6 -2 0.9999826049326376 0.9999805258339266
489 -3 2 5 0.9999825288609144 0.9999805765479008
490 3 7 4 0.9999826049326376 0.9999807540468103
491 10 6 -4 0.9999828585050481 0.9999809061887328
492 5 6 1 0.9999829852912534 0.9999810583306552
493 0 4 4 0.9999829852912534 0.9999811597586035
494 13 8 -5 0.9999833149353871 0.9999813626145001
495 8 6 -2 0.9999835177933155 0.9999815147564226
496 -2 3 5 0.9999834670788335 0.9999815908273838
497 3 4 1 0.9999835431505566 0.9999816922553321
498 2 3 1 0.9999835938650387 0.9999817683262933
499 5 7 2 0.999983720651244 0.9999819458252028
500 5 4 -1 0.9999838474374492 0.9999820472531511
501 4 3 -1 0.9999839488664134 0.9999821233241124
502 4 4 0 0.9999840502953776 0.9999822247520607
503 6 6 0 0.9999842024388239 0.9999823768939831
504 -1 4 5 0.9999841770815829 0.9999824783219314
505 10 5 -5 0.9999844306539935 0.9999826051068668
506 7 7 0 0.9999846081546808 0.9999827826057763
507 2 5 3 0.9999846588691629 0.9999829093907117
508 10 7 -3 0.9999849124415734 0.9999830868896212
509 4 9 5 0.9999850138705376 0.9999833151025048
510 9 6 -3 0.9999852420857072 0.9999834672444273
511 0 2 2 0.9999852420857072 0.9999835179584015
512 3 4 1 0.9999853181574303 0.9999836193863497
513 9 6 -3 0.9999855463725997 0.9999837715282722
514 5 5 0 0.999985673158805 0.9999838983132076
515 4 5 1 0.9999857745877693 0.999984025098143
516 6 3 -3 0.9999859267312156 0.9999841011691042
517 8 5 -3 0.999986129589144 0.9999842279540395
518 3 3 0 0.9999862056608672 0.9999843040250008
519 -1 2 3 0.9999861803036261 0.999984354738975
520 2 1 -1 0.9999862310181082 0.999984380095962
521 9 5 -4 0.9999864592332777 0.9999845068808974
522 8 5 -3 0.9999866620912061 0.9999846336658328
523 2 5 3 0.9999867128056882 0.9999847604507681
524 10 11 1 0.9999869663780987 0.999985039377626
525 -4 4 8 0.9999868649491345 0.9999851408055742
526 4 2 -2 0.9999869663780987 0.9999851915195483
527 6 4 -2 0.9999871185215451 0.9999852929474967
528 7 5 -2 0.9999872960222325 0.999985419732432
529 2 4 2 0.9999873467367145 0.9999855211603803
530 9 10 1 0.999987574951884 0.9999857747302511
531 5 6 1 0.9999877017380893 0.9999859268721736
532 0 2 2 0.9999877017380893 0.9999859775861477
533 7 4 -3 0.9999878792387766 0.999986079014096
534 5 2 -3 0.999988006024982 0.9999861297280701
535 5 4 -1 0.9999881328111871 0.9999862311560185
536 1 1 0 0.9999881581684282 0.9999862565130055
537 3 4 1 0.9999882342401514 0.9999863579409538
538 4 1 -3 0.9999883356691156 0.9999863832979409
539 4 3 -1 0.9999884370980798 0.9999864593689021
540 0 4 4 0.9999884370980798 0.9999865607968504
541 9 5 -4 0.9999886653132493 0.9999866875817858
542 5 5 0 0.9999887920994546 0.9999868143667212
543 3 3 0 0.9999888681711777 0.9999868904376824
544 3 3 0 0.9999889442429009 0.9999869665086436
545 -1 1 2 0.9999889188856598 0.9999869918656307
546 3 3 0 0.999988994957383 0.9999870679365919
547 -1 1 2 0.9999889696001419 0.9999870932935789
548 11 8 -3 0.9999892485297935 0.9999872961494756
549 6 7 1 0.9999894006732398 0.9999874736483851
550 4 3 -1 0.999989502102204 0.9999875497193463
551 4 5 1 0.9999896035311683 0.9999876765042817
552 4 2 -2 0.9999897049601325 0.9999877272182559
553 1 2 1 0.9999897303173735 0.99998777793223
554 2 6 4 0.9999897810318557 0.9999879300741524
555 6 5 -1 0.9999899331753019 0.9999880568590879
556 0 2 2 0.9999899331753019 0.999988107573062
557 1 2 1 0.999989958532543 0.9999881582870361
558 8 6 -2 0.9999901613904714 0.9999883104289585
559 1 1 0 0.9999901867477125 0.9999883357859456
560 4 3 -1 0.9999902881766767 0.9999884118569069
561 7 3 -4 0.999990465677364 0.9999884879278681
562 6 3 -3 0.9999906178208103 0.9999885639988293
563 -3 1 4 0.9999905417490872 0.9999885893558164
564 3 2 -1 0.9999906178208103 0.9999886400697905
565 0 2 2 0.9999906178208103 0.9999886907837647
566 4 1 -3 0.9999907192497746 0.9999887161407518
567 -5 1 6 0.9999905924635694 0.9999887414977389
568 -3 0 3 0.9999905163918461 0.9999887414977389
569 5 2 -3 0.9999906431780514 0.999988792211713
570 1 1 0 0.9999906685352925 0.9999888175687001
571 2 2 0 0.9999907192497746 0.9999888682826742
572 6 5 -1 0.9999908713932208 0.9999889950676096
573 1 1 0 0.9999908967504619 0.9999890204245967
574 -3 4 7 0.9999908206787388 0.999989121852545
575 1 1 0 0.9999908460359799 0.999989147209532
576 4 4 0 0.9999909474649441 0.9999892486374803
577 0 0 0 0.9999909474649441 0.9999892486374803
578 0 1 1 0.9999909474649441 0.9999892739944675
579 4 3 -1 0.9999910488939082 0.9999893500654287
580 3 5 2 0.9999911249656315 0.999989476850364
581 4 5 1 0.9999912263945956 0.9999896036352994
582 3 4 1 0.9999913024663188 0.9999897050632477
583 5 4 -1 0.999991429252524 0.999989806491196
584 4 2 -2 0.9999915306814883 0.9999898572051701
585 0 1 1 0.9999915306814883 0.9999898825621572
586 2 2 0 0.9999915813959703 0.9999899332761314
587 4 1 -3 0.9999916828249346 0.9999899586331185
588 0 1 1 0.9999916828249346 0.9999899839901055
589 7 3 -4 0.9999918603256219 0.9999900600610667
590 -1 1 2 0.999991834968381 0.9999900854180538
591 2 2 0 0.999991885682863 0.9999901361320279
592 2 1 -1 0.9999919363973452 0.999990161489015
593 -1 4 5 0.9999919110401041 0.9999902629169634
594 0 2 2 0.9999919110401041 0.9999903136309375
595 6 4 -2 0.9999920631835504 0.9999904150588858
596 3 3 0 0.9999921392552735 0.999990491129847
597 2 0 -2 0.9999921899697557 0.999990491129847
598 2 2 0 0.9999922406842378 0.9999905418438212
599 -1 2 3 0.9999922153269967 0.9999905925577953
600 6 4 -2 0.9999923674704431 0.9999906939857436
601 4 3 -1 0.9999924688994073 0.9999907700567048
602 0 1 1 0.9999924688994073 0.9999907954136918
603 3 1 -2 0.9999925449711304 0.9999908207706789
604 0 2 2 0.9999925449711304 0.9999908714846532
605 3 1 -2 0.9999926210428536 0.9999908968416402
606 1 1 0 0.9999926464000947 0.9999909221986273
607 0 1 1 0.9999926464000947 0.9999909475556144
608 1 2 1 0.9999926717573356 0.9999909982695885
609 3 2 -1 0.9999927478290588 0.9999910489835626
610 2 3 1 0.999992798543541 0.9999911250545238
611 3 1 -2 0.9999928746152641 0.999991150411511
612 0 0 0 0.9999928746152641 0.999991150411511
613 1 0 -1 0.9999928999725052 0.999991150411511
614 -1 1 2 0.9999928746152641 0.999991175768498
615 0 0 0 0.9999928746152641 0.999991175768498
616 -1 0 1 0.999992849258023 0.999991175768498
617 2 1 -1 0.9999928999725052 0.9999912011254851
618 0 3 3 0.9999928999725052 0.9999912771964463
619 1 1 0 0.9999929253297462 0.9999913025534334
620 4 3 -1 0.9999930267587104 0.9999913786243946
621 4 4 0 0.9999931281876746 0.999991480052343
622 -3 0 3 0.9999930521159515 0.999991480052343
623 4 2 -2 0.9999931535449157 0.9999915307663171
624 2 1 -1 0.9999932042593977 0.9999915561233041
625 1 1 0 0.9999932296166388 0.9999915814802912
626 2 2 0 0.9999932803311209 0.9999916321942653
627 2 1 -1 0.9999933310456031 0.9999916575512524
628 -1 0 1 0.999993305688362 0.9999916575512524
629 -2 0 2 0.9999932549738799 0.9999916575512524
630 5 1 -4 0.9999933817600851 0.9999916829082395
631 1 2 1 0.9999934071173262 0.9999917336222136
632 -1 0 1 0.9999933817600851 0.9999917336222136
633 -1 0 1 0.9999933564028441 0.9999917336222136
634 3 1 -2 0.9999934324745673 0.9999917589792007
635 0 1 1 0.9999934324745673 0.9999917843361879
636 2 1 -1 0.9999934831890493 0.9999918096931749
637 0 0 0 0.9999934831890493 0.9999918096931749
638 2 1 -1 0.9999935339035315 0.999991835050162
639 0 1 1 0.9999935339035315 0.999991860407149
640 4 4 0 0.9999936353324956 0.9999919618350973
641 2 2 0 0.9999936860469778 0.9999920125490714
642 -1 0 1 0.9999936606897367 0.9999920125490714
643 1 2 1 0.9999936860469778 0.9999920632630456
644 2 2 0 0.9999937367614599 0.9999921139770198
645 2 1 -1 0.999993787475942 0.9999921393340069
646 1 2 1 0.999993812833183 0.999992190047981
647 6 2 -4 0.9999939649766294 0.9999922407619551
648 1 1 0 0.9999939903338704 0.9999922661189422
649 0 5 5 0.9999939903338704 0.9999923929038776
650 3 1 -2 0.9999940664055936 0.9999924182608647
651 1 2 1 0.9999940917628346 0.9999924689748388
652 5 4 -1 0.9999942185490399 0.9999925704027871
653 -1 1 2 0.9999941931917988 0.9999925957597742
654 3 1 -2 0.999994269263522 0.9999926211167612
655 -2 0 2 0.9999942185490399 0.9999926211167612
656 2 3 1 0.999994269263522 0.9999926971877225
657 4 3 -1 0.9999943706924862 0.9999927732586837
658 4 3 -1 0.9999944721214504 0.9999928493296449
659 3 2 -1 0.9999945481931736 0.9999929000436191
660 0 1 1 0.9999945481931736 0.9999929254006061
661 3 1 -2 0.9999946242648967 0.9999929507575932
662 1 2 1 0.9999946496221378 0.9999930014715673
663 2 3 1 0.9999947003366199 0.9999930775425286
664 1 1 0 0.9999947256938609 0.9999931028995157
665 1 1 0 0.999994751051102 0.9999931282565028
666 1 2 1 0.9999947764083431 0.9999931789704769
667 0 1 1 0.9999947764083431 0.999993204327464
668 2 2 0 0.9999948271228252 0.9999932550414381
669 9 6 -3 0.9999950553379946 0.9999934071833606
670 -1 1 2 0.9999950299807536 0.9999934325403477
671 -2 0 2 0.9999949792662715 0.9999934325403477
672 2 2 0 0.9999950299807536 0.9999934832543218
673 4 1 -3 0.9999951314097179 0.9999935086113089
674 -1 1 2 0.9999951060524768 0.9999935339682959
675 -2 1 3 0.9999950553379946 0.999993559325283
676 4 4 0 0.9999951567669588 0.9999936607532314
677 1 1 0 0.9999951821241999 0.9999936861102184
678 0 1 1 0.9999951821241999 0.9999937114672055
679 3 0 -3 0.999995258195923 0.9999937114672055
680 0 1 1 0.999995258195923 0.9999937368241926
681 0 1 1 0.999995258195923 0.9999937621811796
682 1 1 0 0.9999952835531641 0.9999937875381667
683 2 1 -1 0.9999953342676462 0.9999938128951538
684 0 0 0 0.9999953342676462 0.9999938128951538
685 -2 1 3 0.9999952835531641 0.9999938382521408
686 3 3 0 0.9999953596248873 0.999993914323102
687 1 3 2 0.9999953849821284 0.9999939903940633
688 2 2 0 0.9999954356966104 0.9999940411080375
689 2 2 0 0.9999954864110926 0.9999940918220116
690 2 2 0 0.9999955371255747 0.9999941425359857
691 2 0 -2 0.9999955878400568 0.9999941425359857
692 1 2 1 0.9999956131972978 0.9999941932499599
693 1 2 1 0.9999956385545389 0.999994243963934
694 -1 0 1 0.9999956131972978 0.999994243963934
695 0 0 0 0.9999956131972978 0.999994243963934
696 3 1 -2 0.9999956892690209 0.9999942693209212
697 2 2 0 0.9999957399835031 0.9999943200348953
698 -2 0 2 0.9999956892690209 0.9999943200348953
699 0 1 1 0.9999956892690209 0.9999943453918824
700 0 0 0 0.9999956892690209 0.9999943453918824
701 0 0 0 0.9999956892690209 0.9999943453918824
702 1 1 0 0.999995714626262 0.9999943707488694
703 3 2 -1 0.9999957906979852 0.9999944214628436
704 1 1 0 0.9999958160552262 0.9999944468198306
705 0 0 0 0.9999958160552262 0.9999944468198306
706 2 1 -1 0.9999958667697083 0.9999944721768177
707 -1 2 3 0.9999958414124673 0.9999945228907918
708 2 0 -2 0.9999958921269494 0.9999945228907918
709 0 1 1 0.9999958921269494 0.9999945482477789
710 1 1 0 0.9999959174841905 0.9999945736047661
711 2 1 -1 0.9999959681986725 0.9999945989617531
712 4 2 -2 0.9999960696276368 0.9999946496757273
713 -1 0 1 0.9999960442703957 0.9999946496757273
714 0 0 0 0.9999960442703957 0.9999946496757273
715 0 0 0 0.9999960442703957 0.9999946496757273
716 3 3 0 0.9999961203421189 0.9999947257466885
717 0 0 0 0.9999961203421189 0.9999947257466885
718 1 2 1 0.9999961456993599 0.9999947764606626
719 0 0 0 0.9999961456993599 0.9999947764606626
720 1 1 0 0.999996171056601 0.9999948018176497
721 1 2 1 0.9999961964138421 0.9999948525316238
722 1 1 0 0.999996221771083 0.999994877888611
723 1 1 0 0.9999962471283241 0.999994903245598
724 3 2 -1 0.9999963232000473 0.9999949539595722
725 -2 0 2 0.9999962724855652 0.9999949539595722
726 2 2 0 0.9999963232000473 0.9999950046735463
727 1 0 -1 0.9999963485572884 0.9999950046735463
728 1 1 0 0.9999963739145294 0.9999950300305334
729 3 1 -2 0.9999964499862526 0.9999950553875204
730 0 1 1 0.9999964499862526 0.9999950807445075
731 1 2 1 0.9999964753434937 0.9999951314584816
732 0 0 0 0.9999964753434937 0.9999951314584816
733 0 0 0 0.9999964753434937 0.9999951314584816
734 3 2 -1 0.9999965514152168 0.9999951821724559
735 -1 0 1 0.9999965260579757 0.9999951821724559
736 -1 0 1 0.9999965007007346 0.9999951821724559
737 1 0 -1 0.9999965260579757 0.9999951821724559
738 0 0 0 0.9999965260579757 0.9999951821724559
739 1 1 0 0.9999965514152168 0.9999952075294429
740 1 0 -1 0.9999965767724578 0.9999952075294429
741 1 1 0 0.9999966021296989 0.99999523288643
742 1 1 0 0.99999662748694 0.9999952582434171
743 0 1 1 0.99999662748694 0.9999952836004041
744 1 1 0 0.999996652844181 0.9999953089573912
745 0 0 0 0.999996652844181 0.9999953089573912
746 0 0 0 0.999996652844181 0.9999953089573912
747 1 0 -1 0.999996678201422 0.9999953089573912
748 2 2 0 0.9999967289159042 0.9999953596713653
749 0 0 0 0.9999967289159042 0.9999953596713653
750 2 1 -1 0.9999967796303862 0.9999953850283524
751 2 1 -1 0.9999968303448684 0.9999954103853395
752 -1 0 1 0.9999968049876273 0.9999954103853395
753 0 0 0 0.9999968049876273 0.9999954103853395
754 -2 0 2 0.9999967542731452 0.9999954103853395
755 1 0 -1 0.9999967796303862 0.9999954103853395
756 1 2 1 0.9999968049876273 0.9999954610993136
757 2 2 0 0.9999968557021094 0.9999955118132878
758 0 1 1 0.9999968557021094 0.9999955371702749
759 0 0 0 0.9999968557021094 0.9999955371702749
760 -1 1 2 0.9999968303448684 0.999995562527262
761 1 0 -1 0.9999968557021094 0.999995562527262
762 1 0 -1 0.9999968810593505 0.999995562527262
763 -1 0 1 0.9999968557021094 0.999995562527262
764 1 0 -1 0.9999968810593505 0.999995562527262
765 0 1 1 0.9999968810593505 0.999995587884249
766 -1 0 1 0.9999968557021094 0.999995587884249
767 1 0 -1 0.9999968810593505 0.999995587884249
768 1 1 0 0.9999969064165916 0.9999956132412361
769 2 0 -2 0.9999969571310736 0.9999956132412361
770 1 1 0 0.9999969824883147 0.9999956385982232
771 0 1 1 0.9999969824883147 0.9999956639552102
772 0 0 0 0.9999969824883147 0.9999956639552102
773 1 1 0 0.9999970078455558 0.9999956893121973
774 0 2 2 0.9999970078455558 0.9999957400261714
775 1 0 -1 0.9999970332027968 0.9999957400261714
776 0 0 0 0.9999970332027968 0.9999957400261714
777 1 1 0 0.9999970585600378 0.9999957653831585
778 0 0 0 0.9999970585600378 0.9999957653831585
779 1 0 -1 0.9999970839172789 0.9999957653831585
780 0 0 0 0.9999970839172789 0.9999957653831585
781 0 2 2 0.9999970839172789 0.9999958160971327
782 1 0 -1 0.9999971092745199 0.9999958160971327
783 1 1 0 0.999997134631761 0.9999958414541198
784 0 1 1 0.999997134631761 0.9999958668111069
785 0 0 0 0.999997134631761 0.9999958668111069
786 2 1 -1 0.9999971853462432 0.9999958921680939
787 0 1 1 0.9999971853462432 0.999995917525081
788 -1 1 2 0.9999971599890021 0.9999959428820681
789 1 1 0 0.9999971853462432 0.9999959682390551
790 2 0 -2 0.9999972360607252 0.9999959682390551
791 -1 0 1 0.9999972107034841 0.9999959682390551
792 1 0 -1 0.9999972360607252 0.9999959682390551
793 -1 0 1 0.9999972107034841 0.9999959682390551
794 1 0 -1 0.9999972360607252 0.9999959682390551
795 0 0 0 0.9999972360607252 0.9999959682390551
796 -1 0 1 0.9999972107034841 0.9999959682390551
797 3 2 -1 0.9999972867752073 0.9999960189530293
798 0 0 0 0.9999972867752073 0.9999960189530293
799 -3 0 3 0.9999972107034841 0.9999960189530293
800 3 1 -2 0.9999972867752073 0.9999960443100163
801 1 0 -1 0.9999973121324484 0.9999960443100163
802 -2 0 2 0.9999972614179663 0.9999960443100163
803 1 1 0 0.9999972867752073 0.9999960696670034
804 0 0 0 0.9999972867752073 0.9999960696670034
805 0 0 0 0.9999972867752073 0.9999960696670034
806 0 0 0 0.9999972867752073 0.9999960696670034
807 0 0 0 0.9999972867752073 0.9999960696670034
808 0 0 0 0.9999972867752073 0.9999960696670034
809 0 0 0 0.9999972867752073 0.9999960696670034
810 2 0 -2 0.9999973374896894 0.9999960696670034
811 2 0 -2 0.9999973882041715 0.9999960696670034
812 1 2 1 0.9999974135614126 0.9999961203809776
813 -2 0 2 0.9999973628469305 0.9999961203809776
814 2 2 0 0.9999974135614126 0.9999961710949518
815 0 0 0 0.9999974135614126 0.9999961710949518
816 1 1 0 0.9999974389186537 0.9999961964519388
817 1 1 0 0.9999974642758946 0.9999962218089259
818 2 0 -2 0.9999975149903768 0.9999962218089259
819 1 1 0 0.9999975403476179 0.999996247165913
820 0 0 0 0.9999975403476179 0.999996247165913
821 0 0 0 0.9999975403476179 0.999996247165913
822 0 0 0 0.9999975403476179 0.999996247165913
823 0 0 0 0.9999975403476179 0.999996247165913
824 0 0 0 0.9999975403476179 0.999996247165913
825 1 1 0 0.9999975657048589 0.9999962725229
826 0 1 1 0.9999975657048589 0.9999962978798871
827 0 0 0 0.9999975657048589 0.9999962978798871
828 0 0 0 0.9999975657048589 0.9999962978798871
829 0 0 0 0.9999975657048589 0.9999962978798871
830 1 0 -1 0.9999975910621 0.9999962978798871
831 2 2 0 0.999997641776582 0.9999963485938612
832 -1 0 1 0.999997616419341 0.9999963485938612
833 1 0 -1 0.999997641776582 0.9999963485938612
834 1 1 0 0.9999976671338231 0.9999963739508483
835 2 1 -1 0.9999977178483053 0.9999963993078353
836 -1 1 2 0.9999976924910642 0.9999964246648225
837 1 0 -1 0.9999977178483053 0.9999964246648225
838 0 0 0 0.9999977178483053 0.9999964246648225
839 1 1 0 0.9999977432055462 0.9999964500218096
840 3 3 0 0.9999978192772694 0.9999965260927708
841 1 1 0 0.9999978446345105 0.9999965514497579
842 0 1 1 0.9999978446345105 0.9999965768067449
843 0 0 0 0.9999978446345105 0.9999965768067449
844 1 1 0 0.9999978699917516 0.999996602163732
845 0 0 0 0.9999978699917516 0.999996602163732
846 1 1 0 0.9999978953489926 0.999996627520719
847 1 1 0 0.9999979207062336 0.9999966528777061
848 0 0 0 0.9999979207062336 0.9999966528777061
849 0 0 0 0.9999979207062336 0.9999966528777061
850 2 0 -2 0.9999979714207158 0.9999966528777061
851 1 1 0 0.9999979967779568 0.9999966782346932
852 0 0 0 0.9999979967779568 0.9999966782346932
853 0 0 0 0.9999979967779568 0.9999966782346932
854 0 0 0 0.9999979967779568 0.9999966782346932
855 0 0 0 0.9999979967779568 0.9999966782346932
856 3 2 -1 0.99999807284968 0.9999967289486673
857 -1 1 2 0.9999980474924389 0.9999967543056545
858 1 1 0 0.99999807284968 0.9999967796626416
859 0 0 0 0.99999807284968 0.9999967796626416
860 -1 2 3 0.9999980474924389 0.9999968303766157
861 0 0 0 0.9999980474924389 0.9999968303766157
862 1 0 -1 0.99999807284968 0.9999968303766157
863 0 0 0 0.99999807284968 0.9999968303766157
864 0 1 1 0.99999807284968 0.9999968557336028
865 2 1 -1 0.9999981235641621 0.9999968810905898
866 1 1 0 0.9999981489214032 0.9999969064475769
867 2 3 1 0.9999981996358852 0.9999969825185381
868 -1 0 1 0.9999981742786441 0.9999969825185381
869 0 0 0 0.9999981742786441 0.9999969825185381
870 1 2 1 0.9999981996358852 0.9999970332325122
871 4 2 -2 0.9999983010648494 0.9999970839464865
872 -1 0 1 0.9999982757076084 0.9999970839464865
873 0 0 0 0.9999982757076084 0.9999970839464865
874 -1 0 1 0.9999982503503674 0.9999970839464865
875 0 0 0 0.9999982503503674 0.9999970839464865
876 1 1 0 0.9999982757076084 0.9999971093034735
877 0 0 0 0.9999982757076084 0.9999971093034735
878 0 0 0 0.9999982757076084 0.9999971093034735
879 1 0 -1 0.9999983010648494 0.9999971093034735
880 0 0 0 0.9999983010648494 0.9999971093034735
881 -1 0 1 0.9999982757076084 0.9999971093034735
882 2 3 1 0.9999983264220905 0.9999971853744347
883 0 0 0 0.9999983264220905 0.9999971853744347
884 0 0 0 0.9999983264220905 0.9999971853744347
885 1 1 0 0.9999983517793315 0.9999972107314218
886 0 0 0 0.9999983517793315 0.9999972107314218
887 0 0 0 0.9999983517793315 0.9999972107314218
888 2 1 -1 0.9999984024938137 0.9999972360884088
889 0 0 0 0.9999984024938137 0.9999972360884088
890 0 2 2 0.9999984024938137 0.999997286802383
891 2 0 -2 0.9999984532082957 0.999997286802383
892 -1 0 1 0.9999984278510547 0.999997286802383
893 0 0 0 0.9999984278510547 0.999997286802383
894 0 1 1 0.9999984278510547 0.99999731215937
895 0 1 1 0.9999984278510547 0.9999973375163571
896 1 1 0 0.9999984532082957 0.9999973628733443
897 0 1 1 0.9999984532082957 0.9999973882303314
898 0 0 0 0.9999984532082957 0.9999973882303314
899 1 1 0 0.9999984785655368 0.9999974135873184
900 0 0 0 0.9999984785655368 0.9999974135873184
901 1 1 0 0.9999985039227779 0.9999974389443055
902 1 1 0 0.999998529280019 0.9999974643012925
903 0 0 0 0.999998529280019 0.9999974643012925
904 0 0 0 0.999998529280019 0.9999974643012925
905 2 2 0 0.999998579994501 0.9999975150152667
906 0 1 1 0.999998579994501 0.9999975403722537
907 1 2 1 0.9999986053517421 0.9999975910862279
908 0 0 0 0.9999986053517421 0.9999975910862279
909 0 0 0 0.9999986053517421 0.9999975910862279
910 0 1 1 0.9999986053517421 0.9999976164432149
911 0 0 0 0.9999986053517421 0.9999976164432149
912 0 0 0 0.9999986053517421 0.9999976164432149
913 0 0 0 0.9999986053517421 0.9999976164432149
914 0 0 0 0.9999986053517421 0.9999976164432149
915 1 1 0 0.9999986307089831 0.999997641800202
916 2 2 0 0.9999986814234653 0.9999976925141763
917 2 2 0 0.9999987321379473 0.9999977432281504
918 1 1 0 0.9999987574951884 0.9999977685851374
919 1 1 0 0.9999987828524295 0.9999977939421245
920 0 0 0 0.9999987828524295 0.9999977939421245
921 0 0 0 0.9999987828524295 0.9999977939421245
922 3 1 -2 0.9999988589241526 0.9999978192991116
923 0 0 0 0.9999988589241526 0.9999978192991116
924 1 0 -1 0.9999988842813937 0.9999978192991116
925 -1 0 1 0.9999988589241526 0.9999978192991116
926 0 1 1 0.9999988589241526 0.9999978446560986
927 0 0 0 0.9999988589241526 0.9999978446560986
928 -1 0 1 0.9999988335669115 0.9999978446560986
929 1 1 0 0.9999988589241526 0.9999978700130857
930 0 0 0 0.9999988589241526 0.9999978700130857
931 0 0 0 0.9999988589241526 0.9999978700130857
932 1 1 0 0.9999988842813937 0.9999978953700728
933 1 1 0 0.9999989096386347 0.9999979207270598
934 0 0 0 0.9999989096386347 0.9999979207270598
935 1 1 0 0.9999989349958758 0.9999979460840469
936 0 0 0 0.9999989349958758 0.9999979460840469
937 0 0 0 0.9999989349958758 0.9999979460840469
938 0 0 0 0.9999989349958758 0.9999979460840469
939 0 0 0 0.9999989349958758 0.9999979460840469
940 0 0 0 0.9999989349958758 0.9999979460840469
941 1 1 0 0.9999989603531169 0.999997971441034
942 0 0 0 0.9999989603531169 0.999997971441034
943 0 0 0 0.9999989603531169 0.999997971441034
944 2 1 -1 0.9999990110675989 0.9999979967980211
945 0 0 0 0.9999990110675989 0.9999979967980211
946 0 0 0 0.9999990110675989 0.9999979967980211
947 0 0 0 0.9999990110675989 0.9999979967980211
948 0 0 0 0.9999990110675989 0.9999979967980211
949 0 0 0 0.9999990110675989 0.9999979967980211
950 1 1 0 0.99999903642484 0.9999980221550082
951 0 0 0 0.99999903642484 0.9999980221550082
952 0 0 0 0.99999903642484 0.9999980221550082
953 1 0 -1 0.9999990617820811 0.9999980221550082
954 1 1 0 0.9999990871393221 0.9999980475119953
955 0 2 2 0.9999990871393221 0.9999980982259694
956 0 0 0 0.9999990871393221 0.9999980982259694
957 1 1 0 0.9999991124965631 0.9999981235829565
958 1 1 0 0.9999991378538042 0.9999981489399435
959 0 1 1 0.9999991378538042 0.9999981742969306
960 0 0 0 0.9999991378538042 0.9999981742969306
961 0 0 0 0.9999991378538042 0.9999981742969306
962 0 0 0 0.9999991378538042 0.9999981742969306
963 0 0 0 0.9999991378538042 0.9999981742969306
964 0 0 0 0.9999991378538042 0.9999981742969306
965 0 0 0 0.9999991378538042 0.9999981742969306
966 1 1 0 0.9999991632110452 0.9999981996539177
967 2 1 -1 0.9999992139255274 0.9999982250109047
968 1 1 0 0.9999992392827685 0.9999982503678918
969 -1 0 1 0.9999992139255274 0.9999982503678918
970 0 0 0 0.9999992139255274 0.9999982503678918
971 0 0 0 0.9999992139255274 0.9999982503678918
972 1 1 0 0.9999992392827685 0.9999982757248789
973 0 0 0 0.9999992392827685 0.9999982757248789
974 0 0 0 0.9999992392827685 0.9999982757248789
975 0 0 0 0.9999992392827685 0.9999982757248789
976 0 0 0 0.9999992392827685 0.9999982757248789
977 1 0 -1 0.9999992646400094 0.9999982757248789
978 1 1 0 0.9999992899972505 0.999998301081866
979 0 0 0 0.9999992899972505 0.999998301081866
980 -1 0 1 0.9999992646400094 0.999998301081866
981 0 0 0 0.9999992646400094 0.999998301081866
982 0 0 0 0.9999992646400094 0.999998301081866
983 1 1 0 0.9999992899972505 0.9999983264388531
984 0 0 0 0.9999992899972505 0.9999983264388531
985 0 0 0 0.9999992899972505 0.9999983264388531
986 1 1 0 0.9999993153544916 0.9999983517958402
987 0 0 0 0.9999993153544916 0.9999983517958402
988 0 0 0 0.9999993153544916 0.9999983517958402
989 0 0 0 0.9999993153544916 0.9999983517958402
990 0 0 0 0.9999993153544916 0.9999983517958402
991 0 0 0 0.9999993153544916 0.9999983517958402
992 0 0 0 0.9999993153544916 0.9999983517958402
993 1 0 -1 0.9999993407117326 0.9999983517958402
994 0 0 0 0.9999993407117326 0.9999983517958402
995 1 0 -1 0.9999993660689737 0.9999983517958402
996 0 0 0 0.9999993660689737 0.9999983517958402
997 0 0 0 0.9999993660689737 0.9999983517958402
998 0 1 1 0.9999993660689737 0.9999983771528272
999 25 0 -25 1.0 0.9999983771528272
1002 0 1 1 1.0 0.9999984025098143
1005 0 1 1 1.0 0.9999984278668014
1051 0 1 1 1.0 0.9999984532237884
1062 0 1 1 1.0 0.9999984785807755
1082 0 1 1 1.0 0.9999985039377626
1089 0 1 1 1.0 0.9999985292947496
1120 0 1 1 1.0 0.9999985546517367
1124 0 1 1 1.0 0.9999985800087238
1136 0 1 1 1.0 0.999998605365711
1143 0 1 1 1.0 0.999998630722698
1155 0 1 1 1.0 0.9999986560796851
1170 0 1 1 1.0 0.9999986814366721
1218 0 1 1 1.0 0.9999987067936592
1272 0 1 1 1.0 0.9999987321506463
1279 0 1 1 1.0 0.9999987575076333
1308 0 2 2 1.0 0.9999988082216075
1311 0 1 1 1.0 0.9999988335785945
1331 0 1 1 1.0 0.9999988589355816
1385 0 1 1 1.0 0.9999988842925687
1387 0 1 1 1.0 0.9999989096495557
1436 0 1 1 1.0 0.9999989350065429
1445 0 1 1 1.0 0.99999896036353
1610 0 1 1 1.0 0.999998985720517
1672 0 1 1 1.0 0.9999990110775041
1714 0 1 1 1.0 0.9999990364344912
2104 0 1 1 1.0 0.9999990617914782
3545 0 1 1 1.0 0.9999990871484653
4374 0 1 1 1.0 0.9999991125054524
4557 0 1 1 1.0 0.9999991378624394
5519 0 1 1 1.0 0.9999991632194265
10950 0 1 1 1.0 0.9999991885764136
10951 0 1 1 1.0 0.9999992139334006
12390 0 1 1 1.0 0.9999992392903878
12391 0 1 1 1.0 0.9999992646473749
13830 0 1 1 1.0 0.9999992900043619
13831 0 1 1 1.0 0.999999315361349
14971 0 1 1 1.0 0.9999993407183361
15270 0 2 2 1.0 0.9999993914323102
16710 0 1 1 1.0 0.9999994167892973
16711 0 1 1 1.0 0.9999994421462843
18150 0 2 2 1.0 0.9999994928602585
19590 0 2 2 1.0 0.9999995435742327
21030 0 2 2 1.0 0.9999995942882068
22470 0 1 1 1.0 0.9999996196451939
22471 0 1 1 1.0 0.999999645002181
23911 0 2 2 1.0 0.9999996957161551
25351 0 2 2 1.0 0.9999997464301292
26791 0 2 2 1.0 0.9999997971441034
28231 0 1 1 1.0 0.9999998225010904
28232 0 1 1 1.0 0.9999998478580776
29670 0 2 2 1.0 0.9999998985720517
31110 0 2 2 1.0 0.9999999492860259
32550 0 1 1 1.0 0.9999999746430129
32551 0 1 1 1.0 1.0
